<?xml version="1.0" encoding="UTF-8"?>
<robot generator="Robot 3.2.1 (Python 3.8.2 on win32)" generated="20200725 12:02:31.768" rpa="false">
<suite id="s1" name="Receber-Pedidos" source="C:\qaninja\roboweek\ninjachef\web\tests\receber-pedidos.robot">
<test id="s1-t1" name="Receber novo pedido">
<kw name="Open Session" library="base" type="setup">
<kw name="Open Browser" library="SeleniumLibrary">
<doc>Opens a new browser instance to the optional ``url``.</doc>
<arguments>
<arg>about:blank</arg>
<arg>chrome</arg>
</arguments>
<msg timestamp="20200725 12:02:32.136" level="INFO">Opening browser 'chrome' to base url 'about:blank'.</msg>
<status status="PASS" starttime="20200725 12:02:32.135" endtime="20200725 12:02:36.385"></status>
</kw>
<status status="PASS" starttime="20200725 12:02:32.135" endtime="20200725 12:02:36.386"></status>
</kw>
<kw name="Dado que &quot;eduguedes@gmail.com&quot; é a minha conta de cozinheiro">
<kw name="Set Test Variable" library="BuiltIn">
<doc>Makes a variable available everywhere within the scope of the current test.</doc>
<arguments>
<arg>${email_cozinheiro}</arg>
</arguments>
<msg timestamp="20200725 12:02:36.387" level="INFO">${email_cozinheiro} = eduguedes@gmail.com</msg>
<status status="PASS" starttime="20200725 12:02:36.387" endtime="20200725 12:02:36.387"></status>
</kw>
<kw name="Create Dictionary" library="BuiltIn">
<doc>Creates and returns a dictionary based on the given ``items``.</doc>
<arguments>
<arg>Content-Type=application/json</arg>
</arguments>
<assign>
<var>&amp;{headers}</var>
</assign>
<msg timestamp="20200725 12:02:36.388" level="INFO">&amp;{headers} = { Content-Type=application/json }</msg>
<status status="PASS" starttime="20200725 12:02:36.387" endtime="20200725 12:02:36.388"></status>
</kw>
<kw name="Create Dictionary" library="BuiltIn">
<doc>Creates and returns a dictionary based on the given ``items``.</doc>
<arguments>
<arg>email=${email_cozinheiro}</arg>
</arguments>
<assign>
<var>&amp;{payload}</var>
</assign>
<msg timestamp="20200725 12:02:36.388" level="INFO">&amp;{payload} = { email=eduguedes@gmail.com }</msg>
<status status="PASS" starttime="20200725 12:02:36.388" endtime="20200725 12:02:36.388"></status>
</kw>
<kw name="Create Session" library="RequestsLibrary">
<doc>Create Session: create a HTTP session to a server</doc>
<arguments>
<arg>api</arg>
<arg>http://ninjachef-api-qaninja-io.umbler.net</arg>
</arguments>
<msg timestamp="20200725 12:02:36.389" level="INFO">Creating Session using : alias=api, url=http://ninjachef-api-qaninja-io.umbler.net, headers={},                     cookies={}, auth=None, timeout=None, proxies=None, verify=False,                     debug=0 </msg>
<status status="PASS" starttime="20200725 12:02:36.389" endtime="20200725 12:02:36.389"></status>
</kw>
<kw name="Post Request" library="RequestsLibrary">
<doc>Send a POST request on the session object found using the
given `alias`</doc>
<arguments>
<arg>api</arg>
<arg>/sessions</arg>
<arg>data=${payload}</arg>
<arg>headers=${headers}</arg>
</arguments>
<assign>
<var>${resp}</var>
</assign>
<msg timestamp="20200725 12:02:36.390" level="INFO">POST Request using : uri=/sessions, params=None, files=None, allow_redirects=True, timeout=None
headers={'User-Agent': 'python-requests/2.23.0', 'Accept-Encoding': 'gzip, deflate', 'Accept': '*/*', 'Connection': 'keep-alive', 'Content-Type': 'application/json'} 
data={"email": "eduguedes@gmail.com"} 
json=None</msg>
<msg timestamp="20200725 12:02:36.832" level="INFO">${resp} = &lt;Response [200]&gt;</msg>
<status status="PASS" starttime="20200725 12:02:36.389" endtime="20200725 12:02:36.832"></status>
</kw>
<kw name="Status Should Be" library="RequestsLibrary">
<doc>Fails if response status code is different than the expected.</doc>
<arguments>
<arg>200</arg>
<arg>${resp}</arg>
</arguments>
<status status="PASS" starttime="20200725 12:02:36.832" endtime="20200725 12:02:36.832"></status>
</kw>
<kw name="Log To Console" library="BuiltIn">
<doc>Logs the given message to the console.</doc>
<arguments>
<arg>${resp.text}</arg>
</arguments>
<status status="PASS" starttime="20200725 12:02:36.832" endtime="20200725 12:02:36.833"></status>
</kw>
<kw name="Log To Console" library="BuiltIn">
<doc>Logs the given message to the console.</doc>
<arguments>
<arg>${resp.json()['_id']}</arg>
</arguments>
<status status="PASS" starttime="20200725 12:02:36.833" endtime="20200725 12:02:36.834"></status>
</kw>
<kw name="Convert To String" library="BuiltIn">
<doc>Converts the given item to a Unicode string.</doc>
<arguments>
<arg>${resp.json()['_id']}</arg>
</arguments>
<assign>
<var>${token_cozinheiro}</var>
</assign>
<msg timestamp="20200725 12:02:36.835" level="INFO">${token_cozinheiro} = 5f1744fc42f1f60016038846</msg>
<status status="PASS" starttime="20200725 12:02:36.834" endtime="20200725 12:02:36.835"></status>
</kw>
<kw name="Set Test Variable" library="BuiltIn">
<doc>Makes a variable available everywhere within the scope of the current test.</doc>
<arguments>
<arg>${token_cozinheiro}</arg>
</arguments>
<msg timestamp="20200725 12:02:36.835" level="INFO">${token_cozinheiro} = 5f1744fc42f1f60016038846</msg>
<status status="PASS" starttime="20200725 12:02:36.835" endtime="20200725 12:02:36.835"></status>
</kw>
<status status="PASS" starttime="20200725 12:02:36.387" endtime="20200725 12:02:36.835"></status>
</kw>
<kw name="E &quot;fernando@bol.com.br&quot; é o e-mail do meu cliente">
<kw name="Set Test Variable" library="BuiltIn">
<doc>Makes a variable available everywhere within the scope of the current test.</doc>
<arguments>
<arg>${email_cliente}</arg>
</arguments>
<msg timestamp="20200725 12:02:36.837" level="INFO">${email_cliente} = fernando@bol.com.br</msg>
<status status="PASS" starttime="20200725 12:02:36.836" endtime="20200725 12:02:36.837"></status>
</kw>
<status status="PASS" starttime="20200725 12:02:36.836" endtime="20200725 12:02:36.837"></status>
</kw>
<kw name="E que &quot;Hamburguer 3&quot; do tipo &quot;Carne&quot; está cadastrado no meu dashboard">
<kw name="Set Test Variable" library="BuiltIn">
<doc>Makes a variable available everywhere within the scope of the current test.</doc>
<arguments>
<arg>${produto}</arg>
</arguments>
<msg timestamp="20200725 12:02:36.838" level="INFO">${produto} = Hamburguer 3</msg>
<status status="PASS" starttime="20200725 12:02:36.838" endtime="20200725 12:02:36.838"></status>
</kw>
<kw name="Create Dictionary" library="BuiltIn">
<doc>Creates and returns a dictionary based on the given ``items``.</doc>
<arguments>
<arg>name=${produto}</arg>
<arg>plate=${tipo}</arg>
<arg>price=8.00</arg>
</arguments>
<assign>
<var>&amp;{payload}</var>
</assign>
<msg timestamp="20200725 12:02:36.839" level="INFO">&amp;{payload} = { name=Hamburguer 3 | plate=Carne | price=8.00 }</msg>
<status status="PASS" starttime="20200725 12:02:36.838" endtime="20200725 12:02:36.839"></status>
</kw>
<kw name="Get Binary File" library="OperatingSystem">
<doc>Returns the contents of a specified file.</doc>
<arguments>
<arg>${EXECDIR}/../resources/images/hamburguer.jpg</arg>
</arguments>
<assign>
<var>${image_file}</var>
</assign>
<msg timestamp="20200725 12:02:36.839" level="INFO" html="yes">Getting file '&lt;a href="file://C:\qaninja\roboweek\ninjachef\web\resources\images\hamburguer.jpg"&gt;C:\qaninja\roboweek\ninjachef\web\resources\images\hamburguer.jpg&lt;/a&gt;'.</msg>
<msg timestamp="20200725 12:02:36.919" level="INFO">${image_file} = \xff\xd8\xff\xe0JFIF\xff\xdbC


\xff\xdbC		\xff\xc2#@"...</msg>
<status status="PASS" starttime="20200725 12:02:36.839" endtime="20200725 12:02:36.919"></status>
</kw>
<kw name="Create Dictionary" library="BuiltIn">
<doc>Creates and returns a dictionary based on the given ``items``.</doc>
<arguments>
<arg>thumbnail=${image_file}</arg>
</arguments>
<assign>
<var>&amp;{files}</var>
</assign>
<msg timestamp="20200725 12:02:36.992" level="INFO">&amp;{files} = { thumbnail=\xff\xd8\xff\xe0JFIF\xff\xdbC


\xff\xdbC		\xff\x...</msg>
<status status="PASS" starttime="20200725 12:02:36.919" endtime="20200725 12:02:36.992"></status>
</kw>
<kw name="Create Dictionary" library="BuiltIn">
<doc>Creates and returns a dictionary based on the given ``items``.</doc>
<arguments>
<arg>user_id=${token_cozinheiro}</arg>
</arguments>
<assign>
<var>&amp;{headers}</var>
</assign>
<msg timestamp="20200725 12:02:36.993" level="INFO">&amp;{headers} = { user_id=5f1744fc42f1f60016038846 }</msg>
<status status="PASS" starttime="20200725 12:02:36.992" endtime="20200725 12:02:36.993"></status>
</kw>
<kw name="Create Session" library="RequestsLibrary">
<doc>Create Session: create a HTTP session to a server</doc>
<arguments>
<arg>api</arg>
<arg>http://ninjachef-api-qaninja-io.umbler.net</arg>
</arguments>
<msg timestamp="20200725 12:02:36.994" level="INFO">Creating Session using : alias=api, url=http://ninjachef-api-qaninja-io.umbler.net, headers={},                     cookies={}, auth=None, timeout=None, proxies=None, verify=False,                     debug=0 </msg>
<status status="PASS" starttime="20200725 12:02:36.993" endtime="20200725 12:02:36.994"></status>
</kw>
<kw name="Post Request" library="RequestsLibrary">
<doc>Send a POST request on the session object found using the
given `alias`</doc>
<arguments>
<arg>api</arg>
<arg>/products</arg>
<arg>files=${files}</arg>
<arg>data=${payload}</arg>
<arg>headers=${headers}</arg>
</arguments>
<assign>
<var>${resp}</var>
</assign>
<msg timestamp="20200725 12:02:37.002" level="INFO">POST Request using : uri=/products, params=None, files={'thumbnail': b'\xff\xd8\xff\xe0\x00\x10JFIF\x00\x01\x01\x00\x00\x01\x00\x01\x00\x00\xff\xdb\x00C\x00\x03\x02\x02\x03\x02\x02\x03\x03\x03\x03\x04\x03\x03\x04\x05\x08\x05\x05\x04\x04\x05\n\x07\x07\x06\x08\x0c\n\x0c\x0c\x0b\n\x0b\x0b\r\x0e\x12\x10\r\x0e\x11\x0e\x0b\x0b\x10\x16\x10\x11\x13\x14\x15\x15\x15\x0c\x0f\x17\x18\x16\x14\x18\x12\x14\x15\x14\xff\xdb\x00C\x01\x03\x04\x04\x05\x04\x05\t\x05\x05\t\x14\r\x0b\r\x14\x14\x14\x14\x14\x14\x14\x14\x14\x14\x14\x14\x14\x14\x14\x14\x14\x14\x14\x14\x14\x14\x14\x14\x14\x14\x14\x14\x14\x14\x14\x14\x14\x14\x14\x14\x14\x14\x14\x14\x14\x14\x14\x14\x14\x14\x14\x14\x14\x14\xff\xc2\x00\x11\x08\x04#\x06@\x03\x01"\x00\x02\x11\x01\x03\x11\x01\xff\xc4\x00\x1d\x00\x00\x01\x05\x01\x01\x01\x01\x00\x00\x00\x00\x00\x00\x00\x00\x00\x03\x00\x01\x02\x04\x05\x06\x07\x08\t\xff\xc4\x00\x1b\x01\x00\x03\x01\x01\x01\x01\x01\x00\x00\x00\x00\x00\x00\x00\x00\x00\x00\x01\x02\x03\x04\x05\x06\x07\xff\xda\x00\x0c\x03\x01\x00\x02\x10\x03\x10\x00\x00\x01\xc9\xdc\xe7\xae|G\x9b\xa6!]\xfaM)\xc6\xf8\xfd0\x16$T\xd8\xb2,\xd0\xa6Y\xcd\x0cvB\xe6\x95\r\n\x16\xb1y.\xe3\x98\xba\xf3\xecN\xa7\x9a{\x892ZO[\x1fQ\x1a\xc4\x11T\xd2\xc1\xe8y\xf6U\x84\xd9\x82y\xbb\x96w\x92\xa6wp\x84g\x06DD\x1bpi0\xe5`\x07A\xa7\t""(\xa5&amp;v\x07I1;:O&amp;,\xa6\x94\xe5(\x08\xcc\xdc\'"\x02\x9b\xceS\x15\x89,\xb6GfQ%9\xaa\x1b\x14z8&lt;c\xa34\xab3-\xb5(\x05\xd6\xa3 \xb8\xf5\n\x13\x13WjU\xc5M\x97\xa3A\x82\xf4jLE\x8b\xcd\x83\x91\x8a*\xe5\xb4p\xa6[\xa7\x0c\xe9j\x95,y\xec\x91\x18p\xdf\xae\x8c{&amp;f\xcdv\x8d\xf9v\x89\x12H\xa0H 5\xaeV\xa7X\xb0{V\xd5vPF\x03\x0f[g\x9c\xd6Q\xb7X`\x99\xcd\xc5\xd3\xc6\xbdab\x8d\xb5[W\xf3\xef\xc0s\x00\xf1DL\xea\xab\x8a\xd4B\xa5\xa5qP\xba\x8c\x8d\xd5\xa6\xd5\xe8\xda\x1c\xa3:\xb34\xa9\x9e\x9a\x88\xb8\xde\xf3a\xcc\x17\x9d\x1c-\\:\xd3K[\x1bc=w6\xf16\xb0.\xd9\xa9e\x96(^\xa0*\x15n\xc7X\xa1f\xdd\xdd2\xc8\x17A\x16s`\xeaF\xab\x93\xaf\xd7T\x0eR\x97cL8L^\xf70\xd3\x80\xde%\xf5\xa5\xf5lY_)\xe6\xbe\x97\xe6\xba\xc7=\t\xc3\xa3\x08\xa4\xe5\xbc\xa2\xf2\xdd\x9d\x8a\x8b&lt;I\x99\x80z\x8d^\xa3\x96\xe9\xe2\xba[\xd9\xda8k\'e.C\x98\x86\xf6\xf24&gt;c\xc8\xde\xd2\xc8\xd3\xfa\x9b4\x19iN\xec\xf5\x130\x8a\x82\x90e\x9b\x90\xc9\x1a(gk\xd0\xd3,\xac.\x9b#Y\xf3\xdeW\xbe\xe4+|&amp; \xb2\xe9\x96\x9e^\x9aZ\xe4\x1c\xc0\x1c\xf7A\xcf9\xac\xc9\xd8\x92\x90&lt;\x99\xd3I0F\x0f\x0b"9B\x92L\xf3R8\x0c\x83\xc9\xa4\x88\x08\xa2\x912@\x92@\xec\x98\x08Z\xe4Sh\xd5\xcf\x94\xa6$X\xa626[\x03\xb0\xa9\xc8\xee\x0f(\r\x96\x95(\xb7v\x14\xe3E\xb8S\x1b/B\x88\xd9~\x14X.\x96\x85\x80\xb7b\xa5\xd4\xda\xb5\xfa\xc1\x9fON\x9bU\x8b;@\x0b\x16\xee%\x9cm;2\xb2\xackXk&amp;\xc6\xbd\x94\xb1\xack\x9d,\x83k\x91,\x99\xea\xb8\xb1\xe8t\x19\xa3\xc1\xad\xa1N\xe8wi\xdb\x9b\xbb0\xc9\x06\x8cR\x15s\x85\x94\xc5:Z#B\x90\xeanK4\xea\xb6\xf5\xf0\xb6f4\x878\xc4\xe4\xe3\xede^\xb4\xee\x0e\xdaz\x1a\x15tsH\x89MJCuN\xf0\x9a\x1e\xedM\x05z:\x94v\xf3\xabwi\xd855\x13\xd2\x18C4eXGW\x8dZ\xfa \xb8\xc3\xc7\xe8\xb2]\xcbo;_-\xb55r\xf4\xb3.\xda\xa5hV\xe9Y\xa8\x15\xd4\xa5\xaeO\xa3OGl]\x15\xc0\x0cw\n\xb4\xf5*\xa7B\xae\xadg&lt;\xfe~\xf5)\xd7\x8a\x9d\xc1\xadoU\xd2\xa3\x9e\x9c\x7f\x9a\xfaw\x99\xeb&lt;\xdce\x0e\x8c"\xec\x8a\x93\xb4\xa6\x93;\x14\xd0\x94I\x91\x82j\x8dN\x9f\x97\xea!\xf4ZY\xdaXj\x9dE49\r5\xd0b\xf68y\x14\x89h\x1e\x83\x89cbn3\x94\xc1\x11\x9cE L\xaaq"UV\x9e\x8dM1\xce\xce\xd7\xa7\xa4r\x1cg\xa2\xf2z\xd7\x05\x9f\xd1a\xc7Xu35"\xf5\xa6\x9cUy\xee\x8b\x9e\xa8\xa8\x99\x9dNc\x9a$\xed$4I\x06\n3\x1d\x90\x84\xa1i&lt;^*G\xaeyvJ;\x12\x08\x17\xe3%5q\n\x9b]\x18\xeaD\xf0hE\x8c\x82\xc1BHEQJZbz\xabv\xb3M&amp;\x84\xa9!\xda\raYb\x15\x952\xc6\x12\x08\xb1\xa6\x8a\xcfp\x81H\x97\xe6*V,\xcc\x03j\x07M\x04\xd0\x1dJ\x97\xeb5\x1b\xc2\xd3H\x9a3\xd3\xcdT\xb1p\xe4U\xb1h\xe4\xd7%\x92\xb9\xaaK\x12\x00\xb9\x99!\xc4\x82`2\xb4\xf1\xca\xca\xa3j\x9d\xe8\xd6jY\x9b\xb6\xa2\xc9\x91\xe0D \xdeI\xe2g\xf44\xe9\xf3\xa3\xda\xafK;Bzr\xc9\xb4=\xb8\x88\xcbX\xeb&gt;3\x13\xb7\xe7\xabN~\xd1\xac\xd1b\xf8l\xc4\xc0s\n\xb9\xa1\xbas\x98\n\x9d\x8d,\xddY\xbdm\xbc\x9d\x9c\xea\xeb\xcd\'^\x9d\xca\x85Td*\xceG\xac{\xc4\xa00\xda\xcf\xc9\xd9\xca.Zy\xfa9\xed\xa1\xa1B\xf6ub\xd5K\x02\xb9X\xc0\x01\x14F\xd3\x13hR\xbf\xbe$t\xeeY\xdd\xc7\n\xb7*\xa0\x00\xb4\x06\xb2\xa8\xe8\xd2Zr\xe2\xb29\xda\xf5-\ny_\x1d\xe6~\xa5\xe5\xdb\x9c\xc0\xc8.\x8evI\r\xe5\x19M\xbaHq\x84\xa2)\x14&amp;\xa8\xd4\xea9~\xa2_G\xa5\x9d\xa5\xcf\xa3FBT\xd0P\x1fM\xbcm\x0e\xcf\x02\x9ctZ\x9d\x19\\\x86[\xd4\x85\x9a\xf1qiA\x93%R\x8a\xe4\xc2H\xd65\xce\n\x8a\x95-\xd6\xd3&lt;\x9es\xac\xc8\xd1y\xef3\xe8\x1c\xa5k\xcei\xd3\xd1\xcf\xa7Q\xe4Tg\xe0t\xf8u9\rf\r\x8aD$\x831\xac\x0e\x90\xb4k3&lt;\x16\xea\xda\x10\xc8=\x04\x99C{5\xac\'z\xed;\xd9\x87\x8c\xd4\x81b\xc4`\r\xa0\n\xbc\r\x00\x04\xa6\x81\x8a"\x88\x8e\xe5@\x9a\xd3\'Y\xac\x8cQ\x93\x98+\xbd\xc2\xd2\xcf&amp;\x89Y\x98MB#0\xba\xa7FI\xb6\x0eN3\xee\xc0X\xb1\xd5\xae\xeb6Sb\xc5\x02A\xb0\x82\xc8\x00\xda\xd9\x9a\xd3;:\x99\xbay\xe7`\xa2\x93\x8b\x04\xa6\x82\xfb\xe6\xc1\xadX\xe3\x8e\x8d\xa1\xe2\x89\xce\xd01\x82=&lt;\xba\xf4]H\x15\x99\xe9j\xddm,\xf4\x91\xadZ\xc6\xaaZ\xbfg-(\xadV\x9a\xc2\xa9\xbbL\xac!kJ\x8c\xbb\xc6\xb3*z\xd4\xae\x19\xea\xca\xbc\x96tq\xf5\xe8\x1af\xda5\xe7A\x95\xc9VY5v\xaa\xd1\x93\x1b\xb5\x9b\tDVZ\xd7\xca\xda\x8a\xd7\xd9\xcb\xd7\xca\xad\xc9H*\xd1\xbf\x9e\xcaqB\xa9\xb5b\x95\xda\xc8\xd1$\x1c\xe7\xe3\xea\xe3\x96k\xf9\xd72\xe8\xd6\xb9\x9b~\x1d\xb3W*V\x80\x80\x05\xb3B\xe6\x99^\xbbF\xfe\xf8\x12M*\x94\xed!\xc6\xa5\xca\x80 \x1c)fS\xbbD\xd3\x9a\x83\x0ev\xd8\xa7f\xbew\xc9\xf9o\xa9\xf9v\xc7("\x8b\xa7\x06I\x87)FSN\xc9\x0e1\x94E"\x84\xb5\x1a\x9dO-\xd4\xa7\xd2\xe8\xe7\xe9sh!\x14\n\xa0\xcd\x16{\x0c\x81?_\xe5\xcf0\x1e5\x88l\xd7\xcbz\xd5,\xd3\xe7\xe8PHq(\xe6M\xa2\x00\x93mV\xc5\x01\x880j\x88\xd3\xbd\x1b\\\xbf-\xe8|\xbd\xbf?5\xe0OM\xfb\x10&lt;\x94\xb1w\xf1\xa8\xc8\x8d\xc6n\xa9l\x95\x03\xb2\xe6\x97^\x8e\x96}\x99\x94\xeeT\xb4\x11\x94z(\xb3\xb2n`\x1e]\xeb\xb9\xf6\xb3w\xda\xbcQb A1\xbc\x80Od\xf1t_IMe\x92\xe3\xe9\x90\x0f#"\ri\x93\xa9\x0b\x8c*\xf6,[&amp;\xbd\xad\x0bD\xe6\x1fH\xearK\xa7!P5\xe25T\xb7f*@\xd5\xaa\x19463\x0b\xc8\x81\x83Z\n2\x8a\xa1\x82\xcdv\x1bK&amp;\xc2]\x15\xeef\xcc\xe7\xd0\xb7?\x07=\x00\xf9\xe13\xa1\x17&lt;\x1a]\x08\xb9\xf1Q\xd0\x0f\x02.w\x05\x8d\x16\xf5C\x9eeg\xd0\xad\xb9\x86\xc5\xd6Z\x9c\xbb=\xab\x17\xf0\xbav.\n*\x02%`\xa7F\xc5;\x00\xf1\x9d&amp;\xb6\x1b\xaa\xa2h\x16U\x880\x145w\x8b\xa3h\xe7]\x9a\xb8j\xf6\x89\x88.\xc5\xac\xca\x9a\xf5\xadc\xb6\x80\xeekj\xe7\xd8gG\xa9\xcejg{r\xa0\xeaMEQ\xb9UA\x9dk^\xcf0K\xcf\xaa\x879\x01jgP\xa2i\xd3]\xe5\xf42\xdf\xab\xbf\xcc\\\x83\xa4&amp;\tQ\xb8,\xc1#^\xfe\x06\xad\xe3\xb3{*\xff\x00F7$\t\xd4\x16B\x98\xde\x9d\xaa\x88\x18H&amp;\xb3s\xef\xe6\xad9\x80\xb8V\xdb\x83R\xcfNS\xcb\xbdW\xcbu\\xL\x1e\xac\x12L\x89J2V\xec\xe98Fqi\xca"\xb8\xd2\xea\xb9N\xb2_M\xa5\x9b\xa5\xcf\xa0k\xd9\x02\xa04\x99\x9e\xb0\xf1\x7fg\xe4\xc8p\x165 \xde9tV\xa9r\xaf7PT\xa34\xd2i\x12R\x8a\xc2\xa8S\xd1\xaa\xaf&amp;\x16\x01q"\xc2\xd0\xa8s}w=O\xcf\xf3w\xb0\xabm\x02\x02i\xb6V\x9e;u\x90\xa6Q\xa6\x04\x8b\n\xa8\xd8jO^\x80\xd5={P\x84\xa1s\x14\x92\xa4a\x1a]\x9b \xb9\x9bR\xb5a\x14\x89\xa0Tg\x97D\x88\xa5b\xf5\x8cv\xcd}U\x15\x86=J\xfba\x9e\x8d\x0bSu)!75\x13\xd0\x06\x9a\xce\xc5\xb9\xda"\xb9O\'5\xd1\xe2(\xcdLD\x94\xa6\x81S\xd1\xa8,\xbc\xad\x8c\x97\xae8M\\\xd6\r(\x97\x1a\xb6\xea\x80XU\xdc\xdel\xc0\xd4\xebG%\xdc\xe8\x8e\x8b\x85\xb6\xac@+2\xa4\x9d\x9a\x94\xe7\x0br-\'\xd6\xe6\xe8\x8e\xdc5\xf976\x94-\xe1d\xf7O\x10\xfa\x07\xa7\r\xac&gt;\x82\xbf\x7f?\r\xca{,\xf3\xaf\x9c\xb9\xef\xab\xe3\x96\x9f&amp;\xdf\xfak;\x97\xa7\xe6#\xfd(\rr\xf9\xd4\xbe\xfe\x08~\r\x0fs\xab/\xc4!\xed4\x87\xe4\xa6\xf4\xaa\xb2\xf8\xa3u\x81\xcd\xf3\xe5\xd7\x16Flo\xb23\x83\xb4\n0\xd6\xccY[E\xee\tL\xc4\x16m\x1d\x9a:O=\x89\xd3`\xed8 &amp;^\xcbB\x19\xc1kDt\x11Z\xda\x1c\xf9\xa3N\x92\xcf/v_Kg\n\xec\x9as\xcd\xb1\x0fwg\x99\xd5yt\xda\x1c\xd5\xedq\xdf&amp;\x19\xa9l\xcf\x1c\xadi\xd4\x05F^\r*\xf5\x04\xce\x88\x15\xf3\xa3\xb8x\xde\xc9\xac\x93=8\xcf*\xf6_"\xd4\xe1k\xd9\xaf\xd5\xcf\x14\x90JQy\xb9$\x87\x18N\rH\xa13\x8d\x1e\xaf\x94\xeb%\xf4\xfa9\xda|\xda\x80\'\x08\xc0\xd2f\xbd^\x13\x1f\xb3\xf2\xc6-s\xcd\xca\x12\x8e[\x06\xb5\xa0r\xf6\x05\x8a\xa3A\xbc\x9d\xcc\xcf\x03!\xaa\xdc\xa9:f\n`\xd3;6hY\xa9\';\xbd\xcf\xd1\xc5s\x1d/,\xf5\xd1%C\xabX\xdax\xe1^U\x98\xbbq\xac\xe0X\xb4\xe8\x10m\x8a\x8ab\xb3]\x81\x19Gj)&lt;\xd3\x98E\x92\xee\x96v\xc6n\xdd\xd5\xa5\x99T\xb7\xa7%B\xd9t\x08\xb2\x9cT h\xcdP\xa9~\x9e\x91\x9e\x0b\x15\xf6S\x9c\x08\x9c\xca\x1b\x0enjgj(\xd3\xb6\x0bFJRw \x81D%1\xcc-LsC\xd4\xb7P3\xb2u\xb1\xde\xb8\xe0=w\xaa\x84\xe2\xae5nSe\x1a\x97\x86\xd5\x08\xe9\xcd\xac\xc9j\xbb\x9cxk\x88T\x0fd\xf1T\xde\xe2e\x15v\xc5*\xba\x87\xd4\xc3Aj\x1bC\x8fq^\x89q\xbb6+\xd8\x82\xe7\xd1\x9f&lt;}\x1f\xdd\xceP\x18\x1e\x8f+\xccrh\xcf\tK\x93\xb3\xa6\x93 x\xbb\x02I\x81\xd3!:d\x0e\x99\x03\xb2C\x18-\xbay\x15\xba\x17\x8a\xe4\xf0=3\x9d\xc6\xfc\xd6\xd5\xdb&gt;?M\x17\xd4kx\x94z\nL\xe59\xee\xdb\x06\xce\x0f\'\xab\xc7\xddaCR\x16e\xb6\xaa\x0c\xb6\xd7,\xd6v\xb6\x8fA\x0f\x1bG\xa3\xbf\x91\xc9\x9b\xabt\xb9\xcb\x9be\x16A\xb4\xd5,\xf9\xdb\x1dMh\xc3/\xa7-*\\\xf6?\xa1\xcf\xd9\x0b\x8a\x1fF\x1d\xa19\xcd\xae^\x87\xd3\xaf\xaf\xe7v\x1d\x1e\x19_1\xe4\xbe\xb5\xe5\x1b\x1euR\xe5.\xdefI\x04\xa5\t+\x92d\x9bFQ\x13\x94E\xa8\xd1\xeb9.\xba_O\xa7\x9d\xab\xcd\xad`\xda\xae:\xccH3\xd4\xe1\x01\xfa\xff\x009d\xf9\xa5x\xdej\r\x9e\xf7EL\x1c\x9d\x9am\x92\x18\xdbqs\xa2q\xd6\x17\x8d\xddKN\x85\xdc\xd9\xbc\x80\xb5mcB\xc6it\xce\xef=\xa5\xcf\xd2\xe5\xf9\x8d\xfe}mx\xe14l&lt;\x8d|\xa0\xc9"8\xda\xcd\x8b\xcdP.\xa1\xa9c\xd4\xe8\xb3\x99\xcf\xd1\xd7\xcaw\\F\x1d!\xbaJ\xe4P\x15=\r\xcc=\xdc\x8d\xcd&lt;\xfd\\\t\xbc\xdeT\x1d\xd0FL\xf2\xd4]\x87V\x9d\xda4\xb3\xeb\xd9\xab\xb12\x08\xad\x96\xc5s\x8a\xfe\xa6^\xa1\x9e\xb5\xaa\xb6\x8cI(\xb9!\x11+\xb2N9\x0e\xe1\x02D\xa5T\xd4\xc7O&amp;\xfe[\xac\xb1\x90k\xa1\xe31*j\xc7\x05\x01y\x15\xa8\xd8{*B=\x08\x06pt\x84:\x13\xb54\xea+\xa6\x92\xa5\xebZy]]S\xe9r\xec\x0bF&amp;\x17M\xec\xc5\x0eX\x96^\xaf\xd1\x9e\x01\xf4\x07\xa7\xc8 \x14\x1e\x87,\xc89\xb0\x93\x84\xe1\xbb\xb2M\xe2\xec$\x92c\xb2@\x92@\x92`u\x17\x07L\x81\xd2@\x9d\x9d9s=/\'\x8d\xe1Y\r\xaf\x17\xaeLv\xa3&gt;\x8e\xa5\x01\xe3bt\x18\xcd\xf2\xd8\xdd.V\x8f\n\x1a0\xb2\x9b\xdd\x98V\xb5f\xeet^\x8a\x96\xeeh\xd6\x9aD\xbc\xa0v\x14\xd3\xba\xcc\xf6\xd5C\xc9\xaf\xbc\x16r8=\xcf;\xd5\x87\x9br\xfd\x9f\x11\xf4\x1c0O\xa9\xd3\xcd\xab\xd9du\xde/\xa0]\x13h\xf9=t\x01\xb1S;\xe2&lt;\x8b\xd9|\x83\xa0\xf2\xda:\x19\xfe\x872L\xed&lt;\xa3)\xb7vI\xb4e\x16\x91DW:\x1d\x7f#\xd7\xc1\xd5j\xe6ksl\x00Y\x00\xeb\xc4\x8c\xccj\xdcl=/7\xae\x17(\xcc\xea\x07\xcd)\xae\x80x\x8a/Py\x88z\x03\xa6\xcc\xbb\xeb~1\xe8\xd9\xbfc\xce\x9c2\xe7\xe7\xa9\xde\xa1\xa4\xa2\x00\xbbe&lt;\xbd\xb0Q\xc5av\x98\xd5y\x93\xd2\x16;\xe7\xe7o\xe7\xc3\xe7\xed\xd8\xb1c\xe8\xb6\xab\xce\xb1\xae\xcc\x9c\xbc\x8e\x97\x11\xbec\x17\x7f\x05\xebXe\x81\xa0\x98\x91m\x89\x19\xc9{{\x03{\'\xd0jej\xe0\x1dF2M\xc5\x00\xb0\xaa0\xadF\x90\xc0\xb4\xda\xbdP\xab\x90z\xa9\x92\x12l\x96j\x99\xad=L}#-\xbbY\xd6\x16W\x15H\x01\xeb\xd7\x03.,\xe8\x95\xb2\xb2\x10\xb4\xaaS\xae\x9c\xe8\xb5W\xa0\xc5(\xad&amp;3)u\x85pl\xafe\xce\x89\x1d\x12\x07S\x92a\x8d\xc9\xcb\xa2\xb4&amp;\x9e}\xab\xf73u4\x8fo\x9fP\xdc\x95\x9ch3&lt;\xa5\xd6\x89\xe2\x02\xb1\x12\xa3\xa9\xf6\xef \xf5\xff\x00g\x8a\xb8H&gt;\xeei\x92\x974\xe7\xb6\x9e\x06\xdc\xb2\xa8&lt;\xdc\x99 I\x90:f\t30J)\t$\xccN\xce\x0f(\xba\x1d$9q\x1d\xb7\x9fr\xe8\x0b\xd44|~\xbbL\xf2\xb2\x9d\rJ\x01\x89\x93\xb9\x90\xde\x0en\xd5\x1a\xacQhB\x8a\xd3\xb2T\xe3y\\\x92\xd6\xbd\x1d(S\xabn\x83\x92[\xcd\xbbS\xb5\xa5\x97\xaa\xd9\x9d\xe4\xc8\xc4\xac\xde^\x0fK\x91K\xcf8_Y\xe3}\x0e~?d\xfb=\x18\xe8\xf6\x19\xbd?\x9d\xd2[J\\\xda\x8b+S.+\x8d\xf2_Z\xf1\xed\xdf\x9af\xdf\xa1\xe8\xf2\xb3;\x04\xa4\xcf6\xee\x90\xe2\xce\xc2E\x11\xaao\xf6\x1c\x7fe\x0f\xac\xd7\xcb\xd8\xe6\xda\xa8-\x01\x15\xdesg\x8d\xc1\xdb\xbf\x92,\x98n\x99\x81\xd38\xe3(\xba%\x07fKo\n\xfa^\xcf\xd2\xf9\xa7\xa0g\x8e~n\xa6Uc\x1b5m\xed\x9e\x8dkP4\xe7r\xba\x0cM\xc0\xd7#\xf3h\x1a\x9a\xd5\xe3L3\x16zA\xf53\xf5\x0c\xc9)IM\\\x1e\x8b\x05\xd71\xcf\xf4\\\xf3\xde\xb4e\x19\xd20\x9chiFI\xdc\xda\xc3\xd6\xcc\xe8tp\xeddj\xc3:\x01~\x14#J\xf4)\xc1\xabP\xa9\x10\xb3\x1a\xae3\xb8\xa6\xd9\xd0\xd92\x96\xac\x9a\xd1\xbd\x8fl[e\xc8*\x8d(Pd\xed\x040L\xd1\x1b\'f id\x1b!\x84V\xd8u\t`\xaa\xab\x12\xd9\xe4\xcc\x96\xa4\xe5\xe4\x93NH\xa2]\x02EQ-\xd2\xa5D\x97H\x9dK6\xee\xc1F\xd5\xe3\xe3t\xa7r1U\xcc\xe5N\x08\xb1@G`B\x81!!\xfaG\xa8y\xe7\xa0\xfb\xbe}X:\xea\xc7\x99\xf9\xc7\xdc|6\xe7\xcd\xfe\x98\xf9k\xd3\x15u|~\xe4I\xd2\xf4\x1f\x9f\xacR\xee\xbd\xdf\xc3\xf8\xf4zo\xa8\xfc\xect\xfd\xb6\xf7\xcbD\x0f\xae\xae\xfc\x81\xd0\x8b\xea\x0b\x1f\x13{*~\xe8\xff\x002\xfa\x88zL\xbeJ\xf5\xe4\xbder}d\xe8\xbc\xe7\xd1|\xd7\x87rhQ\xbf\xe5\xf4\xda$\x08\xc0R\xd0\xaa\x18\x98\xfd\x065\x18\x94\xf4*\xba\xcd\x85\xa8\xd0"\x10\xa9\xca\xdcmJ\xb5~\xb5\xd9L\x0b\xc83\xac\x9c\xd564)\xdb\xa2\xcc\x83:eQ@\n\x1at\xc3\x9d\xe4\xfbnoU\x83\xb5SKH\xd7\xd6\xc3\xd4\xc6\xaf\xc8S\x8a\x8eF\xa6,\xbeK\xc6\xbd\x7f\xc8:\x17\x9dU\xb5S\xbf\x04\xce\xc8\x9b\xb3\xabwdSE\xd9\xcb\x94Dq\xa1\xda\xf1=\xbc&gt;\xc3c+k\x97\xa2\x9d{\x95D"D\xc1\xe2.\xeb\xd0\xe4\x1c\t\x06\xe2\xe9\x02S`\x1b\xbaCFl4A\xc8]g\xabx\xef\xafg\x12\xc8\xda\xc8\xaeP\\\xa3kh\xbe1\xd5\xcb\xa6\xb7;\xab\x8c\xee6\x85b\x03\x04\x82o=\xd1u\xcc\xfa\x94\xf5\x96q\x95\x99\x13\x9d\x83\xd4s\xc5r&lt;\xefK\xcd=\xaa\xc5\xdau\x8c]\x98\x9e2e\x9d,\xcb\xf9\x9a\xf6s\x0f%\xa8\xd7`4"\xec\x8cL\xedVV\x92u\x8aIK\x8c\xe54\xe3)\x910J\xc9e\xd6\xb1`\xb2\x05\xedM\x15\'l\xa9\xd1\x9e\x84\xe1\xe7&gt;\xa2\x93-\xf5\x123V\x837\x9f\x1b\xa2l\x06\x91P\xad+R\x80\xad\xa9u^\xca\x01\x90\x93@\xe6Y\x80\xcc\xac\xa0\x97\xa3w*\x81f\xf8\xd8 a\xa6\x122\x07\x81\x06!\x8ePc&lt;$\x9f\xb3v\x1c\xf7C\xf4^mT\x9fh\xf1\xff\x00,\xedx\xcb\x8f$\'s9\xe8\xe9y\xbe\x90\xc6|^\x87\xd3\x7f9\xb5\xd2lq&gt;\xb7Y\xf8\xf7\xd1\x9f5{\xec\xd7\xce\x1fAy\xee\xb8yn\xe6\r\xa6\xfd\x0b;\xc9=\xe0\\\x8fc\x8b$\xfa\xcfU\xf9\xbb\xea8uo\xa4\x9c&lt;\xd7\xd1\xbc\xdb\xce\xde\xf5\xca\x97&lt;\xed\xed\x10En5\xad\x0032w2\xc3\x9d\xab\xa3N\xdd\x18\xd8\x8bq$\x88\x99,\xc2\xd4\xa3\xde\xadiIH\xc4i"\xc6\x87\x95`\xe9\x17\xc9\x8b:6\xe5\x8f1\xea\xd6\xaa\x12\xa1\x87w\x1e\xddbc\xb6\xa7_\xaf\xcb\xebb\xb7\xa7\x95k2\xce}\xf0\x95\xc7\xf9\x1f\xb1x\xfe\x87\x91\xd0\xd3\xcd\xef\xc1\x993\'(\xbc\xd4\x93"\x9a2\x88\x9c\xa2-E\xfe\xe3\x86\xed\xe0\xed\xf6\xb179w\xadV\xe5@\x81`A\xf9\x03\xfa\xc5&gt;\x8c&lt;\xa8\xfe\xa7x&lt;j&gt;\xb5\xc3\xd4\xf2\x0c\x9fx\x8c\t\x14\xd9$\xda\x94f\x96\xd7\xb0x\xdf\xb1g7r6\xb2+\x8f&gt;\xc5sj\x8c\tG\x9f\xbe\xa6WC\x9b7D\xd6Z\xf0\xa4\x03U\xa7R\xd5+\x1aF\xce\xbe\x16\xa2\x8d8V\t3\xe7\xb4pK\xc0\xe6\xf7p+J\xcc\xf1\x9d#\x17j\x13\xc6M\xd9\xbfCK"\xf5\x96\xbd\x0e\xab\xdd\x9c\xbaouIM\xee:t\x9e\xdb\x856\xbc\xd2S\x95\xb7*\xb1\x8eib\xb2[2\xc2{\x06\x95Zv\x9d\x15\xe6W\x08Nr\x80lh\xa0q,@1(\xca\xae#\x05\x8cQ\x1e\x95\x8b\x95mA8\xca"O\x14#\x92\xbc\xdb&lt;\xea\xa1]\xb3\x97i\x1bV\xb1\xecczq\xa1\x18\xab\xc2\xa61\xddj1e\xd8\xd3\x88XU&amp;\xcbR\r\xa8\xaf\xa0o\xc5\xfe\x8b\xcc\x04\xe3;\x9f\x11\xe4\xfe\x9cv\xbeq\xcd\xfa\x86\xaa\x7f/\xfa\x87\xa1]L?!\xfd\xa3\xe3\xadx\n\xfa.\xa5W\x03\xc0w~\xa0\xd7\t\xc1/TK\xc7\xaco\xf1\xc2\xf5\x9e?\x9a\xed\xd9\xd3\xf2\x15\xf2\x12\xfa\x13\xd2|\x9f\xd6!\xc9%5K\xce{\xee\x03\xcb\xe8\xd2\xbbF\xef\x0e\xd6\x882\xb1\x86X\x8e\x8ev\xbd\x10\xe7\xf3\xf73\xac\xcd\x85\xc8S\t\x0b$\xe5f\x16\x12!\xe3$\xac\x18%h\xd1y\\\xd0\xa1\xa1\x99\xd1\x8d\x15\\[a\xa3&lt;\xc8\xcd\xec\x8b\x1e\xa2\xd7K\x16\x96&gt;\x9a\xd9\x9ef\x86\x8b\xa2\xda\xc2\xdd\xc2tt\xf3\x0f\x93\xd0\xa4*\x89\xe1y\x17\xa9y&amp;\xa7\x9ffh\xe7uKFL\xdc\xa5\tKwd[3\xb1(\xa2-E\xde\xd7\x8a\xec$\xee\xb79\xed\xceM^\xa9\x80\x08\x82!D\x0f\x06]1\xf5\x8c\x9f$\xa9K\xd2|\xd5\xb3\xf6\xce.\x9fB\r$\x03i\xc5\xb6t\x91\xa9\xec\xbe1\xed\x11:y\x1b\xf9o\x8b\x16e\x1e\x8cp19\xbd\x12\xd3\xd3\xa8\xae\xa5+\xd9\xba\xf3f\xd4-p\xa4J\x91\xa7\xbd\xa1\xceYS\xbc&lt;H\'\xa7\x8c\xa8\x15\x9d\x8d\xa5\x9bl0\x9c(\x83&lt;i)\x8eJ\xad\xebd\xedd\xf5\xb4A\xad\xcf\xa5i\xdd\x96e9\xdb\x92t\xde\xda\x1d%m\x05H\xda\x82+\xb5\x86@\xcc\x8e\x89X\x8d\x99$h\x90II\x84\xc9\xa228b\x83\xc40E\x86\xa9\x16Y\x10\x07L\xa2\x08\x9a\xb2\\\xd7\xa5\xb2lS\xa3R4&amp;\xe2\xdck*-*\x91\xa9\xbc\xa8\xce\xa2\xf5\x9c\xeb2\xf5\x1f-\xb0\xd7N\x19\x8d\x9d\xec,\xb6W\xa4\xb3\xa4\x9d\xd7\xcf \xaf\x9a\xad\x81\xde\xd9\xc4\xebQ\xeeb=\x7fw\xce\x8c\xe36\x9eq\x9a$\xe9\xe6\x99\x92\x12I1\x9dD\x1d\'\x06i \x85{l:\x15v\x988\x0c\xdfRM\xf8\x97\xb5\xc9\xd2I\xd208^\xcf\x8d\xf2z4\xafg\xdf\xe4\xd2\xd1\x82WRgf\n\xa5\xda\xc8\xca\xcf\xd8\xa3F;Z\x8e\x80dgM\x1d\x1aGE\x8a\x99\x923\xa0\xb3i\xdc\xd3\xcf\xd2\xa5\xd1\x868oW\xdf\x98\x154(\xab\xcf\xa3\xa1\x85\x8f\xd0g\xe3\xb6z\xf5u7\xf9\x1e\xa3\xab\xe5:\x8d\xac\xed\xdc\xa23\xb18ti\xea\xd0k\x93\xf2\x9fZ\xf2\xddO7\xcd\xd5\xc9\xda\x93&amp;\x1c\xe5\x19M\xbaN\xae,\xec\xe5\xc8"T]\xeb\xb8\xfe\xb2Wg\xbd\xce\xefs\xe8@\xc8r\xe4@\x95W\x8b&lt;\x1f\xd0\xe5N\xd2c3\xc4I\xa7\x14\xe3\x02A\xa6vpP\x92N\xff\x00\xb5\xf8\xbf\xb6\xe7;\x946*\xae\\\x00\xeb\x81\xd6|\x8e\x1c}\x0b\x14o\xe7\x95C\x1fS#^z 8\x91\x91\x1bIP%bj\xaa\xca\xd1%\xd1\xa7\xb3A\x98\x19[x\xdb\xe7Z\x13\x1e\x84a(RR\x8b\xc9ss\x0b{*\xe8\xf6q\xf79\xb5\x9a#f)\'N/&amp;T8\xca"h&lt;\x1aQa\xb0\xc7\xa91h\x1f&lt;\x88\xbe\xf4\x98\x9b\xa3\xa7\nWcV,\xb1\x1a\xf1h\xf1\x03T\x92"f\x160v\x98E\xae\xc1B\x02\xa2\xdd\xac\xbbri\xd8\xa7l\x92"\xc6\x90Fhi\x9c\x0b\x13\xd6D4\xece\xa5F\xd0\x1f7Nt\xec,\xb5\x1cl\x8e,Rw\x9a\x19\xe0yvl\x8a\xcc\x86\xef\xb8ON\xd6=F\xad\x9a\xfe\xd7\x02$f\xd2 \xca\x9b\xa4\xa5\xa6v\x06N\x81\x93\xa12t6I4\x92HN\x98\x13\xa4\t:\x1aI\xc3\x90\xe5z\x1e_\xc7\xe9\xd6\xbd\x97{\x97M\x13S\xb1L\xcd\x14\xc4\x02\x04*\xd2\xbbI\x99\xd1\x9c4\'&amp;\x98\x18\xa30N3\x8c\x8f8HG\x98\x89h\x14\xed\xd3\xdf\nU\xce\x1dq\r\r\x0c\xb2\xf3y&gt;\x83\x9b\xe6\xfa\xfe0h/\xd8\xda\xecx\xce\xdb\xb3\xe0{=\xdcM\xdc\xb1\xb0\xec\xe8\x85+\x95\x1a\xe5\xfc\xaf\xd6&lt;\xa7c\xcc\xf1\xf61\xf5\xa6d\xa6\xa58\xbc\xdc\x92N\x99\x9e)9D[\x8b=_)\xd4\xa9\xeb\xfa\x0ew\x7f\x9fIA\xe3\x15"\x80\x8a\xbci\xfb\xab}\x9c\xdet\xbd2\xd2~S/]\xb3/\xc6\xdf\xdaN?\x11\'\xb6\x92O\x13?\xb0\x8d\x1eR_K\xac?;\xf5\xbf&lt;\xf4[\xcb\xa5\r\xb8O&gt;e\x1d\x8c\xe9\xd6\x80,\xd5\xc7\xb5P\xb3Q\xbc\xcc\xdd\n\x1bsR\x1c\xc5\xa6ud\x19*\xb4Q\x1f-\x99\xe4\x93\x86n\x9em,&lt;=\xccN\x9c\xaa\x0ec\xd0\x8cd\xcd3\xc5\xd1ow\x03k:\xea6\xf9\xdd\x9e{\xd0`F\x0b\rL\x01\xa2\xd9\x91f\x94saF\x9cs\x8a\xe6\xcc\x04\x852\xd3qi\x16\x82\xb5\xa1\n2sv\xcdm\xb2c=\x04\x18y\xbd&gt;%gJ3jCSC\x8c\xdc\x89\x86\xb5\xfa\xe1\x9a\x1b\x83V\x0b\xa2\xb9\x15b\xe8-\xb84d\x9c\x82\x04\x1dK\xdb\xab\xa0+\xb6gw\x9bj\x81\xd4\xaf\xcf\xbeX\xef\x03=+\x08\xc2Lry\xab\x1d\x88X\xce\xadY\r\x94\x17\xd2\xbc\xeb\xb9s\xde\xd9\xf3\xae_l\xfd\xea^/\xab\xdd\xcf\xea\xe5\xf3[\xdaOz\xb8\xebt\xbaf\xc1\xb5kQU+\n\xa2\xe0\xe9 d\xe8\x19\xa4\xc0\x93\xa0d\x9c\x12R\x06wI\xf9\xa7/\xa5\xcbx\xdd=-\xeeN\xef&amp;\x9dU\xbeV\xfb:\tbJ\x8dafD,\xd0\xab\x9b\xa3\xb4,*\x9d9\xf5\x93\xe4\xe4\xdfgc\x8f\xbb/\xaa\x86\x13K\xde\x9f:i:\x02\xe0\xda\xb9\xbfT"\xd7\'\x1am!g\xe8QU\xcb\xf2\x1d\x7f\x11\xa7O#Q\xc1\xae\xdd\x87\xa7\xf0&gt;\xaey\x9b\xdb@\xd9\xca\xe9\xad9*\xc7\xab\xd1\x04\\\x0f\x91\xfb\xef\x96\xe8|\xef\x89\xd4\xf2\xda\xb8\xa4\xa6\xa5&amp;\x94\xd3\xbb9qgbQG;\x8b=G/\xd2)\xeb\xb7y\xcd\xbct\xb2\xd0l\xe8\xc5\xacT\xefW\xf2&gt;\x8b|:\xfa\xdc\x0eu/G\xa9\xc2*]\x8dNf\x0c\xe8*\xe4\xc6\x95\xf0\xd3\x93\x0b\x11\xbb/\xfb\xaf\x85{\xb6\x0f\xabi6X\xd6\xcd\xd5\xce\x9d1\xe9\xdc\xa7\xcb\xde\x00Z\x00\xb3h\xebS\xe8\xe5\xe7Aw3\xb7\xcf\xac\xe0\x9d\xe1\xa1d\x17y\xfd\x08\xc4\xb5\xe7\xa69\xf6j\xd2\xc6\xc5\xdd\xc3\xda*\x0c\x83\xb66\x94X\xc9!Y\xd6\xc9\xd5\x83\xa1\xdc\xc2\xda\x89\xb4)\x01@\xaa\x16\x88\xe4:\xe2.\xe2\xa4\xf4_\xb7\x97\xa0#\x126P!\\\xae\x92g\xafJv3l\\\xee\xf4\\~\xd4\x9d\x10\xeb\x05;y\x93\xcfs\x184IM\x16\x02\x92\xbc\xc4`\xa1\x8clW\x8dEa\x8b\x14k\x15\x89yZa\xb3\x95\x06\x83,h\xe4hM\xf4zY\x1a\x9c{\xd8\xa9f\xa7&gt;\xb5)\xd9\xab4 \x98t&lt;\xdd\xe6\xd8\xc3Y\xd5\x9bY\xc7\x16\xa7\xa4y_\xafay\x9cwQ\xc4\xf3^\xa9\xf3\xcd\xdf\xcfd@\x8b\x98F\x8dx\xbd(\xe6D5O\x85:]5\xce&gt;b\xedlpJ\xd7\xa4^\xf2\x88k\x1e\xd3\xa1\xe0\xaa\xd7\xd0\xda\x1f3\xc6\xd7\xd4\xa6\xf9f\xe5\xcf\xd3\xb2\xf9\xc6\xf5/\xa0W\x83h\xd2\xcb\xe6K\x9f\xe6t\xdb&gt;R\xc9\xee_\xe6L\x8e\xa4\x9c\xc5\x81o,9\xb6\\P\xf3}*\xce\x7f=\x9f\xe9s\xf6\x03\xe4\x01o\xd0\xf4\xbc\xc2\xdc?Q\x9f\x9a\x1f7\xe8\xb6|\xe2\xe2\xafJ\xbd\xe7Zq]\xb3r\xa6\xa5\xd3\xcb\x9b+[\xf4)\xd4\x1e\x7f!\xbb\xcdj\xb9\xa1\x16;\xe3\xe8\xfe\xa1\xe3\x9e\x9b\x9c\xfa\x16\xc7+\xb5\x9e\x9b3\xca"\xad!\xd6I\xe6y\xaf\xa1y\x9b\xaf\x0f\xe3:\xdeChd\xce\x9c\xe5\t\xc5I\x92v\xcc\xf1I\xc82i\x9d\x8e\x87\x9d\xdeK\xa9\xdb\xe7v\xf2\xd2\xe2\x04\xa1\xd8-YK\xcd\xf7&gt;K\xba\xce|\'\xcd\xbdw\xc8\xfb\xf9T\xa3-)\x0eL\x86i3l\x9d\x04\x14\x99+\xde\xe5\xe1~\xd5\x91\xdc0Vx&gt;e\xfc\xc9\xd3"\x95\x8a&lt;\xfd\xd6\x19\xa51^\x96\x8d+\xcf\x9d\xc8\xdb\xc2\xf4|j&amp;\x05\xce\x8f7KF\xad\xcc\xbda\xd3\xd0\xa3=\xd4\xea]\xa6VN\x1fA\x86\xded\x08\x17P\x8b\xb5$\xec\x91cW\'VN\x83s\x17}`a[\n\xcf3?W9i@\x16@h\x18N\x14\xcb\xad\x93\xaa+\xf7(^\x90\xb5nT\x97^\x8d\xfa-Q\xb3^\xc6\x93n\xd5H\xb3b\x18\xb5\xc3y\xf1\xae\xa3Q\xaa2\x9b-N\x0c\xd0|\xd6f\xa4s\x19\x1a\x8d\x98\xd1\xa6\xac\xf1\x9akn|\xfa\xb8\xe8\x9b\x9e\x85N\xf0\xf0\xa2=\xeb\xfc\x95\xa8\xafD\xd7\xe0w\xb8z:\xba\xb9\xed\xcd\xa1\xc4\x08\x0c\xea\x0c;\x12\xad(\xa3\xc2\x10A$\x16E\xdfx\xf0_\xa1\xb1\xbf=\xe0\xfan)OCk*\xfe\xd9\xcc/V\x95Z\xaf\x08\xb2\xa9\x96]yX\x8au\xca\xe9\x13Rd\r\xa4\xc2\x8b\xa4\xc6\x85\x88"/\x19\xb2s\x84\x91\x17\x84\x9a\x92b\xb9\x8b\xd8\x9e\x93Y\xad\n\xa4g\xacd[h\xc1V7/\xd1r}\xb9\xe2S },\xa3Z\xd5pcV\x92wID\x92\xf4nd\x1a+\xa1\xbd\xca\xa9\xae\xc8\xbcT\x87\xdb?\x10\xe8\xed\xeb\xf1\xe3\r\xdcZ\x81\xb9S\xae{\x8e\x87\xa8\xe3l\xcc\xfa~\xb7\x8d\x86k\xdb-\xfc\xff\x00\xa4_\xd0W&lt;wS\r\xfb\x8f/\xb5\xc4\xba\xe2\xf05\xb2:\xb9\x99%$\xe5\tEM2t\xcd(\x83\x90d\xbc\xcf\xb5\x89\xac\x1d\x1e\xcf=\xaf\x96\x9aORP\xed\xaa\xb0\x0bQ\xe0\x9f\xa3\x9bk\r\xd5\xa4\x92\xa4\xd1\x92\x1b&amp;p\x8b\x12\x03d\xee#{\x0f\x8f\xfa\xbek\xbdU\x9dq\xd8\xa1j\xb2\xbc&lt;\xcdl\xcc;\xa7d\x17q\xd6\xbd=\n)\xe0s\xfd\x1f?\xd9\xe7f]\xaan\xcf/b\xe6Qg\xbe\xf5*\xe1\x8e\xa2\r\x0e4\xa5\xcf\xefs\xf4f\x08\xa3lm(\xd2d\x90\x1bW\'Q.\x8bo\x9d\xd61\xd7\x15a\x99\xca\xa4\xaa\xad!^A.0h\xd0k\xd9vCZ\xe61\xa5\xeb\x87&gt;\x10\xee\xd2\x85f=\x8c\xfbW:\x83\x8cX\xd4nf\x88\xd62\x91Z\xf0\xca\x80\xb5#\x98\xc1\xa7\x0c\xf8\x86\x83\xe6\x9c4K^IJ\xa9\xe8\x8eq\xa6\x87mS\x98^\xba\r\x96\xabKZr\x03f\x9d\xee\x0e\xadR\x0c\xdc[\rD\x8eK\x13(\xb81\x80\x05f$\xa6b\x11;\xbe\xf7\xe3^\xcd\x95\xf8\x9f7\xbb\x9dyZ\xd1\x05\xca\x9a\xf5\xef\x86\xe7\x11\xad\xc7;\x8d\x84hn\x0b\xb5\xf3\xa1D\xf0\x08\x8c\xf1lA8\\\x8ejlh\'de6\x134\xe2\x88\xc8i\xa3\x18v\xae,\x92e\xd7:u\xaf\xd2\xb2\x94\xab\x886\x01^\xbd\x19\xbc\x8e\xef\'\xd9\x19\xaa\xbc\xfb\xb2,\x06\xe0\x05\t\xcd\x14\xe1\xb1\x0c\x8e\x86\x9c\x840\x0e\xca\xa2\xd4h&gt;rOI\xb3\xd0\xefB\xa3\x8a\xc5\xac\xfb.uI\x9b)Wh\xc6\x8be\xd7\xe7/\xab\xef\xb4\xb9\r^N\xed._S\x9ag7\x95~\x87W\x1b$\x91)FQN\xec\xe5&amp;L\xd3\x90s\xd33\xe9f_F\xe6\x9e.\x8ew\xa5*r\x8a\xb4 \t\x98\x13bu\xf2\xc1\x8eTUm+H\xc3~\x92\xda|{\xf7V\xe4\xf3\x98z\xa9\xe6\xbc\x8e^\xc7p&lt;g\xd4v\xac\xa9\xbe\xee\xdapN2q\xe4g\xedf\xe1\xd9Z\xc52c\xd9*\x84\xa9\x1a\xe4`\xed\xe2o\x86[B\xbfg\x0e\x92\xcfu\xa5\x99S6{h\t\xdb=)\xe1\xefbi9B8\xad\n3\x8b \x9d\xaaI~\x85\xa5;\x1a86\x1cm\xc3\x1e.t\xc3B)\xdc\x85F*\xcbW`\xb1*\x8c\x17\xe5A\'}\xf3\xe4\x9d\xc1\xd7R\x1a\xdee\xabZ\xee\x19\xb9Y\x9a\x19`\x08\xc5\x95N1L\x92\x8b\x82L\x81\xef\xd0\xd33\xbec\xdf8\xf3i\xf4\xf9f|\xa85\xf3\xd7us\x04\xcf^\x8f\xa8\xe7\xfbs8\x8f\xa1\x020#f\x8f\x1fN\xa5\x8c\x82\xf1t\x1aY\x11q\xd16\n\x8b\xde\xab\x90\n\x8e\x92|\xe9\x03\xa5\xb9\xcc^\xc6\xfdC\xd4|\xe3\xbe\xe7\xd3\xc4G^za\xadj\xad\xda\x98\xc4\x84o&amp;\x17\xc7\x15U\x1c( \x9a9\xd3\xa1YN/f\x12\xea\xd6\xd0\xa9H\x13\x94\xe9U\x94\xe7r\xccx\xaa\x10m\xd6H2\x99\x1a%\xc0\xdc\xa9\xb8V6\xf9S\xa3\xa9\x98\xcc\x1c\xd2\xf3\xfa\xbd\xbax\xb5:b\xd7&lt;\\\xde\x89\xaej\xc7\xe8\xcc\xad6\n\xa5w\x92v+\x16Y\xc2\x855\n\xc5\x051\xb3\xaa\x19\xd3\xa6\xce\xec\x0c\x93\xb1\x14N\x95\xb7\xae\xf2\xc8\x07\x88D\x90b\xb5.`Jok\x165\x10\n\xc7\x05L]\x9ejR\x8c\xb3\xa9$\x9d$\x95J\x9ceP[\xb4n\'\xa9\xa1\x97z*\xdc\xab\xbaf\x13\x04~\xb9s\x90\xa5\x18\xfa\x15\x9f)\xac\x1e\xc6O\x0e\x15/n\x1f\x86\x01\x9e\xe9W\xc5\x1a\x8f_\xa1\xe5\xcc\xcfF\xab\xc0J\x97i\xd7x\xff\x00\xa6)\xef\xdac|sQ\x88\x83\x97\xa7\x93\x1d\x19\xa2\x1e~\x1e\x86\x8dj\xed\x97MlM\xec\x8a\\\xf6~\x96?w\x9fbU&amp;\xcb\x96(\xda\xe7\xe9\xd4h!\x8f\x1b[*\xa7,G\x1d\xc8Fa\xd4\r\xa4\xf4#\x88\xc4\x1ab\x93N\xc9\t\x93\xbb \xee\xe1\x04\xee\x11y\xc9\x10y\xbaq\x94\xe5\x17\x04H\x88v\xeb\xdc\xb8\xbd8I\xccs4\xe83&gt;%I\x89\x8a\x80H\xac\x03b0&gt;\x96v\x8b\xe6\xdc\xd7\xc0\xd4&lt;],\x8b\xd9\xe69\xb9Z\xb9K\xd7\xa2P\x91\xf7\xf5\x9d\xaf\x9f\xf5\x15\x1d\x8d|\x90!c\x83+-v\x9f\x9fXm~\xbee{\x8d\xc6\xc2\x88\xf7G\x897;\xc5\xc0#]%\xdeD\xf9\xd7\xd6]\x05&lt;\xdf\x17\xb7\xc8o\xf2\xbb}\x9c}V\x86&gt;\xa6\x1a\x1a\xd5K9\xd0"X\xc0*\xf6\xc7\xa2\xa3\x13\x8a.\x95\xfa\x86\x8a\xbc6P\xe4\x0b\x10\x10^Se"%r\x9as\x1c\x05j\x04\x85\xce\xcc{a\xb0\xe6\xc1\x06M&amp;\x18\x9a\\\xc6\x8b\x13\x90\xd7\xe4\xbb\xe2"\xcfn\xd8\xb8\x01*e0\x0eI\xddL\x05\t\x81\x0f*\xb1\x0bp\xad\x14\xce8"\xa6\xa2\xe1\'\x82NI\x99\x12f@\xea($\xa2\xe3t\xc8\x12d\t2\x04\x03\x04\x01^\xc5q\xb3%\x159By\xd3\xbbI\xd3;=\xc2\x9c$\xe4\x96\xeaY\x1e\x8d\xdc\xfb\xb9\xdd\x87\x83\xa1\xc2@\x0f\xd3\xf3}w\x90\x8c&lt;I\xe2\xfd\xb9\xb3\xb2m\'t\x99\x9d\x04\x13\xa1\xa7t\x0b\xbd\xe0\xfa\xe9=e\x80\xf1\xc71\x88-\x17.\xe5%\xae\x0e.\xe6\x06\x1e\x81\x0f\x9fg\x9f\xb6\xcd\x1b\x95\xd3\xe6\xf0:~{\xb7\x86\x81A;VOR|\xfd:\xca\x84\x85b\x8c\xea\xd0\x08\x14m\x0cf\x83\xccji\xa6,KR\xee\x9d\xa8\xa7g,\xec\xcdI2c\xbcPNCt\x12BI\x99\t\xa6\x8e\xc1M\x10\xf4\xe5Q\xaa\xf4\x15M\xea\xa2\r)!$\xe5!8\x11A"m\x17\x1c\xadW\xe91t\xae\xf6\xbb^?W\x02\xfe\x8b/7\xd1\xf3\x1c\x8fm\x1e}\xfe\x1c_k\x12\xea\xf2\xed^\xbcu|\xfbt\xb5q\xdb\x9b\x97K&lt;\xf5\xe6\x01\xd4XK\x86\xad\xde\x8f\xa3\x0e:\x8f\xd0\x8d\xecx?&lt;hw\xfc\xc1\xd0O9\xf5\xeewN~\x06}\xe0\xba\xf8~\xb8\xf3OC\xf2?#O.\xe8\xf0\xb7\xfd.\x0e\x97[3O\x99\x98\xb0\x8eV\xcdN0\xed\x9f&gt;\xde\x88UmT\xca\xea&lt;"\xdd\x95Y\xd1vU\n\x82\xa1\xc1\x12\x90\x8e\xd4\x8a&amp;\x90\xc9\xe1S8\x0e-Z\xb6\rH\xa8\x86\xe6T\xba\x1c^\xd7\t\xe8\xe7\x9f\xcf\x1e\x97\xad\xce\xd3\xb1cC&gt;\x1a\x80\x1dC\xb3\xb5`\x83\x98\x85Z\xc5q\xd7\x8c\xa0\t&amp;Bvt\xe4\xf1q\xbb\xb3\x83\xb2HL\x90&amp;v\x04\xec\x86\xe9 L\xec\t\x92\x04\x03\x00\x02\x0b\x15\xd3\x8aJnr\x8c\xa2\x9eL\xed\xb2v\xa9R\x8c\x9c\x90\xf5\xcc+\xf7s\xed\xe7\xa5\xc4\'\t\nA\x0f^\xc7\xe8\xf1c\x0f4/\xa6t\x9a\xbf\x16\xaf\xf4\xbf\x90\x8b\x9c?\xbale~\x0c\x7fv\xa9\x07\x96G\xdb2\xa5\xf0\x9ek\xf5\x17\x8a\xeb\x9f\x91\xf4\\\xe6\xdf\\{\x11\xdbC.l\xb1j\x81\xc6xtD&gt;k\x98\xec\xb9l\xfb\xb1lS/7\xa7y\x0ey\xdeN\x07M\x85\xbf&gt;\x04\x0fSl\x8c\x84\xa3[\x12\xaa\xe1b\x03p\x94]\x85\x16\x9cY\x16\x93!\xe7\tT\xcd\xe2\xceSE\x9a\x9bE\x9c\xcd\xc6\x917\x13\x81Xl\x05a\xa6\x15\x84\xc2+\t\xda+\x0e4\x8c\xabF\xa2\xca\x04\xa9\x15\xc7 \x94\xa0\x80\x89w\x1c\xbd\\\x87\xa3\xf7\xfb?;\xf4\x1c\xfc\xfa\x0c\xaf\x03\xdb\x1c#?;\xbe\x04\xb7k34\x97\x81\x95A\xed\xc1*j\xbbi\xbe\x82\xaf\tZ\xb1\x19p\xc9\x15\xdae\x9a\xe0\x1c\xd7\x85\xc4\xab;7\xaa\xafk\x94\xcf\xee\xe7\xd3&gt;{{\xb7\xb5\xear\xe1\xf2\xfe\x91O\xd3\xe1\xf32\xf7\x99{\xd77gVmV\xd2\xcf\x14\xe5r5\xc2\xf9\xf4\xafbj\xed\xc2j$\xa9\\\xad\t\x13Nz\xeau\xaa\x08\xa8F\xd6\xa1\xf2\xb5d!\x13\xe6\xd4b\xc2\xb1\x11\xa6@\xe2\xd1j\xee\x88\xcf\xcd\xadnwg\x8b\xd1\xf3\xdc\x16\x9f1\xef\xf2@\xc2\xb7\xd5\x9d\xcb\xb54b\x95]j\x89\xe4\x02\xf5=!L3\xa5\x1a\xe6\x08\xebFQ\x06N\xc0\xce\xcf#\xca\x12\x1b\xbc]7x\xb8&lt;]\x033\xb0:Hn\x92\x06I\x033\xb0 \x98\x00\x10X\xae\x86IM\xcaQ\x96v\xf2g\xa6\x9aMI\xa7\x19\xbc\xe4Q\x94,[\xa9c=,&lt;\x1c\x1cr\x10\xfe\xc8\xcbno\x93.\xcb\x03\x88\xc9\xd2}W\xc26x\xcd\xe7\xe9\r\xef\x9en\xe1\xaf\xb5S\xf1"\xb9\xf6\xeco,\x8b^\x9d\xe6\x8a\xed\xaf6\xd2\xef\xaehomeH\xe5\xbc\nBy\xdb\rH\xd2\xaf\xcb\xf4\x9c\xf4\xf4\xf3\x12\x90y\xbd[\xc6\xadc\x1d\xc5\x89\xbd\x96\xe7\x97\xcd\xdc\xc6\xe9\xe6\x12\x8c\xaad\x99*\x94\xa0\xea\xa4\x99\x812@\xc9\xd9%(\xc9\x8e\x92j\t\xd8L\x9d\t\x93\xa0d\x90&amp;HI\x93\t\xe2\xf1i\xd3*\x97\x8b\xaaPgV\xa56\x93\x99\xa9M\x03\xe9zn\xc7\xe6\xfe\x8a\x9fa*\xff\x003\xf4%p\x83\x9b\xa4\xce\x1b&lt;\x9d\x12\x95\xc0\xe0\x87 \x95\xd1J\t)i\xce\xe4H\x8e\x07\xac\xcc\xf5Y\x1a\x95\xa9\x17I\xb9Z\x86\xaeuN\xd4%\x83\xae\xf6+\xcb\x8b\x12\xe6\xab\x1c\xb6\xef\xd1M\x16\xbe\x99\xea&gt;T\xf6\xce\xf9\xea\xd5\xeb\xce\xd6.\xd1{\xb2\xe6\xd7K\xcd\xf7\xe7\x07\xa4N\xa9\xa9\x0b\x80\xe6\xde\x16q\x075\xb3k&gt;\xf6\xbc\xc4\xc3\xe9C\xd9\xe3p\xe2\xd6\xe6\xfb|\xbd\x8d\xeeO\xae\x98\xb8\xf3\x87-Ra\xad\xa2\xcc\xab\xcd\x16\xf5\xf2\xf6q\xab\xed\n\xd8\xeb\x99\xe7\x9dw\x0f\xe8c\xc5S\xe9\xdb\xd6\xc3\x9b\x9d\xea\xb6N\xd6[\xb3x9\xe8\tM\xea\xe9$\x95i4XE\x868\xca!\x14\x98\x12e$\x9d\x9cn\x99\x04\x94]92`vH\x13\xb3\x8d$\x813\xb02H\x10J\x10\x08\x0e\x01\xb2J*R\x8c\xa2\x9eQ\x9b\xa6N\xf51#\x12\xa2&amp;c"vCb4\x9ay\n\x02\xb3\x16w/\xeaB\xc3?:\xbb\xd6\xd5fM\xf1\xd1\r\xeb\\]&amp;\xbd!\xfc\xaa\x90{$&lt;P\x14{M\x7f\x19\x1d/Z\xcf\xf3\'\xa5\xeaW8\xde\xc8\xe7v,\x9e`\x99^\x95lN\x8f\x1eu\xe43\xf6\xf2p\xf4\x8cpZ\xc3\xa9P\xd2\xaa\x9f3\x85\xd3\xf3\xfd\x1c\xd9\xaf&amp;\xd7$\xec\xc9\xcd\xe1%n\x99\x02d\xd0\xdd2\x1b\xce\x0e\xc9\xa8\xbb\x14]\x90\x92M$\x98\x94\x93\t\xe2\xec$\xc9\x92Qur\x92T\x9e3T\x84\xc5zQ\x9a\xd5\x8b\xaf\xeazZ\x9f\x17\xf62%\xbb??\xeed\xdd\x15\xcc\xec\xe9\x8f\x8cN\xc0\x89\x10\xf3\xaad39\xe5\xd3{\xf7\xearJfR!\xd8\xba*B\xdf\xa1\xd1\x95H\xde.o:6G5J\xbe\x9bN\xd5\xe7f\xa6HWBh\x031\xb51[\x84\x92\x02\x11\x0b\x92\x19\xda\x8d\xac\xfbw:"\xa8^\xce{\x99\xf6\xdb\xd1\xc3\x97\xa9\xd7\xd5\xef\x9ec:\xc0=|\xb4\xb6\xf9}\x0c\xe7\xb0\xa3\xc8\xe9\xed\xc6\xb3u\xa89\xca\xd5\x99\xab\xcb0\x13&gt;*\x81\x945\x928\xa4-\x8d\\{\xfc\x9a\xdd\xa8:\x11Yxz\xb2\xf4p\xc6\xcf\xde\xc5\xdds\xf9:\xb8}E@\xc2[\xc1\\.\xc9\x8d\xd3\x19$&amp;t\x86\xcd(\x8a1vC;:\x1d\xe2\xe3t\xc8\x1d2C\xbb!\xbaL7x\xa0\x932\x07Q@\xec\xc8\x1cD\x10\x04\x16\x04\x02s\x19:\xe5\xbbiVa6,\x06\x197\xde\xd6\x115\xde\x96a4\x10\xaa\x18\xb2\x08\xb9$ \xa2\x89\xabU\xbd\xe7\xc6\xf0\x9aV\xbd\x83\xb6\xcb_\x9a\x89\xee{\x89|\xf9\xcc\xfb\xa7\x86tf\xa4\xf3\xd0\x0bM\x82*L\x0c\xa6\x87\xd1\xfa\x07\x9c\xfaVYI\xca\xcb\x10\xb1!S\x1c\xcdJJ\xf9L.\x97\x9e\xcb\xd0ktnc\xda`\x9c1Xx\x1d\x16\x0fG6\\\x89=\xf9\xeb\x8a\xe0\x82\x9a\x9c#GI*Q\x94e\xa4\xcaG\x94\x1e\x89\xa6T&amp;L\x93\xa6A%\x14\xd3\xa6v\x99(\x89&amp;d;%R\xa7\x12\xd2r"\x8a,k\t\xaf^.\x8f\xc5\xfd\x9b\xd8D\xf9\xbft\xacYf:\x85\x89v\x1a\xe0k\x06s;D\x01.k\x98\x89\xa1B\xb2-\x9c\xf2\x92\xd4\xf4\xe6UcB\r]\x856\x15\xba\x03\x1e;\x14W\xa6\x95"\xc6\xb7&gt;\x9a\x19\xf6j\xcb(\x113\xb1\xb9$\xc1\xd9\xabf&amp;n%\xa40\x0c\t\xd0\xc10\x01\x89^j\xc9\xb3\xcf\xd9\xd7-ZU6\xba\xf1\xa1N\xf2\xeb\x9e\x1f\x13\xd4\xb8\xef_.hx\xed\xde\xf6\xf5\xb1\xba:\xc2\xcfQf\xcf\x06|\xf7?\xe8Tz|\xae\x0eD\xab\xeax\xd2-S\xd4\xea\x1f.\\\xda\xde\xcd\x95=%@9\xbd\x19\x97\x9f\x1f=\xd4\xa7\x8d\x10\xf5Id9R\x9b\xc5\xdb\x94\xa0G.\xd2\x9b\x98\x1a\xfd\x82q\x83\xbd\x94:#8V\x91vR\xddE\xc1\xd2HN\xc8\x1d\xd9\r\xd90&amp;f\t(!\xc9\x99\x996b\x02\x8d\xbb\xe2\xc6\x9fQu\x9c\xd6\x97Ee\xac3\xea\x00uZ4\xc2\xc8)Tk@Ya\x16\xb0\xf2 =u\x89\x11nG\x11\x83h9QG\xdd\x1f5}/\xe1\\s\xe8&gt;\x89\xe1\xbe\xa1\xcf\xd5\x93\x7f\x93\xce\xac\xf3\xbc\xb7\xd8\xfc\xcb\xb7\x0c\xe7\x8b\xea\xd9\xa6\x86\x158\x83\xc4\x884\xbd3\xcb=#9\xda\x8b\xb2\xe6\x84d\xcc\x8dkAO\x99\xe7:\xcen;3nU\xb5\x87\xa2q\x14Y\xeb\x8b\x83\xbb\xcf\xef\xcbL\xd4\xa5\xd1\xcbtB#\x00;\x03U]\xd2\x8bM&amp;U\x05%-\xa4\xd2c\xb4\x9e\x90\xd8\xae \xa3DBy\',\xce\xccfv\x14Rpd\xee\xc4HHF $\x8b\x1e\xaf\xcb\xfa\xff\x00\x83\xef\xd437\xc4\xfdl\xf4+&gt;\x16\xceN\x86V\x01;|\xae\x8eZ\xc1$b\xab\x96rlv\xc8-2\x93i\x03L\xc5bS\xd2\x02v\xa5\xa4\x90W\xc1\x0cu\x07o\r\xed\x8c\xc7\xee\xe5\xa0K\\\xb7&gt;\xd7*\x88\xde_c\x1c\x06E\xfa\x05\xb7\xb6*\xad\xf6\xe8\xcb2M??\xa6m\x02i\x01.m\x8c5\xb2\xb3Ie\x89\x03\xa2\xdf\x1ezc&amp;Z\x8e\xfey\x05f\x15\xcfrt\xd5\xbasn;\xd2r\xfa\x0eg\xb2\xa5\xb3\xd3\x80E\xa9\x1e\x8e\\\xf3i\xe3R\xcf\xe0}S/\xbf\xcd\xf3\x93\x8e\x1e\xaf\x87i\xaa\nj\xdd*y\xfb\xc5\xbcqa\xef-\x8d*\x9dI\xe7\x02Q)4\xc1\'@\xf3\x84\x98\xadU\xb8\xe7Y\xd9\xcc\xa1\x9fs5\x94\xa0\xe9k\x16#*\x13\xc8r\xe4\xec\x81\xd2Bu)\x8cQ\xb3\x14\xeb\xb5\x88\xb0\x08\xe9\xaa\xf3\xb1\xac\xd6V\xbf_\xd3\\\xf1\xdb\x1d\x05@\xcc\xae\\9\xab\xe1\xe6\xf3\x85\xd3f\xe0\xd7\x1e\xad&lt;\xf8\x05\xb1V\x8c\xbb\x10\x13\xb2l\xa6\x88\xc8\x84\x9a\xae\xf6\xa4\x9dF\xba\xc3\xfa\xab\x83\xf6\xbc\x1eL\xbc\xdb\xd1A\xd5N\xb8\x96\x13\xc9{\xc8=\x13\x82\xdb?,\x93\xae\xec\xe3\x12\xb2ccH\x00\xda6\x13\xca\xf4.\x7f\xb2\xceuQbs\n%\x85L\x06X\'\x87\xceu&lt;\xd4\xf5\xe2\x9e\xac\xb1\xef\xbc!\x83.\x8c\xee{_\x0f\xa3\x9a\x8a\x8a\xdb\x98\xb6*\xd9\xa58N\t\xd4wSl\xa4\xa3X\xa9:\xa8\xbb\xcd\xa5710%\x8bn3E\xbe\xeds\x03\xe8\xaa\x8b\x15\xb4+7Y\x12"\x83\xc92*H"\xee\xe0\xa7\x1e\xbf\x1d\xbdS^\x9c??\xfb\xb2&lt;M\xe5\xf7X\xb1V\xee\x0b{l\xcb\xdd\xf0\x0f\xc8ha\xf1u\x96b\xb9\xc9\xd7\x17\x1e\xbfV5.\x86]\x18\xd69eI\xe1n\xc7V\x0f1V\xdb\x10R\xbfc\x9b\xa0\x8a\xfbv\xf1\x85X\x1dNu\x9d\x07\x0c\x8a\x1d\x06\x16[K#W3\xcc\xeeRG\xe0\xda\xad\xea\x00\xc2\x8eb\x83DZ\x07\x8cU;\x96m\xed\x18\x11\xd3\xce\xe4\xe8{U%-\x99(\xa6r-b\xac\xa6eD&amp;y\xfaq;D\x9d\x99k\x1d/_\xcc\x96\xdd\x0b]\xfc\x91\t\xef\xe9\x97 \xdd\x979\x86\xfc\x97\x9f{O\x0f\xd1\xc7\xc0\xd2\xafK\xd4\xf2e\x9d\x1c\xee\x98l\xab\x15\xf7UZ\xc4h\x14\x930\x92\x14\x84D4\x99\x9cN\xd1\xed\x06\xc3E-A\xb4\\\xf7\x84\xd4]@\x08\xa2\x87(\xa4\x9c]\x98\'!\x90F8\xedCh\xdbh\xd2\x94n;T\xadlz\x16\xb9r}\xbf@K\xcf&lt;3\xe4[\xd3\xe50p\xc7\xa9\x91V\xba\xa3\x84\x10L\xd0\x8c\xa6\x99MMAI\x93S\x89*\x1eq\x98\xcaa\x17;\x9b\xc5\xd5(\xca\x01\xf4\xa6e[\xb9\xf3bfw\x17h\xf3\x99\xfa\x89S\xf2\x93z|Q\xe7v{Jm\xe1\xddT\xc3h\xfc\x95\x04z\x11&lt;\xb6\x9d/[\x07\x91iR\xf4xD\xd7\xc6\x08\x18nG\x02\rV_1\xd5r\xc6\xdc\xd0\x16t\xf6\xe9V\xa7Rv\x9eQi\xde0vz\x99\x143\xa93\t1\x9e\x12\x8dd\xc9\xf2\xd9\xdd\x92n\xf1rLz\xa5\xb5\xa5\xa3\x91\xa8\xf3\xd3\xbbWY\xc0\xc3\xab\x07\x1c\xdeGY\x84&gt;f\xa6\xaeqU\xd3\xb3i$\x84\xe9!\xfd\x97\xc8\xfe\x80\xf1\xbd\xb6$\t\xf1_\\KU\xecp\xec\xda\xf9\xa5Y\xf4T\xe9\x82\xf1\xd2p\\\xb9\x8d\x88[\xe8\xc4h\xb3\xdf)\x92%\xe8\xc4v\xc1c\\\xceK\x11\xed\xe4\xcf\t\xe8\xf3\xf4X\xd8\x05\xae\x9e\\\xfdXCXiBr\x08w\xad5\x8e\x0bp\xc3f\xae"a\xae2\xe8\xb0|\xfe\xba\x85\x95NN\x8b9\xfb4 h\xc0\\\xbbX\x81c\xa2\xd2\xc8\xb1\x1d\xe0\x14m\x0b\xcd\xea\x8d\x9bUz\xf2\xa4\xd7\x84XL\xe6\xb9`\xd9\x96\x99\xdd\x95C\xf7r_\x04\xf4\xfd\x0e:\xfa\xb9\x1b}\xfc\x82\x9amr\x8d\xb2\x8f\\\xb3j\xecP\xc7o\x07\xf3\xcf\xa7~k\xee\xe3\xca\xafv\x1e\x87\x15\x18\xdej(\x03N\xabY\xc0\xb7WI\x8a\x83\xd2\x92d\x12\xb1Z\xd0\xad\xcc\x0e\xd4\xebJ\xa2r\x90\xa6\xaaC#$7x2J(n\x9a-H\x81\x90h^\xcd\xbd\x8d]\x94-MW\xeat=\x0b\\h\xed\x96\x8b\x92\xf38\xde}O_\x95\xabZ\x89\xd7\x90\xa6\x86"\x08i2U9FQRvuL\xce\x81N2\xac\xe58L\nQ\x1a4\x92I5\t\xc0&gt;\x9c\xa3\xe5\x91|\xbe\x89\x9f\xc5*]-\x0cuj\xe0\x95\xa0\xa6\xdaz\xa3\xe5\xdf_\xa5O\x80oG\xe0\x9c\xd5y=\x8d\xa1B\xda=6\xf6^\xceXV\r\xa0\x11\\F\x08g\xf3\x1dO0\xf5\xe2\xf0\xf79\xaa\xe9U\xe0\x12\xe44\xe8i\xba\x08\xb4\xa07h\xb3\'1Nnj*.N4\x9c\xde\t\xc9f\t\xd2\xb7s.dtz\xdca\xdc\xf7\xa4\xe1\x8dS\xd3bg\xd4\x14\xa88\x1533\x156d\x89\xa8\xa0\xea\xbdW\xcd;\xbf\x9b\xfa\x8d\x92\xe4\xe9|\xcf\xbf\xb4\xd4e\xe6tNR\x1a\xbdW\xa2x\xcfS6\xdewN^\x81\x8cv\xf5|\xc3\x0c\x953w\xc2\xd0\xdalir\xe4\x0e\x8a\xc6&gt;\xb7o\x1d:\xfa\x80\x87r\xc2\xb3\xdd\xc6\x18\xce"\x85\xa5\x1b\x96\xb2;zFA\xed\xe0c\xad\x9a\x16\xaa\xf2t\xab9zXi\x9d\x99\xab.&gt;\x9c-B\xb6\x16J\x97\xa5\xd1\x96a\x0f[\x9fj\xf2\xbf\x93\xcf\xa2h\xef2\x94"\xbb\xf1\xce\x15\xe8qu\xd6,\xee\xeb\x19\xb6\xabm\xdey\x97\xadP\xea\xe7\xbf\xa2\x0b\x1e\x9f\x9f\x93\xd2s\xf7%\xdd\xa9{\n\xe7\xa9-\x07\xef\xe4\x98oP\x93\'\xce\xbds7\r\xfeH\x8fW\xcb{\x9eD"X\xe9\x01\xabr\x9dN}+\x94\xb4\x90\xa6V\xa6\xf0\x98\x10\xe1 \x8c\xc3\x88\x9c\x0c\xc5\x12P\x9c\xb9J2\x13\x0c\x90\x01\xb2\x80\xe6\xd0T\xa4Q\x14,h\xd2\xe8d7\xa2\xdf\xed\':6\x0b\xc9\xaa\xbf\xe7y&lt;\xa6\x85\x9c\x98\x82\x89(\x92i\xa11M\x08%\x13I\x92\x1c\xe7\t\xcd&lt;\x99+I RiVR\x9c\x082\x14d\x8b\x93\xb3\xa6\xd0\x9c\x03\xbd\xe9\xb5}as\xf9\x10\xfd\xd3\x0f#\x9c\x17}\x83.\x9e\xad\xfd(\xaeK\xa5\xc6\xe9\xc3\x9b\xbe|\xa0\xd0\xf0\x7f\xa3&lt;w\xa3\x1f0R\x97Z\t\x13\x87\x7f\xd4p\xfd\xc69\x0c\x16\xab\xbc\xaa\xd7\xb3T(\xf3\x1dO7W\xc2r\xdd_!\xa7@\x06\xc3,\xb3\x81P\xe9\xe35\x18\xa6\x9bQ\x93T\xbb\xc55%\x07M\xd4\x10M\xc6\xe2$\x86\xec#\x89\xc4D\x14\x04PA6\x8a\t2\x88;\xc5\x82j\x0e\x89:\xf5\xceN\xbes\xad\xd2\xc8\xf9o\xaf%\xfe{W\x9f\xafoW\x92\xe9\xbc\x7fJ\xe4+\xd9\xe4E$\x9f8\xaddff\xcd\xdc[}|7\x89D[\xe7\xab\xcf\\\xcb\xcbj\xfd\xc7\x9c\xf5\x9b\x9d\x1e\x871\xaf\xe8\xf9:\xb9\x95`.\xa0p\x17\xa1\xc5#BmN\x125\xca\xbbH\xbbd\x10&lt;0\xd6\x88.Q\xe1\xec D&lt;uy\x89\xf0\xd2\xde\x93\x9f\xd1\xe1\xa1^\xd41\xd2\x8bH&lt;\x9d\x10\x95yg\xad"=\x0c\xf6\xdcj6\xfa0\x04o\xd1\xc3F\xb8\x0b]YB\xf0E\xd1\x85\xfa\x84msD\xa9\xa6(\xd5\xb4\r$\xd9Z41\xd3O[\x95\x9e\xd9m_\xe4tv\xcbd\x12mq\xe0&gt;u\xfb\x03\xe5\xce\xce~~4[\xd4\xf3\xaeT\x10iF\xa1A\xa2\x1a\x92\xa4\xc6\x19\x05)4\x82# \x82\x0e\xc8\'(M\x93\x94^F\x84\xa0\x10\x84\xa26t\xedN\xc8\xb6Eg\xd8\x85\xea\xb3\x95\x18\xe9q\x19iC\xc9\x9f\x95\xd9\xca\x9ccBI*\x92\x82C\x89\xc6\x9cc(\x83$\x93\x9c\xe1(\xb9\xa6r\x92d\x0f8N\xb3\x99\x076\x1ac&amp;u4\xc9R\x84\xa2\x1fd[\xab\x93\xcd\x8fu\xc3W\xc4\xbc\xf5\x9f\xcf\xadhz\'s\xf3\x9e\xe4_\xa3\xaf\x1e\xabq\xebx&gt;z\x0b^\xd1\xe6X\xd0\xa5Zs[!1\x8d/K\xd18\x1e\xf3,\xcd^\xc8\x8c\xa8\x0fFL\xc8\xe7;~e\x9e]\xc4w\xfc\x0e\xfa\xe7BI\xec[\x03,\xb6\x1c\xc2\x9b&lt;g\x8e\xd1iF\xe1\xd2w-\x17`I!\xa7d)J2\x04\x9d\x82)\xd8\x13\xa4\x0e\x99\x03\xb3\xa0d\x903\xa7\x05\xbd\x85,\xeb\xbd\xb9\xe6\xfd\xa7\x89\xee\xf5\xa2\xd8\xad\xf3\x7fQ\x1b\xd5\xcd\xcf\xe9o\xd9\xe6z\xae\\\xf4\xe9P\x17$_\xbb^y\xc9\xad\x84{cl\x86~\xac\x18\x86\xb3\xb6&lt;6\x87B\x0en\xb3\x8bYz\xben5-\xaa|\x9d%\xd2\xe5\xc7S\xdb\x1b\x97\xde\xf4x,\xe8\xd6\xa7\xd5\xcd\xa2\xf4\xe1rq\x8e\x96\x1a\x932\xc8x{\x18t\xabq\xf4\xe9Y\xcc\xea\xba1\x05\xf0h\xf7\xf0T\xce\xb9C-@\x16\x8f\x0f[\x918R)\xab\xcd\x82\xcc\xeb2\xc8\xed\x15\xcev\x9en\x86\xd0C\x06\xb7g5\x93W\x93P$B\x9e\xce0u*OR\xf6c\x9d&lt;2\x02j\xbf9\xad\xca\xf9\xfe\xa7}c\x8a\xdc\xdb\x97\xa5\xe2\xb57=\x0e\x0f\x8a\xa3\xd1r\xbf[\xf3G\x80\xd6\x90\xf0vm&amp;\x90JM&amp;\xa4\xf0@\xe3$\x00i rBMM\xe2\xe9\xa1\x90h\x8b:\x06\x9b\\\x03\xfa\xd7?\xf4"\xca\xce\x81\xf1y\xef\'\xc3\xb6|\xcf`\x14\x1cwI$\x9b\xb2a\xbb&amp;\x06\x1c\xa0\x11\x8b\xb2l\xec\xe9\xceP\x9c\\\x9d\x92\xa4\xec\x81\xe5\x19\xder\x9c&amp;\xc2\x90D\x86D\x94\xda\x84\x98~\x9b\x01\x17~!\xb5\xfb\xa9aO\xa7\xd1O\x88/\xa1iK\xf2\xc2z\xdd\xa8~Ig\xd6]?/\xd2\xee\xc1+\x98\xbb{84nrTG\xe8U\xfc\xf7\xa1\xac\xf7g`\xef\nj\xedV\xa9r\xdd/\x19k\xce\xfc\xff\x00\xb6\xe1\xb7\xd6\x99aa\xecY&lt;\x13\x1di\x80e\x9cI\x8e\xac\xd2A\x17wj*O5\x04FhH\x90\x96\x93\xbdJi*\x96g`N\xce\t$\x0c\x92\x07L\xe0\xd2g\x07L\xe8\x7fm\xf2\xaf\xaa\xfe/\xdb\xe4\xf9\x9fF\xe6&gt;[\xe98\x1c\xde\xdf#\xe8\x1em\xca\xb8\xdd7\xda\xf4^?,w\xf6\xea~]\xb5\xc3}\xb5\xaeo{\x93]=nr\xe6\x13\xd5B\x81\xbb&lt;\xfb\x0f:\xd5:\x97s\xaevr\x960\x9e\xd9Q\x91\x9f\rr\xdbW?\rj\xdc\x8efZ\xef\xc34\x1a\xe7\xb1V\xa8b\xac\xd5W\xf3\xd2\xb6\xa4mts\xdd\x9dB\xf7q\xd8\x851E\x00s\x17\'P\x83b\x18\xe9r\xb5\xca\xfadjC\x86Z\x9cH\x96\x1d\x039\x1a\x86\xc3\x04_L:e\xee\xe6\x9d\x8c\xab\xa9\xdd\xaeak\x8ev\xa0.\xcd\xc9\xaaA\xc5l\xdc\xb1swX\xc5@\xcf\xa0\x9bx\x96\xf2z{\xfcE\xce\x8e|\x1f\x05\xfa\x8f\xe6o\xb1\xf9\x1a\xca\xc4}\xaf*\xbcN!\xc6\xccv\xd2\xce\x16\xe0\xdc\xe0\xb1\x02\\\xe1(\x84S\xb0JQ\x95\'N\xd2(N\x03\x8aSA:\x9cOvQ\xd8\xf7\x81\xb1\x81C\xc8z\x9f\x07\xba\xc9\xc2-=\x85\x16\x8c\xd4\x90\xd0\xc8\x86\x82m\x16\x07h\xa0L\xf1M$\x93\x9c\xe18\xb9&amp;uL\xe9\x0eR\x8c\xaf)N\x13\x02\x14e\x8b\x93\xb2M3\xb0}Ks\x94\xa1\x9f7\xa1\x97\xca\xc2\xd7\xabV\xf3"\xb3\xbc\xa7\xcf\xf52\xf2\xaa\xef\x91\xae2\x9dJ}9_\xa4\xcdN1+\x0clV\x14{.;u\x1e\xa6\\\xa9\xe7\x85\xac\xf1\xd2D9\x1e\x9b\x9d\xa7\xe7\x1c/\xa0\xf0\x9biN\xccL\xf6`\x92\xb8\x80\x88UP,\xcb\x8e\xa0V \x80\xb1"\xdc]&lt;\xe8\x93\xa0\x8c\x08\xc1\x19Ju\x10\x94\xe6\xe01&lt;)\t\x11\x08o6\x08\xa90\x9b\xa7\xe7=\x0f\x83\xd3\xc1\xc1\xefE\xc5\xea\xf0K\xd9\xb8n\x9e\t}9\xf3\x0f\xd2?\x05\xd8\x0es^\x97\x87\xeagW\xeav\xbb+\xcb9\xdfE\xe3=N\xee"\x9d\xea\x9fK\xca\xf9\x9by\x1a\xbc\xb1Z\xab\xe8\xf8\xfd\x96\x97\x9d\x0f\x96=\xc7\xad\xf9\x95y\xfd\x7fZ]\xf97g\x8f_\xa8n|\xd1\xe8\xfc\xfbz%\x9c-\x8c]\xd7\x84\xbay\x9b&amp;\xff\x009\xc9\xd7\xaf\xb3\x06\xdf\x98\x15\xb71y\xeb6\x8d\xc0\xf8\xfe\x95\xcd\x8c\x82\xfa\x1c\x87\xb3Q\xf5\x8d\x15V[\xe4\x9a\xbc\xb1\xb1\x8a\xb4p\xe80\x19\xf3\xa4\x19\xd3\x8b$\xeb\x1f:\xb3,y\xb3c\x19\xa9\xd9b9\xf5\r\xf5\xf69\x05\xa4\xf7\x0f\x91\xaf\xaf#]\xaamr\x8dW$\xd5\xb0\xd5\xc3G?\xa3\x93\xa5=\xd5\xeb\x0cW6\xc8\x06\x8a\xb7\x10\x1a\x1fI\xe1~\xaf\xc0{\x9e\'\x01\x06\x8f\xdc\xfcKA\xc6\x9e\x8e\xc7;\xba\x91\xc6\x83S\x95T\x81\x9d\n\x86\xe0\xe9\x93Rx\xc9\x92L\xe9\xbc$\x91\x0b#\xd5\x0e\xa3\xe9\x0f?\xf5\x8c\xf2\xbd\x85\xa1\xe4\xd9\xdf\x1f\xe6\xda\x9c\xd7C\x10\x9e\x03d\xf1T\xcc\xec\x0c\x93\x03\xb2Cu\x17\x04\xce\xd2\xdd3\x8es\x84\xf3\xa7x\xbc\xd2vvI\xe3=3\x94\xc6@1DX\xb9FQM&amp;p\xfa_s\xa3\x06\x18so\xbdm:\xb5\xb7\xf3E\x81\xd2fb5c{\xc7zM\'\x8e\xabr\xb7^Qu&amp;\xda2t\xc6\xd2q\n\xcc\x1c;\x9b\x9c\xe6\xcex\xce\x13, d\xf4`o\xcax\x0fm\xe0\xb7&lt;\xfaW\xb3\xab\xa0u\xe4&amp;\x18\xe06z\x14\xa1\x9ez\xccH`\xa0\x86\xd4\xdciY\x10\xd928\xd8\r I\xcd\x89WNl0SDa\xc5\xa2\xa00\x8f\x110\\\xf4_.\xe9&lt;\xff\x00K\xbe\x0e\x0c&lt;\xafs\xd6x\rp\xf3k\xcaz\xd9v|\t\x92\xd3\x07\xcc\xe9\xaf\x89o\x9e\xec\xcb\x99\xc3\xe9\xf5}&gt;\xcf&lt;\xd3\xee\xe1;\xf9\x9e7\xb0\xd2\xea\xeb\xf0\xfc\xefj\xcb\xf6y\xbc\x99\xfa\xec\x8fW\xcf\xc7%\xdb6c\xcbTj\xa8\xd1\xd6\xa7\xaeY[\xd4\x89\xaf\x0fO\xa5\xc2\xcf\x8f\xaf\xd9;/\x96\xa1\xc6\xbe\xce?\xc7\xddG"\xf7\xf0q\x1dW\x81\xech\xbdz\xdc\xdbmZ\xc4\x9b\xcbj\xbe^\xadEs\xd6\x8f-\xca\xad\x80+\xb6\x02S\xdae:m\x1a\x180\x8c\xb8\x06\x14t\xda\xf0\x04-B\x80R\xd9\xc6#\xb3\xa4\xc5\xc20&gt;\xc5\x03\xe2\xf5\xb5\xf0v\xa7\x9bH\x06\x17\xa3\xc1_\x94\xe98~n\xb6\xa8h\xeb\xd0J\x9a\x98\xf7\x16J#gMlz\xf8\xba\x9c?\xa6\xf9\xa7\xa7\xe6y;\xc1~\x85\xf0O\t2\xa7\xb7Jb\xd1\x05T\x0c\xc9*wfd\xd4fK\xc9\x9d\x8d8\xa4M\xdac7w\xc9{q\x97\xa0\xf4\x15c\xce\xf0|7\xb4\xf2}\x0c\xac\xd2\x82\xee\x0cD1"\xa4\xc3\x13\r\x83i\xc0\x192\x07vCx\xbbM\'gL\x92\x8b\xe7RL\xa6\x9eQ\x95)J2\xd37$$\xd1\xca"\xc5\xbc]\x95$\xce\x9f\xd5\xb0Q\xcb\x97\x15\xfb`3\x8d\xaf\xea\xc1G\x96iz\r\xa0\xf1\xee\xd7d\x89\xe0\xf9_\xd0\x1e\x1f\xd1\x8eKJ[\x91\x94P\x93\xa9\x8e\x0f(\x86\xb7W\xc7v\xb9fC9bRx\x0b+\x8a\xef\xb9-O,\xe4{\xce\x17ms\xa2\x99\xeai\x86yhw\x13\xe5\xb4\xc6\xc3I\xe3\x16\xb2o\x04\x9c\xd4\x1dS\xa4\xcc\x92\x8as7\x8b\xb8\x9b4\xdc\xc5\xba\x9fA\xc0\xf1m\xbf\xa2\xbd\xb7\x89|\x99\xb1\xf5\xb4x_\xcc\x0f\xf4\xdef/\xe2\xae7\xed.?n\x9f\x07\xf7n\x0f\xd4&gt;[\xe9\xec\xd16\x9f\xcajJ{\xaf\xcf\x87\x9d\xf4x5\xfd^\x8e\xc2\xb6\x81&lt;l\xf3\x0f\xa3\x7f\xae9\xba\xfb\xb5\xf4\xd3\x90\xcc\xf4\x1c&gt;\xbe\xce\x13\x03\xd1s\xfd\x1fC\xcds\xfb\xfeK\xdc\xcb$[\x97\xfas\xe4\xf353=\x0e8\xb9#\xadFreyu\xf5E\xd3\xe6U\xd0\xb9\xa1\xcb\xd5\x9c\x1d,\xc8\xbb\xdd\x17\x1f]\xc7\xb9\x8b\xc4\xe3\xc6\xfe\x81\xdf\xf9{\xa1\xf3\xf6\xfa\x14_4\xea\xe3\x1e\xe9{\xcf\xfa\x8e-\xba\x0ep\xf9\xdc\xddt\xde\xec\'\xae\xb3)YZP-\x91zW\x85R\xc4\xda\xa2\xbb\x90\xe2\xce\xabr\xce\xc154\xa3\xc9\x88\xcbH\x18\xd5\xbd.2\xbfl\xed\xe1Y\xcc\xe8\xc8\xa5\x11\x82\xc5\x1d\xbb\xd0\xb0\xbaau\xbbs\xf2z\xdd\x11\xeb\x0e?\xcc=c\xcat&lt;a;~\x85\xf0\xae\xce\x93\x8b\xa9&amp;\xcaN\x11b$A\x88\xcc\x84\x93\x84\xde2\x13\'q\xab"\xbc.\x97\xe8_-\xf6\xc9\xc6\xff\x00-\xd2\xf9v7\xe7\xdc\x0fC\xc9t0\xc59N\xee\xf3QRC\x1cM\x01W\x19\xc3J\x0c\xec7L\xe8L\x92\xa4\xec\xe9\xcd\xd9\xf3\xb9&amp;yo(\xca\x94\xe5\t\xe9\x9a$&amp;\xd1\x8a"E\xa6vT\x9e.\x1fqfs\xb1\xc3\x9b\xd08\xbew6\xe7\xd1O\xe4\xb5\xdb\xf6,\xcf(\x1dO\xac\xe1p\x01\xa5\xdeqtC\xa2\xd0\x96Em\r\xe8\xf3\xdb\x08\xbcN\x87EG+.\xd1\xc8\xe6z\xa8\xda\x89"\x94!\x86\x99\xb3\xda\x0f1\xb1\xc8\xe8r\xbcOG\xcak\xb0\x12Og\x98\xa7\x9e\x84x\xbf&gt;\xac2\t\x8c\xc9\xb5\xcd\xd2fI\xe3)\xa7v\x90\x9d%P\x9d\x8e\x8e\xf3\xe8\x8e\xaf\xbd\xf2/3E\xdf\x8e%!\xd0\xe65\x965\xdc\xcb\x1f,}\x0b\xf1\xdf_d}G\x8c\xfao\xcf\xf6|\xc6\xce\xad\x7f\xcf;\x87xO\x85Y\xea\xfc\xd3\x8c\xf7\xf3\xd6\xe3x\xdc\xbf\xa7\xaf\xab!\xc3\xf7?&amp;\xb1{\x7f;\xe8x\xefk.\xae_5\xed\xf3y\xd8&gt;\xdfWg\xd0d\xf7[e\xc3\xf2\xfe\xa9\xad\xea\xe5\xe2Y\xfe\xa7\x83\x9f_\x8c\xe1\xfb._~\x1e^\xde\xf7\xd0\xf9\x9a\xf8!}\xf2\x1e~\xde\nom\xce\xd2\xbc\xc2\xcfve\xb7\x9f\xe7z\xab\xccx\xfd\x7fj}\xa3\xc3E\xef\x0fq\xe1\x15}\xdf/s\xc4\xeb\xfbH;3\xf1\xb6\xf5\xe6\xd6&lt;~\xcf\xa6\xe3l\xf9\xddAfm;68\xea\x9b\xe1\xe8\x9d_\x85\xbe\x1a{\xfd\x1e\x03\xd3&lt;~\xd9\x0bEy\xda\xf3\x9a\xb6\x83\xb5\x1a\xf6v\x82\xcfc\x9blI\xa0\x80\xe1\xbe\xa0\x99\x83\xb6 \x93t]\\\xb1\xd1\xd4\xf4~\xcf\'\x8d\xb9\xd3\xd6\xael\xbd;\x96\xaf,\xeaf\xe69\xfa1|\xf3\xae\xe2y}\x1f\x1aI~\x89\xf0.\x92M\x12\x05\x91\x93\xa4\xd9I\x14\xc9\xd0\xa0\xa4\xecgS\x06y:R\xd9\xcb\xeb\xea=\x87\xd1\xb9\xfe\xa7\x19\xc8\xf1?Z\xf1!\xf1\x18:\xb9[X\xa4\xc8D$\r7\x16\x9bMDe\x1b\x00\x1b\x15\xee\x04\xd2\x80\xe4\xf1q\xa4\x9aiN2D\xdd&gt;T\x92J\x9eQ\x95)\xbbKL\xdeq\x98\x14\x83$Z\x8c\xa27M!z\xb5\x8e2\xbfG\x1fo\x0f&gt;\xa4?H\xad\xe6\xd5\xc7\xe94|\xf4c\xeeir(}%li\x05\xf1T\x90X\xf4\x7f4\xf4\x94\xbd\x8a\xd6m\x8a\xf2\xed\x8c.\x91\x0fT\xe1iEg\xbdJW\xc3\x17\xcf\xf1\xbd\xff\x00\'\xaa\xf2\x9e_\xbd\xe4v\xd79\xa5\x13fvy\xb2Hr\xc3g\x84\xa0\x9cRmrI\'.\xf1\x9c\xe8\xf2\x8c\xa7GL\x9c\xbf]\xc8\xfa\xb6k\xedRg\xe5\xfc\xeci\xc7\x9e\'\xcdk\xafJ\xa5?\x1e\xefj\xf17&amp;\xb6\xfeo\xf7\xee\x0f\xd2\xd6\xb7\xaey\x87\xa0\xf0z\xd8\xf2\xd2\x1f\xcdtQ\xa1\xb3Qk\xcdp&gt;\x99\xc7\xfd\x0fW\x82\xae\x8fg\xf4_\'\xb6\xd5\xc4\xcb\xf8\xbf[\xbd\xb7\xc7\xfa7\x9b\x8e\x15_A\xd9\xdf\x1f\x16\xaf\xea\xd9=\xddV-\xe3\xd21\xdf\x16y|\xc1\x10\xfd\x07\x9ef[\xdd\x9f\x1f\x1e\x13t\x84\xe8\xcf\x92\x0fa_Z\xe4\'\xb9\xcf\xe3\xd1g#F\xaa\xbe\x7fq\xf5\xbd\x1b\xa8{\xb7\xd7.e\x9d#N\x18!\xeb\xeb\xe2r\xb0\xdd\x07\x87\xd3\x8c\xb7\x9b\xa9r\xb9=\xa8\xeb\x7f?\xc9\xf5\x10o\xbf\x8d\xe1\xfb\xce\x7f\xa7\xa7\xce\xb9~\xed\x81\xf4=&gt;A/G\xce\xf4\xa3\x8e\xda\xb1SX5\xec(8\xed5\xbc\xc8y/\\\xa3\xe6\x17\xf9:}\x0e\xa7\x1b\xbd\x96\xb6!+\xabL\xde\xe7\x83\x9fF=\xafS\xc8\xe3\xef\xc1\xed\xe2\xf2\xbd\xab\xe4\xea)V\xad\xc9\xb6\xd7\x1f0\xf3\xf5g\xf9\xafy\xe3\x1e\xaf\x178\xec\xff\x00m\xf1l\x93\xa7"\x08\xb2\xe4\x99\xd3I$\xdd\x93\x02L\xec\x94\xc70\x94\xa1$\xae\xfaw\x9d{u\xe3\xea:Cnz\xe0\xbcc\xd3&lt;\x7fE\xcf\xe7\xda\xabz\t&lt;\x18c\xd742E\xe2\xa9\ncj\x00(m\x05\x9e#yE\xd0\xe9\x92\xa7\x94f\x89\xbb&gt;M\xd3)\xb7\x9c\td\xa5\x19i\x93\xce\x13\x02\x90e\x8bQ\x93\r\x9d\xa4,h\xc5k\x93\xa6CO\x17d\x92ByFmI\xe0\xe2\x94\xa0\xe1k\xd3&lt;\xc7\xd5\xc8\xf42T.\x9e]\xb3V\xbb)\xcd(\x81^\xbc\xe6\xa4\xd2&amp;]\x19\xd8\x1dV}O\x96\xf1\xde\xbd\xc8\xf4/)\xcf\xee9s\xab9\xa5\x13U()\xb9\xb4TS\xa6NRI\xa7\x9cg\x1a\xbb\xbb\xc6\x90y\xa0o@\xe0mA\xfa\t\x95\xcf\xf6_\r&gt;y\x8b\xea9\xfcO\xceu\xfb\x19y\xb7\xe6\xfa\xdd&amp;\x175\xf4|\xe6\xa5.g\x97\xe9&gt;E\xeaQ\xebkb\xf5|\xcf=\x80Q\x9f\x95\xdb_\x9f\xe8\xf3\xfa\xaf\xca\xb7\xba\x0b~\xedyg)\xec&lt;\x8f\xb2U\xf5N\x13\xbb\xf34\xee\xcf\xc7t=\xbel\xb9m\x0e\x1a\xfa\x8b\xbdD?7z\xc4\xe3\xa8m~\xa3\xab\xe6F\xee^\xba~B\xff\x00\x81\xe6\xed\xd7\xcb\x16E\xba#\x0e{\xd3\xe7\xfax\xf6\xf4\x92\xc5Yq\xe5x0n\xcc\xecUj\x13z}\x07-\xb3\xee\xf3\xed\xc7?GNZo\xa4\xfe=cCr\xbf=\xe5XK\xce\xd6A\xbbW\xaa\x04JT\xcd\x01\x8d\xd2\x8dts4{\x91\xef\xb7\x97\xe2z\x97#\xec\xeb\xc2\xe6[\xc3\xfa\x99\x9d\x0c\xccOg\x93{3*^\x87\x16\xa6\x86\x14\xe7^\x8c\\\xe0au\x05\xe4Ue\xdflp}g\x97\xdf\xa7\xa5\x84o;\xbbwo\xc9\xb1:x\xfe\x95\xa3\xe0zU\x87s\xe2\x1d_%\xee\xf9\t%\xeb\xf9\x0c\x93"D\x14\x93*\x8a\x97%\x18\x84\x94\x13&amp;\x86\x84i\x06a2\x82\xe3]\x07\xd0\xbe\x1f\xf4J\xcb\xa5\xcd\xd0\xe51\xaf3\xf2\x9e\xdb\xcf6*\x8aq4\x08\x8c&amp;\xa4P\x152\xa6uQ\x8c\xa0\x02\t\x85R\x18\xca#R\x8c\xc1\x9d%Jqydv|\xa9\xd9)nA\xcfBr\x8b\xdeo8H\x0eP\x9a-3\xb2l\xec\xec\xc3x\xbe\x99\xbb2\t(\xb0\x15\t4g\x03\xb0\xc8R\x14\x8a.\xa4P\xf5&lt;\xae\x8fN=cV\xd1\xae+\x17\x83)%\\Y\xedh\x17\x16\xe8k\xd9\xcf\xbf\x96\xd3\xab\xa0\xd1x\x18\x9d\x9d}s\xf2\xce3\xdc9\x8d_\x84fz\xbf&amp;\xba\xb9\x16\xd0\xa6\xb7\x1a$\xe6\x80\xad\xce*\x8b\xe9\x964\xca&amp;\xc5\x8c\xb7\xc3\x9e\xf1r\xd7\x9e\'@\xf0\xf0.i\xb8\xbe\xd1\xec|\xc3\xbb\xf0\xb8\xecP\x95O\x98vA\x95S\xc6\xd7|X2\xe0\xbd\x81\xe7Z\x97R\x9e\xe7\x0b\xd3\xd9\xe9x\xbc7H\xfd\x1c\xcd\xae\x08\xbavz\x1chh\xf89\xd5\xa5\xd2ft,\x8c\xee\x94Z\xd6p\xf4\xb8\xbfW~\x8fs\x92\xcc\xed\xa9k\x8fG\xcaC\xe2\xb7\xbc\x9b\xd2F\xe72\xf2\xbe\xeb\x93\xd0\xec\xe1\xf4\x9e\x7f_\xaa\xf4\xdc\xae\xbf\xcbq\xec.`\xdf;\xa7@\xb9=\xe4k\x9a\xafE\xd3\xc9\xcc\xda=&lt;\xaaSmk\x9cl\xad\xca8\xf4s\xba\xb6\xb4:\xa8\x16\xaa\x13\xcf\xcboG\x9c6\xfc\xfd%\n/\xd1\x94!\x01|\xff\x00d\xa05\xad\xb1\xe2}\xa1\xe4\\\xfds\xb6^[\x0b\xbf^\x87\xe5O_\xf3/\xb2\x8e\'n\xce\xff\x00\xd6\x9c\xbe\x1f\xac\x02N#\x07\xd4\xaa\xdb\xf3\x9dn\xc9\x0b\x9a\xad\xdd\xdc\x0f\x0e]\xef7\xd7\xe7\xd0\xb5\x1d,\xfan\xef\xd5\xdf\xf2\xbb\x9e\x9c\xfbNL&gt;o\x87g\x9b\xf5\x7f9\xcf\xbe\xa87\xca\x82\xb2*\x81\xc6piLrL\x8f\x19&amp;\xd1\x93\n)\xd9\x8c\xe9\xc2Si\t\xf4(\xec9\xf4?{\xf2\x9f_\x8c\xe7\xe6\xfd\xe7\x8c\xe7\\W\x1d\xb5\x83\xb5\xc1&amp;T1\x14Lb\x88\x82+\xb4\xe5\xc0d\x80\xc4\x03\x06\x90\x99\xe2\xdb\xbc\\\'\x17SO(\xcaI\xbb&gt;t\x93)\xa7 \xc9D\xdd\x9fL\xd4\xe0\xe0s\x00\xd1\xa4\x99$\xd9\xd9\xdc\xf3\xeaR\xd6\x06\x88\xe04I\x08nI5\tM\xc5\x07\x9b\x81=\x1b\x81\xf5\n\xcbX\xef\x1d\xbc\xed}\xae\x7f]F\x9da\xe6\n9\xc0\x8a\xd3OC\x1a\xe0o\xe8sv\xf2\xbe\x98\xfc\xe11\xe8\xde\x0e\x155}\x06FM\x05a\xe3\xb7\xf0\xb2\xec\xe6)\xf4\xcf\xcf\xd9\xcd\x13\xa3\\\xdd8F\xda~~\x8c\x92\xe8\xac\xae\xa4\xec\xb4Pbq\xd4\x08%\x16\xb9\x04R\x0fF\x1fYv\xbe\x03\xed~\'\x00\xe9\xdd\x07\xcb]0\\\x0f\x97@\xb0:\x88S\x08\xbd\x9c\xfa,\xf1\xed\xad&lt;\xcb?\xd3\xb9|}\x0f\x9e4\xfa\xaa\x7fi\xb7\xa9\xce\xadO\x8b\xf4\x07\xd5\xf8\xad\x1e\xce\x8f\xa0&lt;\x9f\xa0\xe48\xeb\x8e6\xbf]\xf4\x9d\xb9\xd6\xafT\xe5\xe4\xea[\xce9\xce\x1e~\xbb\xca\xe9e}\x9f\x9f\xba\x0bwzp\x06\x86\xbf\x10\xcfP\xed&gt;hnE\xea\\e\x06\xd2\xec}\x0bg\xb3\xf9.\x89\xd9-\xdf\x8d3\xe1z\x87\xa7\x99*\xe3\xd1\xe3\xe8\xde\xc8\xadO}\xb6\xacq\xa1\xd6\xbd\x0e\xc7\x0b.L\xfbhq\xb1\xd8\xeemyE[\xafb\x87\x9d\xf4^y\xbdb\x85\xde(\xb2\xc2\xc4\x88\xd3\xe6\xfc\xcf\x17\xeb\xef\xb6\xa1\x8b\xa9\xf5\x19\xd9\xde\xe04kl\xbb\xf9\xbd\xdf\xa5\xe7\xd1\xab \xe5\xa7\'\xbb^\xeb\xd3R\xa3\xc3\x1b\xc8\xd0\xb1\x0e\x8cu\xfc\x8f\xd2&lt;CL:1X}4\xee\x8f\xc2Z\xe1\xf5\xba\xfd\x1bTr\xe4\xcf\xa9\xbb\x1b\xcf\x99\xa9\xdd\xd7\xe9\xe7\xe0jz(:0\xf3Z\x9e\x9b_\\\xbc\xc4&gt;\x99[L\xfc\xdc~\x87_\\\xb8\x08w \xd3..=p4\x8eY\xf7A\xa6Ys\xbb\n\x81\xf48\xddu\xe5\xed\x9d\xff\x007\xd2\xe5&lt;\xef\x83{\x0f\x82\xba\xc0\xce\xb1V\xed\xd3 a\x14l\x84\xa2\xe2&lt;\xc4Im\t\xc4a\t\x83H0$)3\xb3\xb2R\x8c\xb3\xb5(\xca\\\xdd,\xe9\x92SH\x90\x9d\x04Q}3y\x0eb)\xc0x\xd2I%I3\xb5\x8c\xf2[a\x17\x92\x08&lt;\xd3\x13\xbb\xa4\x9aI\x89\xd3\x8a\xe7\xa8y\x87\xa6K\xdf\x13\x8eq\xb7w\x19E\xedP\xcf\xad\x9e\xb6\xc7L8\xf5i,ag\xb6\xfc9\xf8g\xa6\xfc9\xf8g\xa6\xe5l\xc6\x8d/\x8a\xb3g\xa1\xe2&amp;\xce\xca\x82\xc9\xd8U\xd1V\x15v\x9a&lt;\xab\xc8\x0e\x80\xf2\x14Q\x8e\x99 \xc8Z\xe21H}&lt;\xe5\xfa\xab\xe4\xbf\x7f\xe6\xe7\xf4\xdc\xfa\x83\xf9\\\xacVw\xf3t\xce\xe9klg\x98\xaao\xd3\xe5\xd3\x9e\xbd\x1a\xdd\x97\xb2L+\x1dh\x9eu\xdaW\xdb_\x14\xef78-\xfd8\xf3\x1d\x8f\x01\xebz\xb7\xa6~c\xa6:\xcd\xdf(\xd8\xe2}\x0e\r{\xb6\xf2\xaau\xc5\xbc\xf8bz\x9d\xce|\xf8\x1e\x98\xdd\x17\x16\xdc\xb6\x07\xaaa\xe3\xcd\xe3\xd4}_#\xdd\xe7\xf3\xce\x8bJ\xe7N_B\xcf\x8c\xee8\x15\xfe\x07w\x03\x9bZ\x9bx\x9a\xf3\xa6}\xb0u\xff\x007r\xe79\xbd\xefe/A\xf3\xff\x00c\xea\xe5\xe4p\xbd\x0b\x8c\xf1\x1ect\xa2\xf0:\xb8\xbf:\xf4\x9f\x1d\xfa\xad}\x13\xa4\xf9\x8fW\xd7\xc7\xe9&amp;\xf9\x8a\x97\x96{7\x0b\xc2\xbf\xd1\xf3\xeais6\xbb\xd7S\x7f\x98\xb9\xc7\xd3\xd3\xcb\x9f\xe6\xf1\xd3\xab\xe8&lt;\xf6\x1d\x9c\xfe\xbd/\'\xbf\xc7\xa7a\xbb\xe7\xc5\xe7\xd7r\x87%O\xbb?J\x9f\r{\x1b\xd0\xe69\x81\xfa\xbewGz\x9b\xce\xa5\xbd\x8d\xb1\x8e\xba&gt;\xc1\xe3\xfd\xaf5\xf5\xd9\\\x96\xdf/E\xaa@&amp;\xb8\x99A\xf4\xc5\xd32j-\x10x;\x0cq;\x8a\xa0\xb4\xcbK\x9e\x07S+\x8e6\xb7y\x1d3\xe0zM\x82\xf4r\xf7\xba\\\x85\x8e\x8e&lt;\x1f \xf5\x8eq\xd7\x95\xd4\xf4\xca:\x1ez\xfd\xadM2\xe4\xe1\xd2\xd5\xd20\x1bN\xbe\x99\x84\x8d14\t\x00\x08\x8e*A\x89\xa2\xc0\xb9\x18"\xf2im&amp;ysI\xe2\x99\x9dE\xb1!:$\xa2\xfa\xe4\xa69\x88\xc7\xaex\xd2i\x99T\x93;YRR\xd7\x04\xeaLf\x93\x84]\xd0$\xe8\x19\xd2e\xbfA\xf3\xde\xe7\x9fn\x8a\x15a\x86\x96\x04\x01&amp;q\x04SG\x18\x076Q\x8a\x11\xa9"6\x976\x8bM\xcd\xc2\x95XU\x92\xa3\xaa\xf1\xcd\xd8j\xe9\xb3\xb0]\x85\x8cc,\x8e\x17\x19\xdc*Y\xa2&amp;\xa8 \x9a\x1ab\xc2\x90\xb6\xcd\xaePmq\xfa\xe2\xb4z\xaf\x87\xcf\x96\xefy\xf1\xf85\xd5\x8f\x9c\xa9\x9e}\x90\xb9\x1b\r\xe9g\xebV\xbd\xb0\xa1r]\xf5\x93\xb4=}Ir^\x8d\x8b\xe9\xc7\x80\xc7\xa6\xe4\xb6\xf68\xcc\xee\xb3o\xd0\xd77F\xd7&gt;\xef\x94\xdab\xd6\xfd\x9e\xaf\x1bc\xc5\xd3\xd0|\xc7\xb6\xf3[X:\xf2\x17\xab\xd1\xdd\xf6&gt;S\xb9\xe0G_L:\x9c8C\x84\xf6\xaeJ\xf1\xa9\xaf\xf3\xed\xdf\xa8=\xc2\x8f\x85\xeb\xa5\xec\xc0\xf2\xbc\xac\xcfD\x17-\xb5\xc3{\x06\xee\xf9\x1e\x9ct\xba\xcf1\xde\xf3v\xea\xf5\xb1:/\x8fZ8\xb7\xf0\xf9#\xcfy\rlO\xb8\xf5xz\x1a\x86\xfa\xaf\x0b\x9d]\xfe\xff\x003\xf2Cz=r9U\xe9\xdc&gt;]\x18\xaf\xda_\xd2&lt;\xebK\xb9\xe8\xbc\xcd\xfc\x05\xbd\x7f\x1f\xbf\x8f\x89\xd0\xefj\xf2\xe9\x9c&gt;\xa4\xfc\x1bp\x1d\x97e\xea]|\xff\x009\xf0\x9fF\xf0\xd8o\xe6\x95}C\xbe\xa9\xf9\xa6\xaf\xac\xf2\x9e\xd6\\\xce\xee\xb6\xcf\'v]\xbe\xff\x00\x8f\x8c\xdau%\xd1\x89\xa7Zw\x16%]\xd3&lt;\x07\x00,\x03\x16\x19\x84\x9a,\x81 \xb0Z\xa4E\xa2\xd5:,H2Ub@"D\x98\xe4\'iL\x02\x1b\xc9\xac\x9a\xfbl\xcev\xa7X\xa9p\x99\xfe\x8f_X\xf3Z\xbe\x9b_l\xbc\xc2\x9f\xa7U\xd7?0\xab\xe9\xb4v\xc7\xce\x07\xdf\xd2\xd3&gt;.=M=2\xc1\x86\xc5}3\xcf{0\xa9\x83\xc9\x93\x8b\'\xce\x99\xd9\xe8t\xcble1\xcd#\x18&amp;\x8d$\x93\x14\xef\x07&amp;\x92\x9bm\x93;8;\xa4\xc7d\x81\xd3 L\xec\x16{&gt;/\xb1\xc3]fM\x93\x80\xc8!\xc2\x0f\x01\xb0\xe64\xe1\x16\x0c\xd9b\x16\x8d\x0e\xc1h\xa30\x94\xd4\xe2\xcc\x9c\x99&lt;\xd4\x1d\xdd[\xbb%Rh\xa8\xa9\xa1\xb5\x04pI#\xc6-r\xd0x\xde\x0c"\x06\xd4"\xf1\xd7/E\xfaS\xe4\xef\xae\xfe^aG\x7f#\xe1/\x84\xc4\xeb\xf3:+\x14\xb7\xeb\xec\xe3\xd3\xf33\xa3\xb9\'#\xd3\xd9\xada\xaf\xfby&lt;\x967z\xcf\xe3\xfa\x0c\xef/\xd4\xe0\xcb\xd4\xb6\x1e\x9d\x9f%\xf6K\xbe\xdf\x17\x9b\xe9^\xab\xd1K\xa7\x8e\x1c\x13\xe5\xfaN\x16{q3\xfbZ\xc7\x7f7st{\xe5\x80k\x98\xa4\xce\xfb\xd1\xbe_J\xf3\xfd\xee\x861\xf1\x9eK\xd3I\xd7\x9f\x9cki`\xe9\x95/C\xe7a\x13\xee|\xdf\x9f_\xf1\xfb\xfbN\x97\x84\xdc\xf3;=2\xff\x00&amp;\x7f\x8c\xcbW\x82\xe6\xf6\xfd\xee\xd1\xcc^\x8d\xec\xf9\x9e3w\xda9\x9e\xac9n\x98\x1a\xff\x001\xdb\xc7r\xfe\xc7\x9bg-G\xa8\x8fi\r\x02i\x19R\xd5\xbfs\xc3\xe7\xc6\xa3\xd4\xce\x177\x8f\xde\xe1g\\q5\xa3\xd5\xb0\xf6r6\xdcY\xe7:\x01i:Q&amp;vYO\xcd=H\xbd/\x97&amp;\xb71\xe9\x8f\xc6\xef\xe5\xfa9\xf3\xea2\xf5\xad\x12\x0e\xd4\xd9\x99\x8f\x14\xc93:\x06I\xc7)\xb1&amp;\x99&amp;h\xc6\td4\xc79\xa9Lsaf\x19\xa4i\x84\x88#\xc1\t\xe0\x99\xa4\xc9\x9bx\xbc\x13a\xce\r\xc2\x04\x8ab\r\x81MU\xab\xa0)\xbc\x9a\x9b\x83\x1f;S\xa9\x15\xaeB\xbfd=q\xe2\xeb\xf7#\xdb\x1e\n\xbf}_lx1\xf7@\xd7.\x1e=\x90\xbay\xb9\x19\xf4\x82\xbc\xb1M\xa1\x1b\x9am`4\xa1(\xbb\x8a\xc9\xdb|\xa2\xf1H"gbL\x81\xd2@\x99 ?g\xc6vX\xde\xc4%\x0c\x9c\x06H\x0c\x028\x868Li\x84\x07\x04\xdbE\xdb=\x19&amp;\x9a\x93\xc6sM\x19\xc1S:y\xb6I\xd5\xb4d\xc3f#\t\x9d\x98i\xc6\x84F\x84\xae\x19I\xa0\x88\x8b\x0b\x801t\xb6\xcb\'\xdf\xf0}o\xcc\xc7X\x98f\xfc\xe3~\x9b7\x12\xa7\x91\xa6\xa6KG\xb0\xa4C\xd9\xea#v\xb6\xacV\x95\x0b7}\xac\xfex\xe9\xc9\xd3z\xfe\xa7\xa8\xf0\x16o\xf3g\xc6\x1a\xc2\xf0\xfdQ\xd5\xd3\x06\xd1\xc5U\xb3\xe2\x7fY\xcb\xed\xfco\x9fw\x9e\x87=\x7fB\xf1\xefr\xf3\xfd*\x1c\x81yW\xdd\xb7\xad\xc5N\xe7qy\x8fI\xd7\xe5\xfa-\xc6\xe99\xf1\xf1\x0c\xdd\xfek\xa9\xf7]\x8f\xcf\xdb\x18W\xba\xc7\x9b\xa1\xe5\xf7Y\xbd\xaf\xda\xf1\x9c\x17K\xd7\xb6\\\xf6\x8c\x1e\x8f\x83\x93\xce\xeazw;\xe4v\xf2|g\xb1\x8b\xd4^%\xaf\xdfu\x15^[s\xd5\xb3\xa3.cL\x14|^\x99\x16\xa5\xb8\xd6\x01,h\xcc\xd85\xa57\xa9\xda\xa4\xb8\xf3m\xd0\xd4\xe6\xe8j\xd7\xecd\xb2\x96\x9d~\x83\x9d\xdd\xa7c\xb3M\xca\x16\x17\x0f6Q\xa5n*V\xec\xf2\x7f]\xc7\x7f\x8a\xea\xf9\xddt\x05=\xfa\x1a\xf8\x9eo\x0e\xe7\xa2\xfa\x0e\x9f%^\xe6oExC\xfb\xf5\x86\xbez_F\xd9\x17\xcds\xfah\xee~d\xb1\xf4\xd9\xaa~i\xb9\xf4|\xea~s/\xd0\xf0\xa9\xf9\xe6\x87\xd2\x14\xb3\xd7\xe6\xf9w\xbc\x07\x9d\xeaIAN\xa5\x90&amp;\xd5\x89\x86r\x8a\xe3 ;I\x93\x8cd\xc3\x84]2-8\xaa\x8cI\x08\xa8\x08\x82T\x00\x92\xba\xa6\x1ca\x14\xf1\x84S\x90\xe1\x14\xa7\x08\xb5";J\x94\xa7\x02\xb2N\xe5\xd2\x01\x1b\xa5\x16P\xb7\xe7q\xc8\xd3\xee\x07\xae^\x7f[\xd1\x87\xb6^%\x19G\xe8\xbez)8$\xcc\x0f8\xc8\x1d$\x0c\x92\x03\xf6\x1cwa\x95\xeb\xb2l\x9cDA\x80\xc2Q\x8cC4@\x00\xb2(\xd4\x08\xab-G)&gt;Z\xc2$\x84\xd3&amp;t\xde2b\xa0\x931\xe6\x155b#i\xb4\x125\xc0\x1c\xcfy\xc0\x93\x94X\xe2}7\x9e&amp;\x87\xb1\xfb\x1e\xdc^\x07\xec\x9e\x81-92\xd5\xfa\\\xb8\xe3\xf3\xbd\xc7/\xf9\x8f\xaf\xc9S\xf41\xe5\xa7\x0fgc\x99\xdenV\xc27Mj\xe9\xe4\xeari\xa8`Z\xaa\xc9\x00(\xf5z\xbd(\xf9\xcclz\xfd\x03:\xac\xb2-[\xc0\xc2\xee\xado\r\xebn\xfd\x17\x1f\x9c\xfb]\xfc\xee\xec \xfb\xdc\xb6\x1aU\xe3;\x9a\x9a\xc7\x98\x1f\xd6y\xad\xb3\xe3;\x9c\x8e\xe0\x99^\xebz^J\xf8\xbbc\xeb\xaeO\xbb\x97\xe7\x0c\x0f\xa49%Ty\xbfT\xe4\xb9:\x8b\xe9\x9c\xff\x00A\xf2\xfd\x1aP\xbds\xe5\xb4\x0e\xd6wKxW\r\xd0,K\x03\x07\xe9\xf1\xcc\xb7\xb3G\x90\xca\xab\xad\x83\xe3\xf6\xe7\x87r\xbfOVX\xad\xd8W\xa9.f\xd7\xa7\xce=\\\xda\x9c\xba\xf5\x99\x9c\xee\xff\x00\x0eB\xdc\xe7\xfa\x8cTj^\xc7\xc2ag\x9d\xb8\xbb6\xa8\xeb\x97\x97\x93&amp;\xe9"\x80\xe0uOO\x1a\x86\x97\x19\xf4nw\x80\\\xf9z.\x83\x8b\xe8=o\x08\xdc\xc7\xa2\xe7\xfb\xdc}\x16\x97\x19\xbf\xf4\x93\xaa\x93\xf6\x89\'\x04\x99\x81\xda#\x02\x885\xda\xb0\x1a\xb1\x15\xebTo\xa7\xcf\xfc\xfb\xf4\x87\x80\xf9\xbe\xa7:\xf0\x7f;\xd7\x94\xa3&amp;\xa6Q\x15\x04 \xa5.l\xd1M\xda,\x9c\x9a\tT\xe1\x06\x1c\xe0\xf1\x08\x02\xc0\x06\n\xd6k\xab\xae"\x891\xc0\xa8\xa0\xb1\xdb R"\x9a\x8c\xdc\x90\xe3)\xca\x94\n\xa7r\x8a\xd3\xa9\x94\x92\x07\x90\xdd\xa3\xcc\x06\x17\xcf\xaf\t\xfd\xa7\xc8AJ"L\x9cn\xec\xc2\x9b\xc1\xc1\xd32v;NS\xb2\xc7K\xb1\x92\xcd\x8cf\x8au\xe0h\xaa\x14\r\x08\xd0\x02\xb2\x18\xd2\xb3\x11e\xa0\xd8\xcf:WF\x82cy8\xc4\xc5t\xeb\xb5\xa4\xaa\xa2\xb8\xca\xabJ\xc4f\x83\'"cD\xd7\x16\x16\xb7\xb2{7_\x9b\xe2~\xc9\xd4\xcf\xa3\x84O(\xde\x11\x1b\xb2\xa0\xd7\xb3\x97\xc0oac\xd4\xfc\xe7\xd2\xebly\xd5\x1e-=i\xb07\xbd\x1cp8_W\xa5\xady\xe5\xae\xab\xcc4\xe9\xb3\xc9\x89\xbe\x83\xd5\xb3\xd7\x0fo\xc9\xd0\xdc\x9fq\xce\xf2\xe7B\xd5\xac\xfe\x8b\xc6\xc6\xdc\xe2\xb9}\x8b~\x89\xe3\xdd\xff\x00\xb9\xcb\xe8\xc3\xe5\x81\xd3\xe3\xc3\x9d\xe8s\xb0\xea\xe75:\xf3|\xafW\x13K\xd08\xde\xe37\xa0\xe2u}x\xef\x85\xc6\xe4\xeb\x87\xa7q\x9c\xcf9\xa4v\xbdo\x8d\xedB\xebiy\xbc;p\xf5Z\xfc=\x0ck\xe9\x8e\x87\xc1\xfd\xe7\xf3^\xbd\x9e\x8f\x94\xeb\xfd\xbf\'0;\x1c\xf8\x9f\x9b\xe9\xe9y=\xa1\xc8\xbd\x9d\xf4Sk\'K\x97\xf9\xde\xdd#\xe7[6\xb1RWu\\\xe6\xd0\x9f-\xee\xf3]\x16\xc6\x9c\xdc.\xb0*u\xef\xa1\xb9\xe7\xbdW\x9b\xa7YI\x85\xebyTG\t\xe7\xd7\xad\xb9\xcd\x1f\xcd\xe7\xd9\xb3\x8aE\x85\x96Wy\x1d_(\xf4\xec?Z\xb9\x99\x9d\xf4\xe7\xb3\xa5F\xe6\xdeWG\xa1\xca\xec\xfb8\xd8\xca\xdb\xcd\xf5\xb0\xb5\xd8\xf9\x17g\xdd\x97V\xdc\xc2\xf4/\xa6\x1eYz\xe6\xd0\x02-\x14\xebY\xa8\x9c\x0bV\xe0h^\xa9dx\xbe\r\xec\x9e\r\xc1\xe9P\x90e\xe7z\xe6%r\xa0\xb3\x1c\x80\xce\t\xc8d6\x1c\xe3\x06M&lt;\x19T\xd2I\xa4\xd1B\xaep\'\\\x07\n\xd01$b\xe0\xcf\x04\xde\x0e0\x9b\xc1 \x93\xaf\x10\xb7*\xa6\x90\xe5\r\x80\x9c\x9am%)Z\x0b\x1d\xaa\x07)9&gt;\x04\xa6\xbe\xc7\xe5"\xc6y\xa0H\xd2L\ri\xe6\xaa\xbd\xa7\x8d*Y\x99s\xd3{w\x9c\xe9TIXD\xd4\x8d\xb6\x9a\xa7\x1bc\x9b\xaf\x1b0\x8d+\x06\xe8s\xd6\x9bY\x84i]\x8f\x18\xb8D\xcah.U6\x14h\xa6\x19:i\xa1(\xb1\x98\xbdH\xb9\x1e\x83\xdc\xfdK\xab\xcf\xf1\xef\\\xda~\xcf:\x12e\xa6N\x93\xa2-(\xc4\xc1\x94\nf\x85\xae$jz\xb1\xf0z\xbc\xe7\x8e\xf4\xb1\xfc?o\x01\xad\xd5\xe9t\x9c\x8e\xde\x8d\x0e\x99\xbdL\x1c\xef\xac\xbc\xc7\xa9\xcc\xdb\xe8\xf6\xf7(\x18&gt;no\x83e\x97^\x85\xdc\x1a\x9e\x8c\x93\xcc\xbb\\\x8b\xef\xf3\xee\xd7k3\xaa\xb6\xedp\x9a\xd8\x0560\xb6\xd7\xaa\xef|G\xa9\xf0_W\xe6&gt;\x99\xe7\xb8?:\xb5f\xbf\xd8z}\xde\xd7\x8e_\xcf\xc7\xeb\xb1\xfb/X\xc7\xc5\xf9\x9b?\xec\x1azq|\x85\xb3\xef\xfeU}\x989s\xe8\xf9\xa3\x9f\xf6\x9e&amp;\xf7\x90{\x9e\x97+\xb3\xf9\xefOG\x93L[\xe4ZY\xf4\'\xb3V\xcf\x17?L/\x9fB\xef\xd2\xeb\xd1n\xed\x1f\x87\x97\x1bj\x8c\xfcM\xad\xe3h\xb7r\xcf\xb3\xaf\x93\x95\xd7\xc3\xe9\xab\xfau\xc9\xe8r\xdb\x1d^\x8fL~K_\xcc\xe5\xdb\xa8;:sX\xc2\xcb\xc8\x9d;\xad\x7f7\xd2\xf3W|\xdc\x86\xa74^\xac\x02\xfd&amp;\x00\x95\x81o\x1d$ym\xbe\xef7w\x95\xf4\x8a\xdd\x1eG;l\xb64\x91\xf2=\xbd\rr\xe1I]\xfe\x1fMK\x98Z=\xa7Q\xab\xc6\xcb\xe9g\xb1\xce\xcd\xb9\xed#\xe8\xd0\xd7\xf6&amp;\xf0\xcd\x94\xeb\xcf\xfcW\xb8\xe0\xfc\xdfbE\t0\xeb\x9c\x82\xc8\xb8l\xe3\x05\xc4"\xc3wM4\x99DsqJji\xa5\x17\x07y !5I\xb4\x07\xaf:F1I\xca\x0e\xca\xa3\x13)aE\x9c\x95\xd5\x894\x02\x12nbu0\x94\xe0\xc8\xb1*\xca\xd5\xc7\xa6\x9a\xbd*\xc5\x1f\x88J\xd3\xfb~Hfe\x9e\x95\xe2f\xa9\x14lI\xaa\xafi\xc5VW&amp;\xa8}F\x07B-G4\xb4\xe7\xab\x0bBN\xb8\xec\x08b\x89\xdej\xb0mV\xcfZ\xe3$e\x8eO)\xa11\x054\x87(\x84 X\xd0\x18Y\xeej&lt;\xff\x00\xb0\xf7\xcfF\xea\xf3\xfc\xb3\xd3\xaf\xb7W\x02I\xaf4\x99\x875\x17D\x9a,\n\n\t!\xca2F\xe6}\xceZ\xd0\x13\xe0x\x9b\x13k\xcf\xb4|\x8d\xfb\x1ax\x83\xf52\xd0\x17\xcdu:\xaf\xea\xcec\xe6\xceW\xadz\xad\xff\x00\x1c?\x8f\xf4\xbe\xc7\x8f\xe4\xd6\xaf\x7fP\xbf\xc2\x9e\xfd]\x9a\xd9\xf0}Z\x95\xeb\'W\x1a\x9c\xc0\xf3\xa6\xe0hB\x0c\x8b\xa7\x1fH\x1c\x12qsV\xa1\x7f\x1b\xb3Z\xa10\x86\x1d\xbc`k\xcf\xf4\xe7[\xf1\xa7\xb7\xe3\xf3^\xaa\xb0\xf9\x9f#\xc9\xeeqs\xb6R\xc6\xb2m\x08\xb8\xe8\xefR\xf0\xfa\xebg\xf4^?\xc1\xb7O\x9f\x95\xa5^\x85.\x7fT\x1d\xf5\xe1}\xcfy\x83\xf5\xbc^\xb9\x8dz_\x1f\xd1\xc9e\xf6\x83\xdfHkF&gt;&gt;\xf7Z&amp;\xe2\x8c\xf1h\x1b\xd3\\\x84\xb5)\xf5\xf4\xb2\xd0\'\xab\xcfT\xb8yQ\xafUW\xb8\x94\xf8^{=\x96\xf2\xf5\xc4\xb9\xa1\x93\x87\xa7f\xd8/$zv\x07\xeb\xf3du\x1c\xde\x9da\xe9\xf3\xa7o\xec\xbeZ\xbd\x1bu\xb3\x1ds\xf6y/7\x96\xed\xbc\xe3\xc4\x8b\xbb\x18\xb6|\xea\xd2\xb3Ck\xb1\xea\xdc\x15\xff\x00T.\x98.\xfdD7\x1b\xd3x\xc7n\xbc\x1euxy\xfe\xd5\x87\x15\x842\x9b\xaa\x85\x81\x19\xc9\xca\x02\xe3\xa9"\xed\x16\xed(\xcd4\xe4\xf3P\x90\xdd2\xb4a\x15\n\xa7\xae\xca\xb5\xec\xd5**2\x9ay;\xe7Dv\x94\\\x1dJ\x08\x16\x12a$\x18\xd2\xb2\xab=\xc9\x90\x89IH\x85\x18\xd1\x9a[:f\xbc\xac\x93\'\xa3\xc2\x18\x14\xadQ&amp;\x94\xa6\xaa\x14\xd0\xce\xda\x13\x15&amp;\x88\x03\xd1\x85\xdd\xbe{v\xe3~b-\xe3&amp;\x94b\xa2)\x89\\ \x82\rT\xe3\x9b\xaf\x0b\x01\x92*)6\x1c\x86\x0e+&gt;\x83Q\xe6\xbe\x85\xef\x9d\xbf_\x9d\xe7\x9e\x80u\xd5\xc4\x995\xc2\x8b\xc5\x0e\xa2\x86\x930\xa6\xf0I\xbcS\x03BPI\xa2\xe91[\xae\xdc\x8e\xcf5\xa8\x1f\x9d\xe8\xae\xda\xd8\xea\xb2|\xcf\x98\xa3\xd9\xe9r\xf8\x05\xa9\xdb\xe6\x14\xa1&lt;\x05\xed\xf8\xcd\xdf;c\x9b\x0b\xa5\x9fR\xe5m\xaa\xd9\xfd^\x18\xb4\xb2\x8e\x93 Wz\xde\x9d\x14\xea\xf2\xa2\xec\xba\xf9\xf2f\x84\xf3Is\xa1-k\xdc\xbeG\x1d\x8f\xd3\x12\xb4\xe4G\xdel\xe3\xc5\xe4\xd1\xfa\x13W\x8f\xcf\xf9\xd7s\xde/e\xe6r]f\xad\xee_7\x98\x9e\xfd&gt;GKF\xb3\xc9\xaa*\x02\xb5\xb7\xe3\xfe\xa5\x9d\xeaO\t\x8d\xee\x92\xee~\x08\x0fo\x9f\x0e\xbe[\xd5\xf7\xf4\xbaNO\x87\xf5\xfd}\xeb\xc0K\xefYXm\xc1\xeak\xd5\xf0\xfd9\x07v\xa7,\xd4\x91-\xf1k\xc4\xc3\xa5\xe6{;\x8bT\x94\xfat?+\xaeoc_XF^\xaf\xc6st;.s\xca\xe8\x8e\x07cg\x8b\xaf\x93\xbaz\xdc\x9d!\xcb\xb7\x7fJ\xe7\x0f\xd8\x07N]\xfby\x9a\xdfW\xe2\x062\x8fN&lt;\x1b\xf7&lt;W\x93\xa5\xcc\xd5\xd0pO\x96j_\x86\x0bGz\xb6\xdfM\x1a\xd2\x97r\xb7j\xbb}&lt;\xe0|\xe5\xea\xfe\x19\xaf\xa1)\x8exv\x98\xd4\x9a]\xd6\xa96\xae\x1a\xad\x98\xb2\x98\x0f\x9d\x9d\xaa\xceh\x84\xaf\t\xad\x05JY\xe9e\x82\xe2p\x96-\x00\'\xa88\xc4*m\xd4!\x9e\x96\xe2\x05\x14uU\x93\xb4\xd5\xc6\x95\xa9T\x95\xabR\t\xd92\xb1\x93y\xb34iV\x9adq\xc9\xa2\xcc\x12\x0f.T\x17\xb5\xe4\xdb\x9es\xb5\xab\nq\xcf[\xb2\xa8D\xcc\xc1\x92q\x19\xda\xf3&amp;\xb6^\xc2\xad\x9bUL\xf1\x9c!\x19\xa4\t\x04qfC\x88\x9e\xbao\x08\xb8\xd3\xdb\xf5U\x1eK\xe9\xbe\xe5\xd4tpq\xdd\x84\xdb\xb3\x85\xd9*\x96L\x90\x992j.\xc0\x990$\x90&amp;t\x11I\x04c8\xa2\x0c\xa2\x08r\x84\x06Ui\xf9\x9bj\xe0o\xf3\x9c:p\x9e\x15\xf4\x1f\xcb\xf3\xd1JR7\xa3\xc9\x19Dq[\xfd\x1f0O3S^\xca3Z\x9b\xfc\xb5\xceN\x9d\x0eF\xc6/f[\xfa\xbc\xc0\xfau\xbb_"\xb6\x9e\xb7PN\x1c\xef\xd2\xece\xccY\xc3\xbfv\xd6/\xa0\xf3i\xec\xc5\xdc\x8f\xc9\xfeu\x99SnR\xb1\xecj=\xcdy\x12\x1a\xc9\x87R\x9e/V8t\xf0\xad\xea\xfc\x87"?R\xe7\xbc\x03\x98\xf6W\xb7\xe6P\xea\xe4\xafK\xac\xf4L\x0f#\xfaC\x17\xe7\x8fw/\xa5\xb2z\xed\x0fR|\xb7\x03\xd9\xf0\xfcJ\xf3\xcd\xeeG\x17\xc2\xbfP&amp;N\xaf\x1b\xd9\xb7-\x8f\xb5\xcf(\x1b\xf9\xbd\x05V\xb3\x81\xe4k\x1eS\xaf\xa7\xf3\xfe\x9f\x1b\x97\xd2R\xf1\xfd\x9c\x9d\xdb\xf3\xf7s\xe9\x8b\xcf\xf4\xbfG\xf3\xef\xc7v\\i\x93v\x9e\t\xea\xben\xbdne\xed_S.5u\xb9x\xba\xd6AgL\xe2\xe6\x8fv2\xa3\x7f;x4\x0e\xa9sv\xb4\x03\xe1\xdf-\xe7}\xaf\x9bu\x1a\x9b\xb8]\x9b\xab\xbb\xb3\xd8\xda#\x13q\xde\xcdyG\x17d9\xfbPfT\x8a\xa4\x81X\t\xa5\x98\xd5g\x1a\x1e1\x08\x1c\xa1&lt;T\x00T\xc6c\xd7\x9aS\x12h\xf3\xa8\xf3V\xaa\x10XmP6j\xb2\x0f\x19E&lt;Tf\x9aQ\x90\xe3\x03\xcd\x82\x99\xd2n`\xc8e-R\x92t#2S\x8b \x8e\'Nn\xa5S\xe2sD\xfa\xaf\x95x\x16X\xf4\xc8\xae\xb9;\x1d\xdd\xf3\xd1\x91\x1eX\xe4\xd1\x0b:X\xb7\x83\xa3.y4\xe7\xbc*\xb1\xa9\x98\xe3\x16N#i\xa9\xc7{\xd9\xd4\xf8g\xb0\xfbU\xed\xf8\xf2\xb5Stq\xbb&amp;c\xa8\xa4:f\x1c\x99\x99\x0e\x99\x813\xb02L\x87L\x98\x9d\x90(\xc9\x81\x99\xd0@e\x8c\xa1D\x90\x1e5u\xc7|\xd7\xb9\xe9\\&gt;&lt;&lt;\xdb\xa3\xe0&gt;\x89\xc0z\x1c5\x08\x9b\xbf\x08\xd8\x1c\xa9hgl\xf3\xdcW\xa4\xc1\xb2\x16,\xd1|[\xe1;\xf6\xcb\n\xf0\xac\xac\x0b\xb9}\x15\x9dh\x16\xfa\x9e}sW\xddK\xd2\xfc\xca\xf6s\xf7\xd41\xad\xfeb_z\x89#\x8a\xa5\x0e{\xd1\xa7\x9d\x9b\xcb\xa5\xe1\xf2\xd9V\xfa\xde2\xac}\\\xb9\xacn\x93\xbd\xf7W\x92{\xe7]\xe6\xdc+\x1f\x95?\xb1S.\x95~o\xc1\xafT\xbb\xe4}\x8fV}Y\xb8\x91d\xbb\xb8\xd2\xe8}\xfc\xf1\xf2z\xecN*\xe4\x1f\xa3\xa7\xf3\x1as~\x8f\xc6\xbd\xc7\xa5\xc3\x03\xa0\xfd\'\x1c8l\x8f\x8e\xbc\xc3[\x90\xb1\xf9\xc7GO\x8dl\x99\xfak8\xd5\xba\xfd+\xfd\xd7\x9d\xf7?E\xe6^\xcd\xd4\xab\xf4\x1e_\x82\xde\xda\xa3\xea\xf3\xfa\xces\xdc\xf9~\xbd\xbb~}\xd8\xef,=:\x9d\x99\x0e#"C\xa5n\x9fNw\\N\xc1\xd7\xd1\xab\xce\xf8\x8c"\xeduE\xde\x86\x1b^\x9a%\xc9\x83\xad\xe4\xfc\xff\x00\xeb\x9f/\xe1\xdd5T\xbc\xbe\x93\xb9\'R\x89\x12EL\xc3$\xd3\xa2\xb2p\x19\x88\xd3I\xa1\x96\x8a\xcdt\xa8\xc2wM\xe1&amp;\x01\xc2P\xa9\x10\xe7\x04\xc6#\x8f=kI\xdehr,cH\xc8j\x19\xda\x12\x8b\x9b\x8emM\xe4FD\xee\xf5\x0e\x94\xc1\x94\xa1rf\xac\r3\xd1|\xe3\xd4\xf9\x82,}\x0e\x17t\xc9\xc5\xa6\xd5)\xa0\xcd\x12U\xe6\x06a\t3\xda\xcb&amp;\xb9tf\xc3\xbd\xa6\x1a\x0e9E\x11\xbb\xafqK\xe7\xdfg\xf5\x99i\xc9V\xcampJ,\x12h\xa4\xdd2\x07L\x93t\xcc\x0f\x14\x81$\x81\x92@\x99\xd8\x12H\x12L\x12d\x86\xc9\xd8J2@8\x1a(\xe5x\x0e\xf7\x93\xf8\xdf\xac\xe4\xe7k/\xc0\xf6\xeap\xfe\x82\xbb\xfc\xdf$\x17\xb3T\xee\xf2&lt;oC\xd13\xbbx\xb1y\xefJ\xe71\xae~\xc6\xeb\xdex;4\xb4p9\xb7\xbd\xbf\xe8\xe1\x93\xa9^\x9e\xb9\xe0\xe3\xef\xe3i\xae&amp;\x85k\x1d\xc6m]:\xf7\xad\x01Y\xad\xd3\x1e\xf9\xf4O\xc0\x1fZ|\xb6\xfd\x95l\xee\xa3\xe5\xf4\x8f\x0b\xeb"\xe7\xcf\xc9p&gt;\x83\xca\xea&gt;t\xa3\xec\xb9&gt;\xb4oj\xf4\x98\xbf=\x95\x02\xe2\xf5\xdcu\xe49\x9e\xa1\xdc{\xab\x12\x9fK\x85\xe7\xae?\x9d\xec9O?\\\x1a\x170\xbe\x85z\xfc\xbcK\xd6&lt;\xf6\xdd6w\x81h\xbe\xbf\xbb\xc0J\xe3\xd0\xe9\xf0W.:\xbb\x18\x9b\xbc\x92NkC\x8c\xe3^\xba_\x94\xbe\x9b\xfb\xc8\xbb\xe3\xbe\xe5\xc1\xf0\xeb\xc8\x96\x91?=\xbe\x82\x8e\xda\xee\xf4\xb2{\xaa\xb7\xfe\xaf\x05\x9d\xa7\x85\xd9\xcbW\xcd\xfd\x8b\x8c\xea\xcf;\xd4\xfc/\xd8{&amp;\x81\xf41\xfeG\xab\xa5&gt;V\x87\xbd\xce*\xda\xf5w\x80eh\xe6Hs\xc2{E\xc6\x1e\x85?#\xebt\xa5\xaeW4\x01c\xd4d\xcc\xd1\xe5\xb5\xbf\x1a\xf1}\xbc\x1c\xbb\xeeY\xa2\\:/\x9e\x81\xb3\xd6\xf4\xabZ\xcfS\xc8R\x8a\x99kXh\xb0\x9bMW\x81!q\x06\x80\xaam\x12\xa4\xd3+\x02\x13v&amp;\t\'(\x0cSf\x18\xd6zE\xd2\x06\x01^j\xb4\xcd\x06J\xc5\x12gwU"\x81\xe62"\xc4\xeb\n\xa6\xe0\xc3\r33@w\'@\x9d\xc5\xa3R,\xbf?\x8b\x8f\\\xdco\rru\x07\xb8P\x9a\xa9\x13\x1e\x14\xa1\x12\xbdMSGw\\h\xea{W\xb7&gt;\x7f\x05\xf6\x9e\xc9&lt;\xa3%\x1a\xc9E0&amp;d\x86L\x86\x93$$\xc8\x1dE\x0eJ($\xcc\x81\xd3 t\xc8\x12gM$\x84\x92M\xa7d\x87gLd\xe9\x11N\x9a\xe7y\x1e\xe7\x98\xf9/\xa3\xc5\xc8\xec\xb1\xfc\x0fg\x96\xaf\xb0~\x7fG#\xa0$\xe3\x0b\x03Y\xd9\xe7\xd3\xe9q\xfa=\xdc{y\xf9\xfa\x1d\x1c\xaf\xcdv!\xe8\xe6\xf3 \xfaUF\xfc\xb2\xff\x00\xa0\xd5\xd2&gt;{\x87\xd0\x15j\xfee\x0f\xd2\x99\xbd\x93\xf3\xf5O\xa4\xeb\xed_2\x1b\xe9\x1b[/\x9d\xeb}+\xa3X\xfc\xc7\xf5Gg\xdb\xe1\xc1L\xd5h\xfc\xd6{\x14N\x0f5sr\xde\xaf\x86\x94\x98\x8b\xba \xb2C\x95t%\xe74\xf5S\x06\x85\xa1e\xf2\xfd\xf6&amp;U\xe5\\\x9f\xa8\xf2q\xb7\x9d\x0e\xf6O\xd3\xc7\xb3a\xd9\xf4\xcf\x19y/\xb4\xf1\xfd\xd6\x13\xe3&lt;\x07u\x87\xd1\x1e\x97\xd8\xe6\xf9\xff\x00\x98\xbb\x1e\x17\x1b\x1b|\xfc\xab\x7f{\x8f\xfb\xb3\xea/]\xf8\x0b\xde\xfc\xc5\xe8\x15:\x9c?\x85\xd6\xed\xcc\xdb5\x1d)\xaa\xc3\xeb:61\xb6\x07\xea\xe7\x95;\x0b\xc6\xd3\xc4\xa5\xcb\xc3\xeb\xf9~\xa0\xa7\xc4\xfa\'\x8b\xae&gt;\xcd;&lt;\x95\xa2\xe1\'\xd1s\xe7g\xeeer8\xc9\x93\rz\xa1v\x9b\x00\xb2&gt;\xb4\x8f\x19\xf6\xc8|\x8f\xd4\xbeg\x8e\x8f( \xcf\x9fi\x0c\x1b\x19\xe8c\x08\x98\xecC\x8d\xe6\xac\x1a\xa1f\xeeL\x13\x8a#\xa8\xa7(LC@uS"\x0c\xb9\xdc]\xe74\x1a\xf6\xc3J\x93X\xaf\xae`\x90I4\x82\x112\xe5\x8c\xe3E\xd8f\x16wbu\x02\xd6\x98\xb2\xa3\xacjF\xb9jN\xa2\xeeO\x05\x06\x8a\xd05\xe7\x198\xeaedo\x0f\x85d\xd9n\xf1\x8c.&amp;7\x8d\xcc^mp\xe8\xfe\xb5Y\xf9\x17Y\xf5\x0f\xa1k\xc9\xe2\xde\xbfu\xfa8\xa2\xe9\xaa\x193!2`L\x99\r\x19D\x192\x07d\x86\x99$$\x90\xd2g\x04\x93\x03\xa6HI0\xdd3\x82I\x02v@\xe9\x90:L\x0e\x99\x04\x99\x90bd\xec\xe2\xfc\xdf\xb9E\xecC\xc6\xf4\xf2+jT\xe3\xees\x89\xb0ex\xd8\x90of59\xa4,3\xdac\x9d\x9b\xcf*\x9e\x93V\xb9G8V\x83\xa7\xa7\x9b\x15^\xd8L\xae\x98-\xd7\x1fM\xde\xd2\xe9\xbe\xbb\xe2y\xed)G&gt;-l\xb3\x9b(\xa4\xdb\x19\x9eqZ\xcf\x19s\xe5\xb7\xe8_=e\x9e\xa8e\x1fO\x0c\x16\xe8l\x9d\x1cf\xa6\xd7\x15\xe9WGk\xc7\xe5\xb9\xeb\x948\xce\xa3\x9dq\xbc\xbfA\xcac\xd1\xc1\x0f\x13\xd4\xfd\x99\xe94.O\xe3\xe3\x99\xed\xb9\xfc\xd1W\xef\xb2\xfa\'\x9f/\x85\xd1\xcb\x96xJ\x9d\x86\x7f\xa5\x97#\x81\xdda\xfa\xb1\xe4\x1dL\xb9\x0f\xaa\xbfV\xee&lt;\x87\xa2\xf9\xc5\xea\x9a&gt;g\xa5\xe0O\xac\xf5\xbe\r\xd9\xf6\xf5\xfa\x81x\xee\xcf\xeds\xca\xc2\xca\xf3\xec\x9f\x9e\xed_?\xad\x8d\x9f}\xf0\x9dl_\xb6\xbc\xaa\xf3R\x8f\x9c\xf8vu\xeby^c\xa3\x9dw{&lt;/O\xc3W\xba\x02\xf6Z\xe7oAO\xe9\xb0i!\xf5N\x07\xc7\x9fM\xfc\x9d\x87h\xec\xc4\xd8v\x14\xc0$ifA\xb1\x9e\xac\xd6\x19\xa1\x16S\x13\x95\x894\xd2i\r\xd9\xa1\x16\xf2\xac\x95\x12N\xf3H\x95\xc8\x82\xa1\xc2h,)\xdc\x0e\x16#\x96\xc0\xabr\x9bCh\xd6\xdf\x1bBi\\\x8ae\x8d)L\x05\x97h\xf5\x8d\x9d\xca30\x812\xce\xa2\xb9m\xd6\x01D%\xdf\x07\x951\xe9\x9f$\xf6\x89\xc9\xd7FW.5\x89?p\xf6^\x9e?\x96\xbd\x9f\xdd\xe7\xbf\x16.\xd2n\x8eI4\\N\xa2\xc1&amp;f\x07g`L\xec\x86ga\xc5\xa5\x11E$6I\x02I&amp;\xce\x98\x1d\x9d\x03:@\xc982I6t\x81$\x86\x93\xb0;:\x06t\x81\x93\xa0ft\x14\xb9\xbe\xc3\x97\xf2=*\xf0i\xf8\x1e\xbe}}j&lt;]U\xec\xc0\xbc\xba\xcaVcy\x0e\xbd\xfa\xf2\xc4)\xd3\x8d\xefN6v\xc7:\xdch\x94 \xddi\xde\xb5ML\xac\xb4\x0c-\xc3=\xb3\x0bw,\xbfL\xe8\xfc]\xfe\x83\xe7\xbd\x8bo\x92\xeb=\xcf\x9f%k4\xb4\xe6\x86\x1bh\xfc\x86\xfc\xf5\xcd\xd6\xf1/\x1a\xce\x8bs\x95\xa4\xe2\xdf;VhX\xf6&amp;\xeb\x88~\xf2\x87+\xd0fq\xeb\x89\xb9O\x98\xe6\xeb\xdd\xe6xic\xeeq\xddZ?/E\xc8r\xb1\x9f#\xb7\xd2\xe4zN\x0cx\xdeg\xd1izY\xf9\xff\x00]\xd1\xe9e\xcb\xc7\xd2\xf4\xb0\xf2O\x91C\xd3\xb5}\x18\xf0\x81\xfdE\xb3\xde\xbep\xea=n\xdf6\x9ey\xab\xe96y\xf9\xbe`\xd6\xe89\xa3}/X\xf1\xc0\xf4.\x87\xc1-U\xfa\x92:\xf9}5\x1d5\x9d\xae)\xc3\xc72\xf7\x8f\xbe^\x86\x96\x823\xf4\xb4\xba\'9}\xd5\xad\xdfO\x05v\x17\xbd|mA\xdf\xa5\xbd+\xd8\xcc\xf0\xef\x05\xef|\xff\x00\x9b\xd2\xb5f\x95\x8czm\x12\xbd\x88\xb3X\x01\xb2\xd5\xcdR\xd2\x0cJ\x87N\xca\x1c\x93\x88\xcc\xd51\x9b\xb4\xd8#qM\tNI\xd29\xca\x14\x9e\xd0\x82\xb0\x80\x01\x9cT\xa3rV\x91\xa6\xa0\r\x18\xa7Tvb1\x94/P8Y\x9d\xc3\x12\x91\x82\xcd\x8a\x10&amp;\xfc\x07i0\xb1+\xeb\x9d\x86\x19.\x06\xc4\x8b\x8e?\xd1\xbe\x9e\xe8\xf7\xe2\xf1\xefS\xd0~\x8e&amp;\x93+\x87L\xc8vL\'QA&amp;d4\x93\x83$\x81$\x90\xc9 fv\x08\xc6l\x10R\x88\xd3;\x03\xa4\xe9\xb2v\x04\x9d\x81$\x81$\x813\xb2n\x92\x1aI\xc1\x92pd\xec\t\x9d\x03\'`l\xcd0\xe5||\xcdW\xe5&gt;\x8c\xc02\xe2\xd8b\xb2&lt;4\x89"L\xdc^\x02T \xe8\xd6\xcbTekL\xc7X\xa5\xa9\xa6C\xb4\xb1\xd75ut\x8cP\xf3o\x1a\'?&amp;\xb9\xb1\xb2\xf5\xa5\r\xaa\x94\xa2=+C\xc9.\xfd\x07\x85\xe9\x1a\xb9\x9a\x13\xe1\xc9Nz\xcdb\x16A\x04G\xebC\x15\xc1\xf5\xc5\x01\x0b\x81\xe5\xdf\xd03\xfc\xb7;\x1fI3X\xf3=\xd6\x95\xc8\xc3\xa2\xb5\x83\x95\xd4\xa1\xa3dx\xb6\xb5C\x87 \xeeOG\xce\xf0kY\xba\x1e~HZ5\xdd\xe7#\x1b\xb6\xe2:\xfa\xc5B\xbc\xab\xe8\\H]\x1d#\xdc\xc4\xc3\xd7?[\xe7\xbc\xf6\xfa\xf9\xce\xc2\xb7\x1d\x95\x1e{s\xf7M\xf5[R\xe8\xc7\xd2j\xc9\x89\xd1\\\xe3X\x1a]\x15\xc4\xb9\xdd\r\xdd\rc+\xa3\xd0\xd4\xf51\t\xd4\xbd&lt;\xach\x02\xc6\xae2\x84\xf5\x95\xcct^m\x1a|\xc5\x9f^\xcf/\xaa\x1bc6z\x1c\x83&gt;[+\x12\xb1\x96\x95\x89a&amp;+\x110;\xb1"\xa5\t\x8eY\x86"2*q\x9a\x8ca[I\xbe\xf9%\xb8\xb4!E\xa3\xe7Z\xa3s\x12\xd7\x14\xd5\x90\xbcU\t\xe7cL\xa8]\x813\xd2u\x89,\xf4\x01aO\\\xf4\x83Z\xce\x99\t\xc0\xfd\x9cV\xa29ML\x94\x87y\xe9\xaa\x07\xa8\xbaj7p\xdf\xed\x84\xcb\xb7\xc5\x92d\xc4\xf1H\x932\x1b\xb3\xb0&amp;H\x12I\t3\x893
[...]
;Ap\x91\x15\xa8\xb4\r\x17X\xcd\xd3|Kk\xfaf\xce\x88\xd9My\x7f\\^\xea\xf8\x96\xb7c\xe2Y\xd0 &amp;\xdf\xdc8\xb0\x14\xdeoQ6\x0c\xf5\x00Q=\x93\xfc\x8ai\x0f\xccow\xc4d\xfd\x13+_\x8a\x98\xd3\xe8\x95\x7f\xaeW\xd1\x0b\xd5F/\x0f\x88\xdaj\x1e\xa0\xba|Lj\x08W\x881 \x1cAQ\x02h\x9am\x00&gt;\xc40\xd2/\xd8ma\x80&gt;\x00\xfb\x87\x9a\x01FC\xa8+Hd\xacG\xbeR\x071by\xcc\xa67\xcdu\x12\x94\xe1\xb4\x9e\x7f\xd9FO\xd4\xa0\xeb\xd4\xe7R\xf2\xe6_\x88\xe7&lt;\xca\x88\tlr\x8b\xeaj\xff\x00\x89\x8fqs\xa8\xd2\xf9\x8bm\xca\x82+\x88\xc3\x12\xff\x00\x04\xcc\xc7\x85\x844c\xc9\xdc\xb8\xa3\x8d\xf2x\xae\nV\x03\xee6\xacu\x00\x83\xc21\xad\xb9\xf1\x1dc\xbe\x98u\x97\xc4A\x0f\x85\xeaT\xd6\xf1q\x0e\x9e!\x14\x06\xf9Z\xe2*\xa8x/QkU\xdb\x88\xe6\xe5\xaa\x8a\x83\xb3r\xfe\xc3\xbeP\x96\xd3D \xbe \x8bo\x83\x06\x94\xa3\x9cf9\x0f@K$\x0b\x82l\x12\x90\x10\xdcWp\xf8\xaam\xe2y\xa4\xaf$\xa0p*?Q\xdaU\xd2\xe9\x99\x12\xf3\x03\x92\xe7\\\xa1K\xb8\x91\x98\xc5zp\xea3\x1b/4G2\xc7\x0b\x88\x0c\x1d\x95\xb8O\x90\xb3\x00\xd8-\'\x08\xf2\xe2\xe5eV&amp;\xf6}\xc4\xf4|Pq_\xc6\xe0\x18K%Z\xeb\x1b]JV\xcd\x99D\x8e\x18\x10_O\x13\x00^6\xa0\xba\xdb\xa68\x19\xe1R[\x01&lt;\x10:\x11\xb5C\xc4t\xc26\xba\xc2\x17R\x06]\xb0%\x1d\x91\x9cN*p\x12\x9d\x102\xc3\x11\xe00\xda \xbaH\x0f\xfe\xcc:\x80\x95\xad\xc2I;K&gt;a\x15\xf8\x97`\x80]\xf1,\xe2b\xa5Mj\x0c\xa5f^\xa2R\xb1\x9a\x9a\xa68#\x9a\xa8\x0b\xb8Y\x02\x0c@\\\xce5\x94\x7f\x85\x97K\x11\xf3\x1b\xfa\x85u1\x8bN%\xd4\xf3\n`\xd7\x99\x87:\x8e\xfbJ\xa2u\xfcW\x99\xa8\x88\x7fS\x1e\xfdF\r\xf3._\xd4\xb2o0\x7f2\xff\x00\x8f\xc4o\x15*\xe5Q\x98m&lt;\x88\xda[\xc4\xb7U0c\xe3r\xa8\xd5\xcaK;\x11\xea\x87\xd4#$\x1e\x02\x00\xaf2\xb5\xc4\xe8\t\xca\xc0\\\r\xf9\x99\x1c@\xf53\x11O\x13\xc5\x88=c\xd4\x1b\xd3\xea\x05\xe7/\x1f\xc87\x8d\x8fy*Y\xa89WA-\xde\xe0\xad\xbc\xa4\xbe\xc7|\xde%\xa4\xb6\xe6\\]\xa2\xcd\x05\x9e\xd8}\xb4\x0bf\xa1*\x86\xb31\xca\xaf\x0e\xa69T2df\x00\xfd\xc4\xebS\t\x8b\x8a\xb3\xcc\xc3\xfc#q\xddE#B%\x88\xb8\x8e.Q\xe6ip|Cs\x08\xc31+\xea\x1c\x15\x82eh\x17\x89\xef&lt;Ew\x88*TD_\x82\x17\x83/\x10\xb0R\xd7\xaa\x86\xfd\xf9v@\xa3b\xf1\x13 \x07\x99\xb5\x1f\x08\xd9\x06a\x88\xc2\xfa\xe1\x05A\xab\xeaZ\xe0\xea\x13\n\x13u\x1b\x0c&gt;b\xa0\xc3\x87\x98\x19@{ 6\xcb\x81\xee\x12\xbaYU\xd4\x17mx\xa3Q\xdd\x93\xcd\x1a\x16J\xb5j\xa2\x17/Xl\x85@e\xa4\xc6 a\xae \xd4\xf7\x80\xe20\xc2\xacQL\xa0\xba55\xc7\xcc\xc2.@\xeaj\x03V\x9b\x89\xa2\x93\x10\xc3q\xc7\x84b\x07$s@&gt;\x98 \xa07S\x826\xf5 \xc2-&lt;\x1d\x93NNkb=\xc1\xac\xb2b%i\xe4\x88\x85E\xda\xe2\xa2\xaa9\xfcJ3\xdcG\xb6\x0f\x1b\xa9\x9b\x9a:\x84\xea#Bj\x1c\x12\xeeIA\xa2\x18\x1b\x935\xcb3\xa1\xd8\x12\xca\xc3\xebq \xc3\xc8\xcc\xa2\xd3\x81\xac@\xed\xadtj;bJ\xe8\xf7\xa6"P\x0c\xaa\xe5\x9eX6\xe1\x05A,\xafP\x9e &lt;\x11\x17\x0c\x80tTa\x87\xd4\xd2\x0cOL;\x90.*a\x02\xb7)\xd4\xba\xee\x16\xe9\x8d\xf1\xc4+\xcc\xa6e\x9b\x997\x14=E\x85\x12\xc2\xb4\x86Si\xf9F\xf2\xaa\x7f\x06\x974\x98\x1b\x8d\xb1\xa8\xd2R\xb0\xc6\xccm3\x97\xd7\x12\xef\xc7\xf1\x83\x0b\x1b\x97\x99\x8dK\xfb\xfe%+\xfd%\xeb2\xf3\xb8f7\xe1\x82\xbcK\x10\xa4S\xcc\x1a\xf2\xcd7-\xb9x.\x0e%\xa3.\xfcO\xd4\xabnV1\x98]y\x99[x\xfe\x0f\x15\x1fP\xb6\xb5\x19\xa8\xe7r\x97\xa8\xe1\xa2&lt;\xa2\xc7\x830\xccL{\xd4\xba\x0fC\x05\xb8\x1a&amp;\xd8m\xcaU\xe1`^%&lt;\x04\xab\x010\xeb\xee]\xc4lb&lt;\x1e\xad\x81\xd4\x0b\x82(D\xcc\x9a\x9b\x92\x99&gt;f\x1cP\xe4\x8f\xa4\xda\xa7\xa8\x8a\x1b\x87\x15\xc5.\x9eYK`\x14\x91i)P\xf9e\x86\xad\x0cb\x0b$\xccZ+\x004\x82CL\x08\xb4\xc5\xda\xc1\x88\xcfsZ\x8a\xea\xe0\xbfQ+\x98\x823u\xfc\x17\x12\xf9\xc41\x89u\x9b\xcf\xc4Je\x153\xd8\xadz\x95Jno &gt;\xd0\x0b\x05\x8a\xf6LEh \xf5\x05\xc1Ws(\xd7\x82R\xba9fF\\\x1a*\x10F\xe73+P\xe7\xb1\x04R\x8e\xe5\xa2}\x06\xa2\xa2\xd9\x83h\x01\xad\xc5"\x1a\x18VlW\x82/\xb3#\x9b\xe2gQ\x98\x19RK\xaa@\x0e\x9fXe\x80\x87q\x08n%V\x8c\xb3\n\x99\xb9A;\x1a\xcef3\x85\xc7l\xbb\x14\x14[\x03\xc1#CP\xd4\xaa\xbc\x0fl\xb5\xae\x1e\x12\xd4"\xb6\x02\xb0\xee\xc0\\\x0c\xe0L:@\xdc\xc6\x82\xdc\xe7\xac\xc6"\x96\x0e\xf8\xa4M\xee4\x91\x16=\xd1\x0bc\xd5\x01~\xd3,\xa52\xbcK\xdaSgQ\xd2\xa2*\xbb\x80r\xfb\xe6P\x14\xfcl\xc0\x91\x15f,+\xe6L\xc0Cb\xf6\x95w^\xdc\xdc\xd5\x80\x1e1\xd6\xe4\xe5[\x80\t9Da\xc0\xb6\x91\tn\xf8\x97\x13G\x10\xc6\xb9\xf1\x00\x00;\x86\x05\x1cn&amp;)Ws&gt;\xe7\x9ab\xab\x9ei\xdc\xc5A \xd2\x89T\xe2#\xa8/\x10\x13\x8f\xa8\x81\xc4}\xe2\x13\xc4\xcd\x89\xd8\x84j\x01\xd2N\xd30\x94\x19\xa9G\x12\xc6&amp;\x1e\'Yd\x98m\x81\xbd\xc6\xd3\xf4\x9e\xd3\xeb\x1c(\x9bA\x1c\xcb\xad\xdf\xf0|\xe1lL\x86]\x84\xe9"\xcb\xd4P\x943D\xe6\x19\xb87\xb8\xba\x940\xea\x1a%\xdb\xfc(\x18\xe0\x86Hb\x1b\xaf\xe0s\x1aB\x1c\xae\x11\xb7\xf1\x02\x99\x85\xa5\xef\x8f\xe0\xc7\xf0J\x81\x8d\xc0\x83k\xd41*Vc}\xb1\xbcm\x19{M\xb1\xa5\xfe#|M(\xefq:\xa9\x9c\xf6\x83\xd6a\x96 \xa6\xa6\xacN\xb2b%PB\x15\xd4P1\xa4\x0f\xcf\x88f\x90Y\xb2\xe2\xd1\xf8\xc4\xe0\xa3\x0c#\xa8\xe01\x08\x9b\x01\xac\xc1\xa0+C\xa9\x936\xd4q-C\xfba\x00\xabn\'jsB\xb3\x15\nH\xbec\x16L\x87\x88\x14GLbs?(\xe5\x1c\xcb%Y+\xeeU\xe2P\xff\x00\xd9\x9c\xa8L\x07Q]#\x07\xcc\xba\x81\x88\xad\x85Na\xaa\xd6\x05\xfa\x82.\x94\r\xd9pq\x95\x1d\xb0@\xb7\x8a\x8d\x98\xf5\xcc1\xd5s\x1b\x9f\x02J\\\xbe\x02S\r\xde\xf7r\xa5\xd3\xbb\xcb\xd1\x8eu\x94PR\xe2%,\xb85\xd2\xf5\x12\x1f%\x95\x88Z\xa5\xddv\xf590\xde\xaa\xe2\x076_\xea=\xab\xa6\xb6W\xda\x05H\xb1\xc3\x9d\x03/@\'$\x03\xae\xc9\xd4\xe3Y\xb6\xe2\xc0\xdb\x17\xfa\x94M\x87cD[\x12\xe86\xc6\x13\x0eI\xfd\xcb\xe0&amp;\xa8fR\x17\xa5\x96e\x06\xa0\xeaN\x8d\x91\xd3F\xb6\x0b1\x958{\xff\x00\xc8\x1ct\xb1\x9b +Mi\xa7\xdc\x04@f\xd6\x08&lt;*k\x84\xc7\xd4.\x9c&amp;7\xb1\xa6\xb7\x10\x07\x90e\x8e\x02\x1d\xe4\xfdG\xc2Y\xcd\x12\x04\x9c\x89\x88B\xa4\xdau_\xa8AaY\xbf\xf21DL\x9a\x94\xb0(\xe7q\x19\xebi\x7f\x89q:\xb6\x01\x98\xa8\xd5y@\xeft\xf0M\xbc{2\xcbt\x9c\x9c\x9f\x13\x16K@\xe0epv\xd0[/|\x1dq{\x85{\x98#\xcb\r\x98\xf1\x1eI\xe5\x94s\x1a\xb7\x06\x1b\xb7\xf8K\xbc\xcbR\xedDKx\x98\xb0Dp\x80\xf1\x188 \x8c\x04\xa7PF"Z\xfe8\xd3\xa4J\x99q\x99w\xb8\x9d\x8cx\x9b\x89K&lt;2\xc6\xeei\x080\x98\xf8\x95X\x12\xfdC\x18\x1e\xe6\xcc\xc0x\x9e,\xda$w\x1b8\x95\xfe)\xf8\x88\xa8E\x95\xe6/\xe6^{\x94\x98GU\t\xa6\x18\x9b?\x80\xacJ\xbb\xcea\x8c\xc4\x1a\xa2\xce`\xd4\xb8;\x97\xbd\xfdB\xd6\x87\tr\xe1\x92^=\xc1"\xa9w\xfc\x0c[&lt;\xc4+\xccO1\x0c\xcb&lt;\x17\x10\xf1\x07\xa8\xe3\xa9\x9c\xdaS\xc4)\xd4+\x05\xe2\x04#D\t)+s\x86\x02R\xa5\xcc\x19\xb2+7q~\x06\xec\xa8\x81\xea`Ng\x12\x92\xda\x0fH94\x89\xcd\x0e tg\x99\x82\x96\xe6i\xcc@\x08\xd0s\x1bY\xa5\xb2`\x8a\x8a\xe6y\'\x06\xe5\x8c\xa18\x95\xcc\xa6%\xf2\xea!Bb\xcb\x18\x92\xa6\x04\xca(\x12\x97(e\x0e\xb3\\\xc3\x08\xdb#\xbd\xc4%T\xd7\x98\xd1cZ1\x9cNnR\x88\xdf\x93\x15T\x1e\xa2&lt;\x9em\x7f\x08\x94\xec;\x19a!\xee\'s\x0e\xb9\x91\x05[\xe0\x84\x08g\xb8\xccT\xbbk\xc4\xc1\x88J\n\xc2\xf2|\xcdi03G}\xc2_\xc8\xb5\x07\x0eK\xad\xb1\x02\x97\x01L\xb0\x06\x11\xf5\x94\xf6?&amp;\x1e\xe0\x9a\x07\x1b\x88\xc7\x80\xdbl\xca\xa5\xb8m2v\xc1\x16f\xd8~O\xc9\x1c\x1f3uT\xbcS\x88f\x19X&lt;\xb0c!\xcc(\x0eZ\xe5^*,\n\\\xe8TR\xa1\xb3_\xccf1\x83\xa2Z\x9c\xf0Q\xccP\x82\xb4Z\x86\xe4q\r{\x84\x15L\xdbV\xc5-\x8d\xbb\xfe\xb15h\xc9\x80\xf9\x8b\x19)\x92\xe3`P@L\\a\\7{\x88\xe6P\x0b\x7fh\xc8\xbdZ0\x99\x01\xab\xc5\xac\x8e\x80\xcb\x1f\xa9|\xf0\x81\xad\x1c\x84\x10#\x19\x06\xef\xcc\xa0k+\x13-?\x042\x9eW\xc5c\xe3\x1d\x08Z6&lt;\x16T\xa1\xc0\\\x06/\x12\xc4Q\xd4\x98U\xa1\xf7\x05\xe6\x0b\xcc8\xcb\xb8O0\x9a\xcc\x0e\xe1\xe37;\x11{\x8b\xcc\xe0\xb8|\xb0X$ \xca%\x94\xa8\xdd\xd4K\xc6`u\x15\xc1\x13\x0cu\x01:\x99\x10\xecF\r\x91\x15\x0c\xe5\x16\x99"\xbcTV&lt;Lx\xdcY\xccW\xcc\xaf\x89_\x11\xad\xe2\x16j\xe6M0f\xc9h\x03\x98W\xcc$\xb9\xbf\xe1U\\\xc2\xa6cg\x7f\xc0\xab)\xb8Z\xb3\x0b1\x1a\x97gR\xd3\xf8\xd2\x0e\'\x13L\x0c\x7f\x92\xa0d\x81\nb\x0f3\x82P#\xa9\xd3\xa8|%\xc3p\xca]\x99\xfe\x1cg\x06R\xae\xf3\x04\xdcF%\xc6\xa6*Qz\x94\xea\x07\xac\xca\xf5\x02J ,%\x03\x00\x08o\xc4\x0b\x89*\xf9\x94\x1a\x88\xa9_Q0\xcb\xe2&lt;\xb6x\x80\xea_\xc2\x01\x81\x1a\x98\x02^"\x9cw\x1b\x070oqm\x96\xa1\x12\xe8\x96\x8f\x89w(%\x9e\xe3O1ie\x1a\xfe\x1d\xa6:\xb8\xe1\x88\xc4\x08\xebx\xad\xf1\x1c\x82,a\xdb\xa9\x8a\xf8\x84\xac\xa2\xa0\x8bEq\x00J&gt;\x12\x83\xba\xda\xc6\x83+m\xc4\xb9X\xc2\x98\x8f\xe2V\xa8\x95\x8a\x8f\x86,\x85\x9d\xd1m\x95\xe8\xc3\xcdq\x10\x1a9b\x80\x1e\xd4\xc7uM\x83C\x06\xdff\x07\x84\x1a(\x99\'\xde\x1c\xab\r\x04\xdd\xc3j\x042\x0c]\xa0U\x97, \x01l+\x9fS$\xe0\xbb\'\xa9U\x00\xdb\xff\x00\x84=C\xba\x98&gt;\xe2~\x80\x10\x17\xda*\x90\x9a\x1e!\xb9r\xf5\x03\x0c\xba\x94V\xf8 \xa5\x1b\x07\x82\xbcA\xd7u\xa0#\xf8SAI\xcc\xbd\xb4Joa\x10F\xb9\xc3^W\x99q\xe6\xbb\x93\xd71n\x8c\xa5\xb0\xfa\xea\x0cw\\\xa8\xf08\x86Wau~&amp;q\r\xb9&gt;\x90\xfb \xe451o\xa4\xa11A\xe8\xf1)\xc3]\x98\xaa\x88]\x8byM\\\xdam\xa9G\x00\xe4\xe1c\x81\xe6\x9a\xeb\xe6\x02\xe4\xc3a}\xf1,\xc3\xb7\xb3\x14x\xde\xc7\x94\x88\x06\xd2\xc9\x9a\x8de[[\xb6&amp;r\x02\xb0\xaf\x1d\xc2\x07k\x86\x9b\x94TKi\xbfr\x81\xceY&amp;$\xf3JS\xeancG\xbfR\x87\x96\x87C\xf2\x81r\xa0B\xbe\xe9GG&gt;e}\x07\xe6;\x8f\xdc\xd4~P\xd3\x94\x06\x05\xe6\x0f\x94\xb7\x98=\xcb\xb9\x96\xd6g\x96e\xdc^\xf1)\xe6d\xddA\xad\xc0y\x88\x83u\x05u\xfc\x0bD\xc7\xe3\x12\xee\x03\xa9\xc1Dq\x1d\xc4\x0e1\x18\x87\xd5\xc45\x13\xe2r\x08\xd7\x88\xab\x8a&amp;\xa6[%.*&lt;\xb1\xa6`\x95\xe1\x9e\xf1D\xf2\xc0\xa9\xb8\xc1\x968\xf9\x87_\xe0y\xc2\x05\x85\xe1\x896\xdc\xbcK\xf3\x04\x96UA\x18\xb36\x83\x164\x1e\xe1\x89V\xdc\n\xe6^w\x7f\xc0\xe2`\xc3\x15\xa82[\xa9\x95k\x13\xe3\x07\xe7\xf8S\xb9\xb7\xf72e\xd4\xb6\xa1\x81\x88\xee\x08\xba\xa9\xb7\x89EC#\x02\xe6\xb58\xf3\xfcZVcs\x8c\xe6\x06`\xbb\x95\xa1\x95\xa2\x18\xd7\xcc\xd0\x8d8\x8d\xb4$\xb5\xe2W\x04\xbf\x89\x85\xe6&lt;\x92\x8a\xc9\x1a\xd6\xe5\x8f\x11\xdb\x17\xd4\xa1\xf1/\x96\x98#&lt;\xb1c\x8cxEn\x1c\xca\xd1\x0e\xa6b\x05z\x99\x06\x05\x11\x929\xd6U\x84\xdbB~\xa3\xcc\xa8nTG\x96\xb30\xcd\\L\x16{\xcb\x14\xd86%M\x16\x17r\n\x9c\xf8 |&amp;u\x18\xc2\xe6\xde\x08\xe7\x12oh\xe1J\x8dw\x0e\xdeM\x16K\xa5\x14\x1a\n\xb8)\xab\xac\x9fp\x92\x03\xec\xca\x12\x85\x0b)\x8cp\xb1\xb1\xc1op\xd5\x8bj\xcc\x1e\xe6\xfc\xddM\x1fp\xb9,X\x1a\x8a\x158\xec\x94u\x10\xd1^\xe53\x1ep\x8a\xef\xa8\xfd4\xf2\xdc\xab\xf7.\xb2\x9a\x0f\xe1\x1dCD\xca\xb6\xf2\x10\xc9\xd0\xad\xec\xaf\xea]O\xcd\xf02\xa5V\xc7\x0b\x874\xdbG\xe4\xcd\xba\xa5\xdax\x8c\x86\xdaa\xd6\xf79b\x00\x01W\xf6\xef\x86|\xcd\xcb\xd7Y}\xcc\x06w\xd1r\xbb\x9f\x8eOLF\x9dPd~b\xda\xaa\xb4\xea\xe7:\xac\xb4\xfc!\xaf*\r&amp;#\x83.!\xe6\xe5\x03r\xc5+\x1e\xe1\xf0l\xa5hzX\xf3dpR?1\xa1 \xa8T_\xc4\x7f\x99\x14d\xc3\x90\xd0\xe4\x1f\xa9I\xbc\xaa5\x99\x88\xadb\xd1\xea\x00\x83\x00N\xde!\xf0\xcch\x0b\x1dB@4X\xe0\xf2L\xc8\xc7\xa2\xfe!_\x8c]\x15\x18\xc9\xc9M\x08.Z\xd4%?\x11,\xdbT\x01m\xfb\x83\xdb7\x91*%lV\t\x17\x87+\xb8\xe5a\xb7\x94a\x83\xe5Y\\%\xf9u*J|\x88\x11Mgr\x9e\x92\xfc\xca\xda~\xe2\x98\x1fsA\xf9D\x18\x8f/\xe6\x0e-\x85\xbb\xfe\x00\x0e\xe5\xbc\xd4\xf2@\xee\xe7\x92SY\xc4A\xdb&lt;\xb3\xcb-\xe6m\x18wEs\x06\x836K\xa2\xd1\xb4\xa7Q5\xfd\xc4qQ\\EpC\xac\x08=J\x8c\x11-\x11\x1e\x18\xe9\x97\x028\xfb\x8f8@\x1b\x96*\xbe`\xa1i\xf2L\xb8\x98@j\x02\xe5&amp;\xe0\xf9\xb8i\x98m\xd4\xb1\x99\xac\x1c\xb4\xd2\x0f\xb8a0wp2\x95)\x88\x08\x03\x13\xda\x00\xdf\xdc\x03y\x88\x89\x8d7\xf137l1eH\xe1\x89\x84\xfa\x13&gt;a\x84\xb2\xe0\xda\xe6\xa7\xb6\xff\x00\x8c\xcb\x83\x1e\xff\x00\x95\xd2L\xb9\x8f\t\x8f\xf0h\xef\xe2\x0f\x96\r\xees\xb8\xb4A\xfb\x8bSM\xc0\x99u\x00\xd4\xc7\xb8h,S\xba\xf72\xbb\xcc\xb0\xde\xa3Y\x92f\x13,O\x88\xa8\x8b\x8c@56F\xf1\xc4#\x0f\xf0\x14G\xa6=Au4nb\x97b\xb32\x13\x13LDn{x\xaf\x10\x85\x16\xd5\xaf\x98\x16\x9d\xf6\x80\x9b\xb0lDm\xc1El\xdf\xb9\x8a\x8d\x1a\xb5b\xf8\xa6n\xac\x08\xf5e0iQ\x96%\xb8^\xa3\xd79T\x9fh"\xdbCd\x97v\x81\r\xfe\xd6y\xdew\xeb\xb9\x8c\xb5\xbe\x1c\xfa\x86\xef&amp;\xca\xa2\xfdN[\x0c\x06\x8a\xea\xa64\x02\xd7\x17\xea%\xb8\x7fx\xf3\x15\xe8\xaaA\xa1\x82\xa8HwW\xa25\xb9,\x1d\xc2\xc2\xd9PS\xea\\\xccl\xeb\xe2\r\xb6\xb6\xd7G\xdc\x8c+m\xf8\xf1*A0\x19^\xa1\x80\x8b\xe8}K\x88\xaf\x06\xb1f\x9d*\x95\x9e\x94\xab\xf4\xb0\xa5\xc1\xbc\x042\xfb\xf1\x1e\xd8\xc3\x90\x0f\xb9x\xc5\x81\x81\xee&lt;d\xa3\n\x01\xc1s\x12\x13\xde0\x180\x03W\xeb\xcchN\x01m\xd2f\x84\xed\xac\xcf\xf1\x14\xf9;j\xe6\xd1\xed*\xe1%\xfa\xa6\xda\x8d\xed\x85\x14\x0ct\xcai\xb6/\xc2\xff\x00S\r\xae\x96\x86p\x8a\xde\x0c\x99&gt;a\x01\x95\xd8\xac~\x88\x83J\xf9\xef4\xe62\x03x\xba\xe5%^\x9b\x15W\xd4u\xac\xdf\x0e\xfd\x10o\x90\xab)\x146\xe7%]f5P\x01\xbdg\xcfr\xef!\xa3\x8e\xfcF\xd9\x83[\x8fo\x12\xbb\x1b\x8f\xf6%c\xedL\x84\xf33cp1c\x03m-\x06\x8eG\x8a\xa8\xab\xc0\x9e/,7Zx\xd4\xcd\xa8Nx\xf5\x03e\xc2\xb0\xb8\x83S\xcdf8`\xbbR\xb7\x15\xca\xe2Q\xb7\xc3\x10\xa5\t\xc2\xb7\x04\x10\xe7\xcc`\xc5\x84\x14&gt;\xe6\xa3?q\xe8\xd0Ib.b\x98\xb3\x9f\xe2\x07p\xdeg\r\x92\xcef\x1d\xc0y\xa9\x82\xc6&gt;3\x07\xdcn\xe5\x93\xb1\x19\xcf\xf0\x82A&lt;\xcc\xb5\x18\xad\xc9+\xd4l\xea&gt;1\xb4\x07Qh\xb1\xa8\xa7\x11\xdc\x13\xadP:\x94\xc2\xfab\x89O\x10Zg\xb3\x155r\xf4ri+\xc9_\xc3{\'%,\xd2@\xde\xff\x00\x8e\x92\x9e\'\x02&lt;\'\xbcV\xeea\xdcd\xc3r\xcb\x0eS\x873\x08W\x99\x84m\xe2o\x88\x14\x95\x9e\xf3HX\x9bM\xb7\x0f(0s,\xee\rs\x0c\xa3K\xfe\x16K\x9f\x7f\xe3f"x\xb9\xca4 \x96)\x97[j8\xc4\xbf\x18\x8b\x9b\xd1,\xbf\x1d\xcc\xae\xbf\x8b\x94\xa7\x98\xfc\x98\xbf\tq\x80\xb9^73\xcb%1&amp;\xe2YVn\xe1h\xc2*Kf\r\xc1\x0c\x19\x993\x89\x86Y\x99\xda\x96\x0c\xc5\x1dJc\x10\xd3\xe1\x83\x1b*\xad\x99\x81+T\\\xfcL\xe3N\x06\xe6\xa261\xb4q\x1a\x86\x1b\xbb~\xe2GCL}\'\x14\x9ci\x80\x11\xd8h\xd9\xeb1\xb612\x05_\xa8N%Y`bU\xa3k\x01\xf3\x00\x941\x93S0\xe9Q8&lt;\xb1\xa8\x19T-\xfc\xc7L\xf5m(\x0ecE ]\t\x8f\xec\x13@\xff\x00`b\x86\xff\x00\xb8\x97\x8d\x15f\xdcL95F\xfcL \x088Z\xee\x03]\x1c\x9b\xf4K1\xd3\x93X|\xf7\x0c\xa8\xf9\x0fo\x11\x01lM\xb6\xc5\x9c9\xb4\xa5\xe6:\x83.\xda3\x1e\x81B\xf4\x0f\x1eX\xcd\xcdh\x9f\xe9\x1e\xd3HX\xfb\x85\x01{\r\xab\xb6!\xd3\x96\x17\xad\\d\xbeq\x99\x8c\xea\x13\x07O\xbcG\xb1&amp;\xedc\xd5\xb0\x11\xafl\x1f\xb2d0\x1bS!\xd4\x04V\xd8\xb5\xaf\x1fR\x8118\x07\xc3\x1d\xc8\xf7\x81\x8fN\xcc\x01\xa3\xf7\x04\x80(\x15-^5\x9c\xc0M\xc8\x02\xa9\xe2.\x88w\xb4\xbf?\xe4^l\xef\x0c\xd7\x14\x7fl\xb9\xc3\xb2v\xfc\xc5\rF\xcbM!\xc9\xbc\xfb\x8c\xd2\xcd\x15\xf48\x96.\xbb\x12\x0b\xc6\xab\xc2\xcf\x8f\x11Qg\x1c\x9c\xacuIm\x19\xad\xf2\xc5`QT\x9f\xfd\x9b\x98\xed\xe7\xff\x000yV\x00o\xfeP\x82\x05\xda\x98a\xa3f\xd1k,D:\x98\x99|@9\x1b\xfc\xc2\xab\x7ft9,q\xc6\x0f,\x0eK\xc4w\x05\x1c\x110\x18\n\xc8c\xd4\xa8l\x1d\xe6\x0f\x1f\x90\xcbFSC\x89\xc7\x9f\x98\x91\xab\xb8\xf0\xc6\xdc\xa7?\xcb\r\xe4y\x94\xd4\'\xcc?\x91\x02\x16\xc8\xac\xafE\xc1\xca?r\x8f\x1f\xb8\xca\xa3\xf7?\xf7\x91\x81\x08\x87\x7f\xea\x0cy\xe7\x9eq_\xe6\x7f\xc9\x96s\x89\xef&lt;\xff\x00\x99\xe6\x9eZ\x98\xcc\xc4\xee\'\x7f\xc2\x1d\xb3\xb5\x15\xccG0n`\xde`\xd2\x9f\x12\xcf\xe0\xf6\x8cy\x91\xf0\x89x\xfcE6O!\x14\xab"\xf8\x08\xae\x0f\xe0\x98jp\t\x9a%\xa6\x1c\x0c_\x0b\x1eC4\xd7\x07\x13\x01f\x01\xdb\x826\xe6\xda\x85\x19\xb8$\xf3N\xd4\x03\xc9\x01xe\xf9\x97\x8be\xcb\xd6\xe6H\'r\xfc\xcb\xa6m-p\x92\x11Gs\xde\x18\xc3+\xdcT)\xe7\xf9\t\ny\x82a\x83\x8a\x8d\xe58\x95\xbf\x10\x12\xa9\x8ex\x8d\x0f\xee=\xd1K\x1b\x91\xb9\t\xda\xcb\xdcF\xd7q\xa0\xcc&lt;\x7f\x01w\x03\xb9\xe7\x99\xb7,\xc4Gf"U\xe4\x89\xdcPt\x8e\x95Q\x84\xc4\xc1"\x9d,\xc0)\xf11g\xe8\x981,\xb9a\x98i\xe0\x0bq.(\xb9._ \xed\x17?s}K\x00]\xe1\x8f\xb8\xac\xccx1_2\x9a\x90)q\xc3w\xc9\x0c\x13\xe6\xb7\xe2,&gt;\x1bx=\xc6p\xdf\xa4\x0f\xce\xe66t\xb5\xd7\xd1\x98\x08\x9d\x8d\xb5P\x1ai\xa2(j,/r\x04\xf4K\xf0\xc5\xd0\xd5A\x8a\x05\xbd\x97|0\xce\xd9++\x065\xbd8\x7fq\x91\xeb\x93\x83\xae\xe3\x0c\x17\xc5)\xcfs\x04\x89\xc60\x7f\xdd\xc5U\x89\x96\xd4\xf9b\xfd\x80\x01\xfdy\x98c2\xfcn\xf1U\xe66\x0c-~\x01\xc3\rw\x02\xc5\x9ej\xb10&lt;\x85e\xbe\xca\xb86}X\xa2tO2\xd2\x11uy\xf2$ +\xb4n\xad\xebU\x0b\xaa9c3\xe2\x12J\x96\xf0\r5\x9e\xe3\x1a\xbd\xc0\x1e\x1d\xac\x01\xec\xc7\xee\t\x8aP\xceK\xadc\x10\x1b\x04\x91R\xfc\x98\xa8\x15\'\xb0O\xe4\xc1^!\xb6iXb\xff\x00\x93a\x16\x16\x8fss\xb0\xd8\x99\x0f}D7Ib\xdf\xb7qC:\xfe\xde\xe0\x02zF\xfe}1F\xeb#@\xb8\x95&amp;h9\x07\x96P\xc5\xee\xca\xf4$\xc2*\x8b|\xef\x0e\x08\xa8\xb6\x9a\xcf\xc3o\xd4\xa5\xbe9\x07C\xaa \xd2\xad\xd50\xfb\xe6\x1a\x10*\x15\x0c\xf3r\xa1\xc3|~"\xd0\n\xd0G\x87\x98\xd1\x8d\x16\xa4\xae\xef\xfc\x81@6\xaf1\xed\xbb\x8a\xde\xcc\xc2#\xa3_\x966\x90&amp;\xc1\xe1S?\x942\x9b\xa7\xb8\xddQ\xc1~\xc6&amp;D&amp;\x98\x8a\x80(=L\xe2[\xee\x00\xf6&amp;V;o\x98\xccV%-\x99D\xa0\x07C2N\\e\xf7\x00S\x10\xde\xfb\xa9\xcb\xdc\xe5\x8e\x82`0\x01\xcc\xa4\x96x`J6g0\x11\x17\xcc\x1e\x04\xf7\x0ex\xeb\x92&gt;\xcb}B,\xbfR\xb0\xacmZJ&gt;ipS\x16e\xc4\x05\xb9X\xceb\xe5\x1b\xb5+\xed1\x96\x87rRs(m,nS2\x8ew\xc4\xc0\xcb;\x11K2\xb6\xe3\xf7\x16\xf7+\x19\x9d\x84\xc3\xcav#\x8d\xc1\xde\xe0\xabp]\xcbe\xb0\x80.e\x12\x87\x88\x8a\xd4\xa7Q\x1d@J:\x81Z\x81\xb6#\x9b\x04\xb9\xa3QgI\xd4\x9d4\xe9gC\x17\xd3:y\xd4\xcc\x9c \x87\x10\x07\x12\xb1\x05\xc4\xa5\xb8\xf1\x96\xad\xc1\xd5\xdc*\xdc\xc4\xe6Z\xdcUn\x0b\xb8\x97\xb8\xaa\xdc\x17r\xdd\xcbq-\xdc\x13\xcc\xb7|En\n\xd4V\xcc\xcb\xa5\x8as\x15\xee+\x11\\\x1cE\xe6\n\x8c\xc1\x0b&lt;\xc4\xcbB\xe5\xdb\x03\x0cIu\x1a\xb7\x1b\xdc3\n\xae*\xb8\x9d\xc1s+9\x9d\xa8\x9bE\x17\x99\x9c\xd1d\xa3\xb2\nj0\xd4\xa3\xa4\x1f\x08\xd7"\x03\x84\xb1\xa8\x16b!\x9cC\x88\xdac_&lt;F\xb4\x1b\xe6,\x90*\xb8H\xddv\xb0\xe8\x89K\xdc6\xb2\xe9\xe2R\xf44Gsl\x9dJ\xc52\x03\xc4\xab`\x8b\n\xadg\x8e\xa5q\xb1\xcecEcK\xeebY\x95[[\xea4\xd7\x97M\xb0\xcb\x9a\x8e\x98\xf5\x0c\x94\xb6\xda\xcb\x89\x84*\xb2\x08\x86\x92\xadq]DT\xa0\xaa\xc1\x0e\xc2\xdd\xb8\x86\x14Q\x96\xb3\xa8\xb5\xc1\x92\xef\xccM\xc0e\xa3\x11I,P{\t\x8bcty\xfe\xa1d\xdb%\x97\xfb\x82$6\xc6R\x196\x9eM\xc6d-V\xcaz\xb8TX\x83\x9c\xa5\xf7\x19\x15\x8a\x0b\xd8\xc1\xd4!\xa5\x10\x82y\x0f\xb5@Z\x8a\xc7\xfe\xc4W[\x0b\x16\xd5\xc4\x15j\x8e\x15\x99\\\x01\x99\x92\x85\xc6\xa0\x96F\x80\xc6:\xc4x;m\x0b\xcbQJ\xadr\xbf\x0c\x14\xf7\x97\x8573\xe3"v\xae\xe6n,\x86\xed\x06\x9b\xdc"\x06\x080\xe0\xca\xa7\x82\xd5\xb6|A\xe6\x80\x1bOr\xd1\x1b\\\xe5\xc7L[\xaa\x16t\xa7G\x10H\x1a=\x97\x04\xc4\x0b\x07q\xa0\x1bn{\x89Wv\x867\xa8P#=\xa1`\xa0\xb4\xba\xcd\xcevjnb\x02\x86\xbc\xd4\xab!\xc1}\xc4\xc2\xb5\xa1W\xf3\xb8\xabM\x83+.\x7f\xff\xd9'}, allow_redirects=True, timeout=None
headers={'User-Agent': 'python-requests/2.23.0', 'Accept-Encoding': 'gzip, deflate', 'Accept': '*/*', 'Connection': 'keep-alive', 'user_id': '5f1744fc42f1f60016038846'} 
data=None 
json=None</msg>
<msg timestamp="20200725 12:02:37.547" level="INFO">${resp} = &lt;Response [200]&gt;</msg>
<status status="PASS" starttime="20200725 12:02:36.994" endtime="20200725 12:02:37.547"></status>
</kw>
<kw name="Status Should Be" library="RequestsLibrary">
<doc>Fails if response status code is different than the expected.</doc>
<arguments>
<arg>200</arg>
<arg>${resp}</arg>
</arguments>
<status status="PASS" starttime="20200725 12:02:37.547" endtime="20200725 12:02:37.548"></status>
</kw>
<status status="PASS" starttime="20200725 12:02:36.838" endtime="20200725 12:02:37.548"></status>
</kw>
<kw name="Quando o cliente solicita o preparo desse prato">
<msg timestamp="20200725 12:02:37.553" level="FAIL">No keyword with name 'Quando o cliente solicita o preparo desse prato' found.</msg>
<status status="FAIL" starttime="20200725 12:02:37.552" endtime="20200725 12:02:37.553"></status>
</kw>
<kw name="Close Session" library="base" type="teardown">
<kw name="Capture Page Screenshot" library="SeleniumLibrary">
<doc>Takes a screenshot of the current page and embeds it into a log file.</doc>
<msg timestamp="20200725 12:02:37.802" level="INFO" html="yes">&lt;/td&gt;&lt;/tr&gt;&lt;tr&gt;&lt;td colspan="3"&gt;&lt;a href="selenium-screenshot-10.png"&gt;&lt;img src="selenium-screenshot-10.png" width="800px"&gt;&lt;/a&gt;</msg>
<status status="PASS" starttime="20200725 12:02:37.554" endtime="20200725 12:02:37.802"></status>
</kw>
<kw name="Close Browser" library="SeleniumLibrary">
<doc>Closes the current browser.</doc>
<status status="PASS" starttime="20200725 12:02:37.802" endtime="20200725 12:02:39.974"></status>
</kw>
<status status="PASS" starttime="20200725 12:02:37.554" endtime="20200725 12:02:39.975"></status>
</kw>
<status status="FAIL" starttime="20200725 12:02:32.134" endtime="20200725 12:02:39.975" critical="yes">No keyword with name 'Quando o cliente solicita o preparo desse prato' found.</status>
</test>
<doc>Receber pedidos
Sendo um cozinheiro que possui produtos no dashboard
Quero receber solicitação de pedidos de preparo dos meus produtos
Para que eu posso enviá-los aos meus clientes</doc>
<status status="FAIL" starttime="20200725 12:02:31.771" endtime="20200725 12:02:39.978"></status>
</suite>
<statistics>
<total>
<stat pass="0" fail="1">Critical Tests</stat>
<stat pass="0" fail="1">All Tests</stat>
</total>
<tag>
</tag>
<suite>
<stat pass="0" fail="1" id="s1" name="Receber-Pedidos">Receber-Pedidos</stat>
</suite>
</statistics>
<errors>
</errors>
</robot>
